[2024-02-03T18:41:24.786+0000] {manager.py:469} INFO - Processing files using up to 1 processes at a time 
[2024-02-03T18:41:24.789+0000] {manager.py:470} INFO - Process each file at most once every 30 seconds
[2024-02-03T18:41:24.791+0000] {manager.py:471} INFO - Checking for new files in /opt/airflow/dags every 300 seconds
[2024-02-03T18:41:24.794+0000] {manager.py:738} INFO - Searching for files in /opt/airflow/dags
[2024-02-03T18:41:24.800+0000] {manager.py:741} INFO - There are 0 files in /opt/airflow/dags
[2024-02-03T18:43:44.268+0000] {manager.py:469} INFO - Processing files using up to 1 processes at a time 
[2024-02-03T18:43:44.270+0000] {manager.py:470} INFO - Process each file at most once every 30 seconds
[2024-02-03T18:43:44.271+0000] {manager.py:471} INFO - Checking for new files in /opt/airflow/dags every 300 seconds
[2024-02-03T18:43:44.271+0000] {manager.py:738} INFO - Searching for files in /opt/airflow/dags
[2024-02-03T18:43:44.273+0000] {manager.py:741} INFO - There are 0 files in /opt/airflow/dags
[2024-02-03T18:48:44.299+0000] {manager.py:738} INFO - Searching for files in /opt/airflow/dags
[2024-02-03T18:48:44.329+0000] {manager.py:741} INFO - There are 0 files in /opt/airflow/dags
[2024-02-03T18:53:44.672+0000] {manager.py:738} INFO - Searching for files in /opt/airflow/dags
[2024-02-03T18:53:44.709+0000] {manager.py:741} INFO - There are 1 files in /opt/airflow/dags
[2024-02-03T18:53:52.554+0000] {manager.py:879} INFO - 
================================================================================
DAG File Processing Stats

File Path                       PID    Runtime      # DAGs    # Errors  Last Runtime    Last Run
------------------------------  -----  ---------  --------  ----------  --------------  -------------------
/opt/airflow/dags/first_dag.py                           1           0  0.81s           2024-02-03T18:53:45
================================================================================
[2024-02-03T18:54:23.293+0000] {manager.py:879} INFO - 
================================================================================
DAG File Processing Stats

File Path                       PID    Runtime      # DAGs    # Errors  Last Runtime    Last Run
------------------------------  -----  ---------  --------  ----------  --------------  -------------------
/opt/airflow/dags/first_dag.py                           1           0  0.51s           2024-02-03T18:54:17
================================================================================
[2024-02-03T18:54:59.900+0000] {manager.py:879} INFO - 
================================================================================
DAG File Processing Stats

File Path                       PID    Runtime      # DAGs    # Errors  Last Runtime    Last Run
------------------------------  -----  ---------  --------  ----------  --------------  -------------------
/opt/airflow/dags/first_dag.py                           1           0  0.41s           2024-02-03T18:54:52
================================================================================
[2024-02-03T18:55:30.135+0000] {manager.py:879} INFO - 
================================================================================
DAG File Processing Stats

File Path                       PID    Runtime      # DAGs    # Errors  Last Runtime    Last Run
------------------------------  -----  ---------  --------  ----------  --------------  -------------------
/opt/airflow/dags/first_dag.py                           1           0  0.61s           2024-02-03T18:55:23
================================================================================
[2024-02-03T18:56:00.219+0000] {manager.py:879} INFO - 
================================================================================
DAG File Processing Stats

File Path                       PID    Runtime      # DAGs    # Errors  Last Runtime    Last Run
------------------------------  -----  ---------  --------  ----------  --------------  -------------------
/opt/airflow/dags/first_dag.py                           1           0  0.41s           2024-02-03T18:55:55
================================================================================
[2024-02-03T19:05:27.614+0000] {manager.py:469} INFO - Processing files using up to 1 processes at a time 
[2024-02-03T19:05:27.615+0000] {manager.py:470} INFO - Process each file at most once every 30 seconds
[2024-02-03T19:05:27.617+0000] {manager.py:471} INFO - Checking for new files in /opt/airflow/dags every 300 seconds
[2024-02-03T19:05:27.619+0000] {manager.py:738} INFO - Searching for files in /opt/airflow/dags
[2024-02-03T19:05:27.722+0000] {manager.py:741} INFO - There are 1 files in /opt/airflow/dags
[2024-02-03T19:05:29.136+0000] {manager.py:879} INFO - 
================================================================================
DAG File Processing Stats

File Path                       PID    Runtime      # DAGs    # Errors  Last Runtime    Last Run
------------------------------  -----  ---------  --------  ----------  --------------  -------------------
/opt/airflow/dags/first_dag.py                           1           0  1.01s           2024-02-03T19:05:29
================================================================================
[2024-02-03T19:06:00.037+0000] {manager.py:879} INFO - 
================================================================================
DAG File Processing Stats

File Path                       PID    Runtime      # DAGs    # Errors  Last Runtime    Last Run
------------------------------  -----  ---------  --------  ----------  --------------  -------------------
/opt/airflow/dags/first_dag.py                           1           0  0.61s           2024-02-03T19:06:00
================================================================================
[2024-02-04T08:39:58.263+0000] {manager.py:469} INFO - Processing files using up to 1 processes at a time 
[2024-02-04T08:39:58.265+0000] {manager.py:470} INFO - Process each file at most once every 30 seconds
[2024-02-04T08:39:58.266+0000] {manager.py:471} INFO - Checking for new files in /opt/airflow/dags every 300 seconds
[2024-02-04T08:39:58.267+0000] {manager.py:738} INFO - Searching for files in /opt/airflow/dags
[2024-02-04T08:39:58.336+0000] {manager.py:741} INFO - There are 1 files in /opt/airflow/dags
[2024-02-04T08:39:58.779+0000] {manager.py:879} INFO - 
================================================================================
DAG File Processing Stats

File Path                       PID    Runtime      # DAGs    # Errors  Last Runtime    Last Run
------------------------------  -----  ---------  --------  ----------  --------------  -------------------
/opt/airflow/dags/first_dag.py                           1           0  0.31s           2024-02-04T08:39:58
================================================================================
[2024-02-04T08:40:30.421+0000] {manager.py:879} INFO - 
================================================================================
DAG File Processing Stats

File Path                       PID    Runtime      # DAGs    # Errors  Last Runtime    Last Run
------------------------------  -----  ---------  --------  ----------  --------------  -------------------
/opt/airflow/dags/first_dag.py                           1           0  0.31s           2024-02-04T08:40:30
================================================================================
[2024-02-04T08:41:00.883+0000] {manager.py:879} INFO - 
================================================================================
DAG File Processing Stats

File Path                       PID    Runtime      # DAGs    # Errors  Last Runtime    Last Run
------------------------------  -----  ---------  --------  ----------  --------------  -------------------
/opt/airflow/dags/first_dag.py                           1           0  0.41s           2024-02-04T08:41:00
================================================================================
[2024-02-04T08:41:31.756+0000] {manager.py:879} INFO - 
================================================================================
DAG File Processing Stats

File Path                       PID    Runtime      # DAGs    # Errors  Last Runtime    Last Run
------------------------------  -----  ---------  --------  ----------  --------------  -------------------
/opt/airflow/dags/first_dag.py                           1           0  0.41s           2024-02-04T08:41:31
================================================================================
[2024-02-04T08:42:02.746+0000] {manager.py:879} INFO - 
================================================================================
DAG File Processing Stats

File Path                       PID    Runtime      # DAGs    # Errors  Last Runtime    Last Run
------------------------------  -----  ---------  --------  ----------  --------------  -------------------
/opt/airflow/dags/first_dag.py                           1           0  0.30s           2024-02-04T08:42:02
================================================================================
[2024-02-04T08:42:33.493+0000] {manager.py:879} INFO - 
================================================================================
DAG File Processing Stats

File Path                       PID    Runtime      # DAGs    # Errors  Last Runtime    Last Run
------------------------------  -----  ---------  --------  ----------  --------------  -------------------
/opt/airflow/dags/first_dag.py                           1           0  0.31s           2024-02-04T08:42:33
================================================================================
[2024-02-04T08:43:05.682+0000] {manager.py:879} INFO - 
================================================================================
DAG File Processing Stats

File Path                       PID    Runtime      # DAGs    # Errors  Last Runtime    Last Run
------------------------------  -----  ---------  --------  ----------  --------------  -------------------
/opt/airflow/dags/first_dag.py                           1           0  0.31s           2024-02-04T08:43:05
================================================================================
[2024-02-04T08:43:37.114+0000] {manager.py:879} INFO - 
================================================================================
DAG File Processing Stats

File Path                       PID    Runtime      # DAGs    # Errors  Last Runtime    Last Run
------------------------------  -----  ---------  --------  ----------  --------------  -------------------
/opt/airflow/dags/first_dag.py                           1           0  0.41s           2024-02-04T08:43:37
================================================================================
[2024-02-04T08:44:07.497+0000] {manager.py:879} INFO - 
================================================================================
DAG File Processing Stats

File Path                       PID    Runtime      # DAGs    # Errors  Last Runtime    Last Run
------------------------------  -----  ---------  --------  ----------  --------------  -------------------
/opt/airflow/dags/first_dag.py                           1           0  0.30s           2024-02-04T08:44:07
================================================================================
[2024-02-04T08:44:37.998+0000] {manager.py:879} INFO - 
================================================================================
DAG File Processing Stats

File Path                       PID    Runtime      # DAGs    # Errors  Last Runtime    Last Run
------------------------------  -----  ---------  --------  ----------  --------------  -------------------
/opt/airflow/dags/first_dag.py                           1           0  0.41s           2024-02-04T08:44:37
================================================================================
[2024-03-08T10:20:19.850+0000] {manager.py:469} INFO - Processing files using up to 1 processes at a time 
[2024-03-08T10:20:19.852+0000] {manager.py:470} INFO - Process each file at most once every 30 seconds
[2024-03-08T10:20:19.852+0000] {manager.py:471} INFO - Checking for new files in /opt/airflow/dags every 300 seconds
[2024-03-08T10:20:19.853+0000] {manager.py:738} INFO - Searching for files in /opt/airflow/dags
[2024-03-08T10:20:19.907+0000] {manager.py:741} INFO - There are 1 files in /opt/airflow/dags
[2024-03-08T10:20:20.429+0000] {manager.py:879} INFO - 
================================================================================
DAG File Processing Stats

File Path                       PID    Runtime      # DAGs    # Errors  Last Runtime    Last Run
------------------------------  -----  ---------  --------  ----------  --------------  -------------------
/opt/airflow/dags/first_dag.py                           1           0  0.31s           2024-03-08T10:20:20
================================================================================
[2024-03-08T10:20:51.042+0000] {manager.py:879} INFO - 
================================================================================
DAG File Processing Stats

File Path                       PID    Runtime      # DAGs    # Errors  Last Runtime    Last Run
------------------------------  -----  ---------  --------  ----------  --------------  -------------------
/opt/airflow/dags/first_dag.py                           1           0  0.51s           2024-03-08T10:20:51
================================================================================
[2024-03-08T10:21:22.256+0000] {manager.py:879} INFO - 
================================================================================
DAG File Processing Stats

File Path                       PID    Runtime      # DAGs    # Errors  Last Runtime    Last Run
------------------------------  -----  ---------  --------  ----------  --------------  -------------------
/opt/airflow/dags/first_dag.py                           1           0  0.52s           2024-03-08T10:21:22
================================================================================
[2024-03-08T10:21:53.810+0000] {manager.py:879} INFO - 
================================================================================
DAG File Processing Stats

File Path                       PID    Runtime      # DAGs    # Errors  Last Runtime    Last Run
------------------------------  -----  ---------  --------  ----------  --------------  -------------------
/opt/airflow/dags/first_dag.py                           1           0  0.86s           2024-03-08T10:21:53
================================================================================
[2024-03-08T10:22:25.120+0000] {manager.py:879} INFO - 
================================================================================
DAG File Processing Stats

File Path                       PID    Runtime      # DAGs    # Errors  Last Runtime    Last Run
------------------------------  -----  ---------  --------  ----------  --------------  -------------------
/opt/airflow/dags/first_dag.py                           1           0  0.41s           2024-03-08T10:22:25
================================================================================
[2024-03-08T10:22:55.692+0000] {manager.py:879} INFO - 
================================================================================
DAG File Processing Stats

File Path                       PID    Runtime      # DAGs    # Errors  Last Runtime    Last Run
------------------------------  -----  ---------  --------  ----------  --------------  -------------------
/opt/airflow/dags/first_dag.py                           1           0  0.41s           2024-03-08T10:22:55
================================================================================
[2024-03-08T10:23:27.049+0000] {manager.py:879} INFO - 
================================================================================
DAG File Processing Stats

File Path                       PID    Runtime      # DAGs    # Errors  Last Runtime    Last Run
------------------------------  -----  ---------  --------  ----------  --------------  -------------------
/opt/airflow/dags/first_dag.py                           1           0  0.51s           2024-03-08T10:23:27
================================================================================
[2024-03-08T10:23:59.158+0000] {manager.py:879} INFO - 
================================================================================
DAG File Processing Stats

File Path                       PID    Runtime      # DAGs    # Errors  Last Runtime    Last Run
------------------------------  -----  ---------  --------  ----------  --------------  -------------------
/opt/airflow/dags/first_dag.py                           1           0  1.81s           2024-03-08T10:23:59
================================================================================
[2024-03-08T10:24:30.242+0000] {manager.py:879} INFO - 
================================================================================
DAG File Processing Stats

File Path                       PID    Runtime      # DAGs    # Errors  Last Runtime    Last Run
------------------------------  -----  ---------  --------  ----------  --------------  -------------------
/opt/airflow/dags/first_dag.py                           1           0  0.41s           2024-03-08T10:24:30
================================================================================
[2024-03-08T10:25:01.599+0000] {manager.py:879} INFO - 
================================================================================
DAG File Processing Stats

File Path                       PID    Runtime      # DAGs    # Errors  Last Runtime    Last Run
------------------------------  -----  ---------  --------  ----------  --------------  -------------------
/opt/airflow/dags/first_dag.py                           1           0  0.41s           2024-03-08T10:25:01
================================================================================
[2024-03-08T10:25:19.922+0000] {manager.py:738} INFO - Searching for files in /opt/airflow/dags
[2024-03-08T10:25:20.016+0000] {manager.py:741} INFO - There are 1 files in /opt/airflow/dags
[2024-03-08T10:25:33.257+0000] {manager.py:879} INFO - 
================================================================================
DAG File Processing Stats

File Path                       PID    Runtime      # DAGs    # Errors  Last Runtime    Last Run
------------------------------  -----  ---------  --------  ----------  --------------  -------------------
/opt/airflow/dags/first_dag.py                           1           0  0.42s           2024-03-08T10:25:33
================================================================================
[2024-03-08T10:26:03.719+0000] {manager.py:879} INFO - 
================================================================================
DAG File Processing Stats

File Path                       PID    Runtime      # DAGs    # Errors  Last Runtime    Last Run
------------------------------  -----  ---------  --------  ----------  --------------  -------------------
/opt/airflow/dags/first_dag.py                           1           0  0.31s           2024-03-08T10:26:03
================================================================================
[2024-03-08T10:26:34.644+0000] {manager.py:879} INFO - 
================================================================================
DAG File Processing Stats

File Path                       PID    Runtime      # DAGs    # Errors  Last Runtime    Last Run
------------------------------  -----  ---------  --------  ----------  --------------  -------------------
/opt/airflow/dags/first_dag.py                           1           0  0.41s           2024-03-08T10:26:34
================================================================================
[2024-03-08T10:27:05.611+0000] {manager.py:879} INFO - 
================================================================================
DAG File Processing Stats

File Path                       PID    Runtime      # DAGs    # Errors  Last Runtime    Last Run
------------------------------  -----  ---------  --------  ----------  --------------  -------------------
/opt/airflow/dags/first_dag.py                           1           0  0.51s           2024-03-08T10:27:05
================================================================================
[2024-03-08T10:27:36.655+0000] {manager.py:879} INFO - 
================================================================================
DAG File Processing Stats

File Path                       PID    Runtime      # DAGs    # Errors  Last Runtime    Last Run
------------------------------  -----  ---------  --------  ----------  --------------  -------------------
/opt/airflow/dags/first_dag.py                           1           0  0.51s           2024-03-08T10:27:36
================================================================================
[2024-03-08T10:28:07.653+0000] {manager.py:879} INFO - 
================================================================================
DAG File Processing Stats

File Path                       PID    Runtime      # DAGs    # Errors  Last Runtime    Last Run
------------------------------  -----  ---------  --------  ----------  --------------  -------------------
/opt/airflow/dags/first_dag.py                           1           0  0.51s           2024-03-08T10:28:07
================================================================================
[2024-03-08T10:28:38.363+0000] {manager.py:879} INFO - 
================================================================================
DAG File Processing Stats

File Path                       PID    Runtime      # DAGs    # Errors  Last Runtime    Last Run
------------------------------  -----  ---------  --------  ----------  --------------  -------------------
/opt/airflow/dags/first_dag.py                           1           0  0.31s           2024-03-08T10:28:38
================================================================================
[2024-03-08T10:29:09.140+0000] {manager.py:879} INFO - 
================================================================================
DAG File Processing Stats

File Path                       PID    Runtime      # DAGs    # Errors  Last Runtime    Last Run
------------------------------  -----  ---------  --------  ----------  --------------  -------------------
/opt/airflow/dags/first_dag.py                           1           0  0.41s           2024-03-08T10:29:09
================================================================================
[2024-03-08T10:29:39.843+0000] {manager.py:879} INFO - 
================================================================================
DAG File Processing Stats

File Path                       PID    Runtime      # DAGs    # Errors  Last Runtime    Last Run
------------------------------  -----  ---------  --------  ----------  --------------  -------------------
/opt/airflow/dags/first_dag.py                           1           0  0.41s           2024-03-08T10:29:39
================================================================================
[2024-03-08T10:30:10.595+0000] {manager.py:879} INFO - 
================================================================================
DAG File Processing Stats

File Path                       PID    Runtime      # DAGs    # Errors  Last Runtime    Last Run
------------------------------  -----  ---------  --------  ----------  --------------  -------------------
/opt/airflow/dags/first_dag.py                           1           0  0.41s           2024-03-08T10:30:10
================================================================================
[2024-03-08T10:30:20.344+0000] {manager.py:738} INFO - Searching for files in /opt/airflow/dags
[2024-03-08T10:30:20.377+0000] {manager.py:741} INFO - There are 1 files in /opt/airflow/dags
[2024-03-08T10:30:41.352+0000] {manager.py:879} INFO - 
================================================================================
DAG File Processing Stats

File Path                       PID    Runtime      # DAGs    # Errors  Last Runtime    Last Run
------------------------------  -----  ---------  --------  ----------  --------------  -------------------
/opt/airflow/dags/first_dag.py                           1           0  0.31s           2024-03-08T10:30:41
================================================================================
[2024-03-08T10:31:12.076+0000] {manager.py:879} INFO - 
================================================================================
DAG File Processing Stats

File Path                       PID    Runtime      # DAGs    # Errors  Last Runtime    Last Run
------------------------------  -----  ---------  --------  ----------  --------------  -------------------
/opt/airflow/dags/first_dag.py                           1           0  0.41s           2024-03-08T10:31:12
================================================================================
[2024-03-08T10:31:42.883+0000] {manager.py:879} INFO - 
================================================================================
DAG File Processing Stats

File Path                       PID    Runtime      # DAGs    # Errors  Last Runtime    Last Run
------------------------------  -----  ---------  --------  ----------  --------------  -------------------
/opt/airflow/dags/first_dag.py                           1           0  0.31s           2024-03-08T10:31:42
================================================================================
[2024-03-08T10:32:13.732+0000] {manager.py:879} INFO - 
================================================================================
DAG File Processing Stats

File Path                       PID    Runtime      # DAGs    # Errors  Last Runtime    Last Run
------------------------------  -----  ---------  --------  ----------  --------------  -------------------
/opt/airflow/dags/first_dag.py                           1           0  0.31s           2024-03-08T10:32:13
================================================================================
[2024-03-08T10:32:44.415+0000] {manager.py:879} INFO - 
================================================================================
DAG File Processing Stats

File Path                       PID    Runtime      # DAGs    # Errors  Last Runtime    Last Run
------------------------------  -----  ---------  --------  ----------  --------------  -------------------
/opt/airflow/dags/first_dag.py                           1           0  0.51s           2024-03-08T10:32:44
================================================================================
[2024-03-08T10:33:15.341+0000] {manager.py:879} INFO - 
================================================================================
DAG File Processing Stats

File Path                       PID    Runtime      # DAGs    # Errors  Last Runtime    Last Run
------------------------------  -----  ---------  --------  ----------  --------------  -------------------
/opt/airflow/dags/first_dag.py                           1           0  0.51s           2024-03-08T10:33:15
================================================================================
[2024-03-08T10:33:46.246+0000] {manager.py:879} INFO - 
================================================================================
DAG File Processing Stats

File Path                       PID    Runtime      # DAGs    # Errors  Last Runtime    Last Run
------------------------------  -----  ---------  --------  ----------  --------------  -------------------
/opt/airflow/dags/first_dag.py                           1           0  0.31s           2024-03-08T10:33:46
================================================================================
[2024-03-08T10:34:17.319+0000] {manager.py:879} INFO - 
================================================================================
DAG File Processing Stats

File Path                       PID    Runtime      # DAGs    # Errors  Last Runtime    Last Run
------------------------------  -----  ---------  --------  ----------  --------------  -------------------
/opt/airflow/dags/first_dag.py                           1           0  0.51s           2024-03-08T10:34:17
================================================================================
[2024-03-08T10:34:47.998+0000] {manager.py:879} INFO - 
================================================================================
DAG File Processing Stats

File Path                       PID    Runtime      # DAGs    # Errors  Last Runtime    Last Run
------------------------------  -----  ---------  --------  ----------  --------------  -------------------
/opt/airflow/dags/first_dag.py                           1           0  0.41s           2024-03-08T10:34:47
================================================================================
[2024-03-08T10:35:18.986+0000] {manager.py:879} INFO - 
================================================================================
DAG File Processing Stats

File Path                       PID    Runtime      # DAGs    # Errors  Last Runtime    Last Run
------------------------------  -----  ---------  --------  ----------  --------------  -------------------
/opt/airflow/dags/first_dag.py                           1           0  0.41s           2024-03-08T10:35:18
================================================================================
[2024-03-08T10:35:20.634+0000] {manager.py:738} INFO - Searching for files in /opt/airflow/dags
[2024-03-08T10:35:20.730+0000] {manager.py:741} INFO - There are 1 files in /opt/airflow/dags
[2024-03-08T10:35:49.636+0000] {manager.py:879} INFO - 
================================================================================
DAG File Processing Stats

File Path                       PID    Runtime      # DAGs    # Errors  Last Runtime    Last Run
------------------------------  -----  ---------  --------  ----------  --------------  -------------------
/opt/airflow/dags/first_dag.py                           1           0  0.41s           2024-03-08T10:35:49
================================================================================
[2024-03-08T10:36:20.341+0000] {manager.py:879} INFO - 
================================================================================
DAG File Processing Stats

File Path                       PID    Runtime      # DAGs    # Errors  Last Runtime    Last Run
------------------------------  -----  ---------  --------  ----------  --------------  -------------------
/opt/airflow/dags/first_dag.py                           1           0  0.31s           2024-03-08T10:36:20
================================================================================
[2024-03-08T10:36:51.003+0000] {manager.py:879} INFO - 
================================================================================
DAG File Processing Stats

File Path                       PID    Runtime      # DAGs    # Errors  Last Runtime    Last Run
------------------------------  -----  ---------  --------  ----------  --------------  -------------------
/opt/airflow/dags/first_dag.py                           1           0  0.41s           2024-03-08T10:36:51
================================================================================
[2024-03-08T10:37:21.800+0000] {manager.py:879} INFO - 
================================================================================
DAG File Processing Stats

File Path                       PID    Runtime      # DAGs    # Errors  Last Runtime    Last Run
------------------------------  -----  ---------  --------  ----------  --------------  -------------------
/opt/airflow/dags/first_dag.py                           1           0  0.41s           2024-03-08T10:37:21
================================================================================
[2024-03-08T10:37:52.747+0000] {manager.py:879} INFO - 
================================================================================
DAG File Processing Stats

File Path                       PID    Runtime      # DAGs    # Errors  Last Runtime    Last Run
------------------------------  -----  ---------  --------  ----------  --------------  -------------------
/opt/airflow/dags/first_dag.py                           1           0  0.45s           2024-03-08T10:37:52
================================================================================
[2024-03-08T10:38:23.463+0000] {manager.py:879} INFO - 
================================================================================
DAG File Processing Stats

File Path                       PID    Runtime      # DAGs    # Errors  Last Runtime    Last Run
------------------------------  -----  ---------  --------  ----------  --------------  -------------------
/opt/airflow/dags/first_dag.py                           1           0  0.51s           2024-03-08T10:38:23
================================================================================
[2024-03-08T10:38:54.069+0000] {manager.py:879} INFO - 
================================================================================
DAG File Processing Stats

File Path                       PID    Runtime      # DAGs    # Errors  Last Runtime    Last Run
------------------------------  -----  ---------  --------  ----------  --------------  -------------------
/opt/airflow/dags/first_dag.py                           1           0  0.31s           2024-03-08T10:38:54
================================================================================
[2024-03-08T10:39:24.666+0000] {manager.py:879} INFO - 
================================================================================
DAG File Processing Stats

File Path                       PID    Runtime      # DAGs    # Errors  Last Runtime    Last Run
------------------------------  -----  ---------  --------  ----------  --------------  -------------------
/opt/airflow/dags/first_dag.py                           1           0  0.51s           2024-03-08T10:39:24
================================================================================
[2024-03-08T10:39:55.689+0000] {manager.py:879} INFO - 
================================================================================
DAG File Processing Stats

File Path                       PID    Runtime      # DAGs    # Errors  Last Runtime    Last Run
------------------------------  -----  ---------  --------  ----------  --------------  -------------------
/opt/airflow/dags/first_dag.py                           1           0  0.41s           2024-03-08T10:39:55
================================================================================
[2024-03-08T10:40:20.934+0000] {manager.py:738} INFO - Searching for files in /opt/airflow/dags
[2024-03-08T10:40:21.016+0000] {manager.py:741} INFO - There are 1 files in /opt/airflow/dags
[2024-03-08T10:40:26.675+0000] {manager.py:879} INFO - 
================================================================================
DAG File Processing Stats

File Path                       PID    Runtime      # DAGs    # Errors  Last Runtime    Last Run
------------------------------  -----  ---------  --------  ----------  --------------  -------------------
/opt/airflow/dags/first_dag.py                           1           0  0.41s           2024-03-08T10:40:26
================================================================================
[2024-03-08T10:40:57.466+0000] {manager.py:879} INFO - 
================================================================================
DAG File Processing Stats

File Path                       PID    Runtime      # DAGs    # Errors  Last Runtime    Last Run
------------------------------  -----  ---------  --------  ----------  --------------  -------------------
/opt/airflow/dags/first_dag.py                           1           0  0.41s           2024-03-08T10:40:57
================================================================================
[2024-03-08T10:41:28.104+0000] {manager.py:879} INFO - 
================================================================================
DAG File Processing Stats

File Path                       PID    Runtime      # DAGs    # Errors  Last Runtime    Last Run
------------------------------  -----  ---------  --------  ----------  --------------  -------------------
/opt/airflow/dags/first_dag.py                           1           0  0.41s           2024-03-08T10:41:28
================================================================================
[2024-03-08T10:41:58.896+0000] {manager.py:879} INFO - 
================================================================================
DAG File Processing Stats

File Path                       PID    Runtime      # DAGs    # Errors  Last Runtime    Last Run
------------------------------  -----  ---------  --------  ----------  --------------  -------------------
/opt/airflow/dags/first_dag.py                           1           0  0.31s           2024-03-08T10:41:58
================================================================================
[2024-03-08T10:42:29.418+0000] {manager.py:879} INFO - 
================================================================================
DAG File Processing Stats

File Path                       PID    Runtime      # DAGs    # Errors  Last Runtime    Last Run
------------------------------  -----  ---------  --------  ----------  --------------  -------------------
/opt/airflow/dags/first_dag.py                           1           0  0.31s           2024-03-08T10:42:29
================================================================================
[2024-03-08T10:43:00.077+0000] {manager.py:879} INFO - 
================================================================================
DAG File Processing Stats

File Path                       PID    Runtime      # DAGs    # Errors  Last Runtime    Last Run
------------------------------  -----  ---------  --------  ----------  --------------  -------------------
/opt/airflow/dags/first_dag.py                           1           0  0.31s           2024-03-08T10:43:00
================================================================================
[2024-03-08T10:43:30.640+0000] {manager.py:879} INFO - 
================================================================================
DAG File Processing Stats

File Path                       PID    Runtime      # DAGs    # Errors  Last Runtime    Last Run
------------------------------  -----  ---------  --------  ----------  --------------  -------------------
/opt/airflow/dags/first_dag.py                           1           0  0.41s           2024-03-08T10:43:30
================================================================================
[2024-03-08T10:44:01.431+0000] {manager.py:879} INFO - 
================================================================================
DAG File Processing Stats

File Path                       PID    Runtime      # DAGs    # Errors  Last Runtime    Last Run
------------------------------  -----  ---------  --------  ----------  --------------  -------------------
/opt/airflow/dags/first_dag.py                           1           0  0.31s           2024-03-08T10:44:01
================================================================================
[2024-03-08T10:44:32.137+0000] {manager.py:879} INFO - 
================================================================================
DAG File Processing Stats

File Path                       PID    Runtime      # DAGs    # Errors  Last Runtime    Last Run
------------------------------  -----  ---------  --------  ----------  --------------  -------------------
/opt/airflow/dags/first_dag.py                           1           0  0.41s           2024-03-08T10:44:32
================================================================================
[2024-03-08T10:45:03.103+0000] {manager.py:879} INFO - 
================================================================================
DAG File Processing Stats

File Path                       PID    Runtime      # DAGs    # Errors  Last Runtime    Last Run
------------------------------  -----  ---------  --------  ----------  --------------  -------------------
/opt/airflow/dags/first_dag.py                           1           0  0.42s           2024-03-08T10:45:03
================================================================================
[2024-03-08T10:45:21.233+0000] {manager.py:738} INFO - Searching for files in /opt/airflow/dags
[2024-03-08T10:45:21.313+0000] {manager.py:741} INFO - There are 1 files in /opt/airflow/dags
[2024-03-08T10:45:33.721+0000] {manager.py:879} INFO - 
================================================================================
DAG File Processing Stats

File Path                       PID    Runtime      # DAGs    # Errors  Last Runtime    Last Run
------------------------------  -----  ---------  --------  ----------  --------------  -------------------
/opt/airflow/dags/first_dag.py                           1           0  0.41s           2024-03-08T10:45:33
================================================================================
[2024-03-08T10:46:04.377+0000] {manager.py:879} INFO - 
================================================================================
DAG File Processing Stats

File Path                       PID    Runtime      # DAGs    # Errors  Last Runtime    Last Run
------------------------------  -----  ---------  --------  ----------  --------------  -------------------
/opt/airflow/dags/first_dag.py                           1           0  0.31s           2024-03-08T10:46:04
================================================================================
[2024-03-08T10:46:34.905+0000] {manager.py:879} INFO - 
================================================================================
DAG File Processing Stats

File Path                       PID    Runtime      # DAGs    # Errors  Last Runtime    Last Run
------------------------------  -----  ---------  --------  ----------  --------------  -------------------
/opt/airflow/dags/first_dag.py                           1           0  0.41s           2024-03-08T10:46:34
================================================================================
[2024-03-08T10:47:05.522+0000] {manager.py:879} INFO - 
================================================================================
DAG File Processing Stats

File Path                       PID    Runtime      # DAGs    # Errors  Last Runtime    Last Run
------------------------------  -----  ---------  --------  ----------  --------------  -------------------
/opt/airflow/dags/first_dag.py                           1           0  0.31s           2024-03-08T10:47:05
================================================================================
[2024-03-08T10:47:36.517+0000] {manager.py:879} INFO - 
================================================================================
DAG File Processing Stats

File Path                       PID    Runtime      # DAGs    # Errors  Last Runtime    Last Run
------------------------------  -----  ---------  --------  ----------  --------------  -------------------
/opt/airflow/dags/first_dag.py                           1           0  0.51s           2024-03-08T10:47:36
================================================================================
[2024-03-08T10:48:07.309+0000] {manager.py:879} INFO - 
================================================================================
DAG File Processing Stats

File Path                       PID    Runtime      # DAGs    # Errors  Last Runtime    Last Run
------------------------------  -----  ---------  --------  ----------  --------------  -------------------
/opt/airflow/dags/first_dag.py                           1           0  0.41s           2024-03-08T10:48:07
================================================================================
[2024-03-08T10:48:37.935+0000] {manager.py:879} INFO - 
================================================================================
DAG File Processing Stats

File Path                       PID    Runtime      # DAGs    # Errors  Last Runtime    Last Run
------------------------------  -----  ---------  --------  ----------  --------------  -------------------
/opt/airflow/dags/first_dag.py                           1           0  0.31s           2024-03-08T10:48:37
================================================================================
[2024-03-08T10:49:08.481+0000] {manager.py:879} INFO - 
================================================================================
DAG File Processing Stats

File Path                       PID    Runtime      # DAGs    # Errors  Last Runtime    Last Run
------------------------------  -----  ---------  --------  ----------  --------------  -------------------
/opt/airflow/dags/first_dag.py                           1           0  0.41s           2024-03-08T10:49:08
================================================================================
[2024-03-08T10:49:39.028+0000] {manager.py:879} INFO - 
================================================================================
DAG File Processing Stats

File Path                       PID    Runtime      # DAGs    # Errors  Last Runtime    Last Run
------------------------------  -----  ---------  --------  ----------  --------------  -------------------
/opt/airflow/dags/first_dag.py                           1           0  0.31s           2024-03-08T10:49:39
================================================================================
[2024-03-08T10:50:09.761+0000] {manager.py:879} INFO - 
================================================================================
DAG File Processing Stats

File Path                       PID    Runtime      # DAGs    # Errors  Last Runtime    Last Run
------------------------------  -----  ---------  --------  ----------  --------------  -------------------
/opt/airflow/dags/first_dag.py                           1           0  0.31s           2024-03-08T10:50:09
================================================================================
[2024-03-08T10:50:21.732+0000] {manager.py:738} INFO - Searching for files in /opt/airflow/dags
[2024-03-08T10:50:21.800+0000] {manager.py:741} INFO - There are 1 files in /opt/airflow/dags
[2024-03-08T11:48:39.323+0000] {manager.py:738} INFO - Searching for files in /opt/airflow/dags
[2024-03-08T11:48:39.388+0000] {manager.py:741} INFO - There are 1 files in /opt/airflow/dags
[2024-03-08T11:48:46.258+0000] {manager.py:879} INFO - 
================================================================================
DAG File Processing Stats

File Path                       PID    Runtime      # DAGs    # Errors  Last Runtime    Last Run
------------------------------  -----  ---------  --------  ----------  --------------  -------------------
/opt/airflow/dags/first_dag.py                           1           0  0.41s           2024-03-08T11:48:39
================================================================================
[2024-03-08T11:49:16.289+0000] {manager.py:879} INFO - 
================================================================================
DAG File Processing Stats

File Path                       PID    Runtime      # DAGs    # Errors  Last Runtime    Last Run
------------------------------  -----  ---------  --------  ----------  --------------  -------------------
/opt/airflow/dags/first_dag.py                           1           0  0.42s           2024-03-08T11:49:11
================================================================================
[2024-03-08T11:49:46.915+0000] {manager.py:879} INFO - 
================================================================================
DAG File Processing Stats

File Path                       PID    Runtime      # DAGs    # Errors  Last Runtime    Last Run
------------------------------  -----  ---------  --------  ----------  --------------  -------------------
/opt/airflow/dags/first_dag.py                           1           0  0.61s           2024-03-08T11:49:42
================================================================================
[2024-03-08T11:50:17.170+0000] {manager.py:879} INFO - 
================================================================================
DAG File Processing Stats

File Path                       PID    Runtime      # DAGs    # Errors  Last Runtime    Last Run
------------------------------  -----  ---------  --------  ----------  --------------  -------------------
/opt/airflow/dags/first_dag.py                           1           0  0.41s           2024-03-08T11:50:13
================================================================================
[2024-03-08T11:50:47.560+0000] {manager.py:879} INFO - 
================================================================================
DAG File Processing Stats

File Path                       PID    Runtime      # DAGs    # Errors  Last Runtime    Last Run
------------------------------  -----  ---------  --------  ----------  --------------  -------------------
/opt/airflow/dags/first_dag.py                           1           0  0.61s           2024-03-08T11:50:45
================================================================================
[2024-03-08T11:51:17.896+0000] {manager.py:879} INFO - 
================================================================================
DAG File Processing Stats

File Path                       PID    Runtime      # DAGs    # Errors  Last Runtime    Last Run
------------------------------  -----  ---------  --------  ----------  --------------  -------------------
/opt/airflow/dags/first_dag.py                           1           0  0.41s           2024-03-08T11:51:16
================================================================================
[2024-03-08T11:51:49.494+0000] {manager.py:879} INFO - 
================================================================================
DAG File Processing Stats

File Path                       PID    Runtime      # DAGs    # Errors  Last Runtime    Last Run
------------------------------  -----  ---------  --------  ----------  --------------  -------------------
/opt/airflow/dags/first_dag.py                           1           0  1.21s           2024-03-08T11:51:49
================================================================================
[2024-03-08T11:52:20.320+0000] {manager.py:879} INFO - 
================================================================================
DAG File Processing Stats

File Path                       PID    Runtime      # DAGs    # Errors  Last Runtime    Last Run
------------------------------  -----  ---------  --------  ----------  --------------  -------------------
/opt/airflow/dags/first_dag.py                           1           0  0.62s           2024-03-08T11:52:20
================================================================================
[2024-03-08T11:52:51.159+0000] {manager.py:879} INFO - 
================================================================================
DAG File Processing Stats

File Path                       PID    Runtime      # DAGs    # Errors  Last Runtime    Last Run
------------------------------  -----  ---------  --------  ----------  --------------  -------------------
/opt/airflow/dags/first_dag.py                           1           0  0.41s           2024-03-08T11:52:51
================================================================================
[2024-03-08T11:53:21.538+0000] {manager.py:879} INFO - 
================================================================================
DAG File Processing Stats

File Path                       PID    Runtime      # DAGs    # Errors  Last Runtime    Last Run
------------------------------  -----  ---------  --------  ----------  --------------  -------------------
/opt/airflow/dags/first_dag.py                           1           0  0.42s           2024-03-08T11:52:59
================================================================================
[2024-03-08T11:53:39.613+0000] {manager.py:738} INFO - Searching for files in /opt/airflow/dags
[2024-03-08T11:53:39.748+0000] {manager.py:741} INFO - There are 1 files in /opt/airflow/dags
