[2024-03-09T17:04:52.349+0000] {taskinstance.py:1956} INFO - Dependencies all met for dep_context=non-requeueable deps ti=<TaskInstance: download_rocket_launches.download_launches manual__2024-03-09T17:04:35.972701+00:00 [queued]>
[2024-03-09T17:04:52.375+0000] {taskinstance.py:1956} INFO - Dependencies all met for dep_context=requeueable deps ti=<TaskInstance: download_rocket_launches.download_launches manual__2024-03-09T17:04:35.972701+00:00 [queued]>
[2024-03-09T17:04:52.376+0000] {taskinstance.py:2170} INFO - Starting attempt 1 of 6
[2024-03-09T17:04:52.520+0000] {taskinstance.py:2191} INFO - Executing <Task(BashOperator): download_launches> on 2024-03-09 17:04:35.972701+00:00
[2024-03-09T17:04:52.526+0000] {standard_task_runner.py:60} INFO - Started process 338 to run task
[2024-03-09T17:04:52.529+0000] {standard_task_runner.py:87} INFO - Running: ['airflow', 'tasks', 'run', 'download_rocket_launches', 'download_launches', 'manual__2024-03-09T17:04:35.972701+00:00', '--job-id', '42', '--raw', '--subdir', 'DAGS_FOLDER/airflow_book.py', '--cfg-path', '/tmp/tmp9ymvougs']
[2024-03-09T17:04:52.532+0000] {standard_task_runner.py:88} INFO - Job 42: Subtask download_launches
[2024-03-09T17:04:52.846+0000] {task_command.py:423} INFO - Running <TaskInstance: download_rocket_launches.download_launches manual__2024-03-09T17:04:35.972701+00:00 [running]> on host aa112d607e6c
[2024-03-09T17:04:53.033+0000] {taskinstance.py:2480} INFO - Exporting env vars: AIRFLOW_CTX_DAG_OWNER='Prashantvik' AIRFLOW_CTX_DAG_ID='download_rocket_launches' AIRFLOW_CTX_TASK_ID='download_launches' AIRFLOW_CTX_EXECUTION_DATE='2024-03-09T17:04:35.972701+00:00' AIRFLOW_CTX_TRY_NUMBER='1' AIRFLOW_CTX_DAG_RUN_ID='manual__2024-03-09T17:04:35.972701+00:00'
[2024-03-09T17:04:53.035+0000] {subprocess.py:63} INFO - Tmp dir root location: /tmp
[2024-03-09T17:04:53.036+0000] {subprocess.py:75} INFO - Running command: ['/usr/bin/bash', '-c', "curl -o /tmp/launches.json -L 'https://ll.thespacedevs.com/2.0.0/launch/upcoming'"]
[2024-03-09T17:04:53.047+0000] {subprocess.py:86} INFO - Output:
[2024-03-09T17:04:53.057+0000] {subprocess.py:93} INFO -   % Total    % Received % Xferd  Average Speed   Time    Time     Time  Current
[2024-03-09T17:04:53.058+0000] {subprocess.py:93} INFO -                                  Dload  Upload   Total   Spent    Left  Speed
[2024-03-09T17:04:53.992+0000] {subprocess.py:93} INFO -   0     0    0     0    0     0      0      0 --:--:-- --:--:-- --:--:--     0  0     0    0     0    0     0      0      0 --:--:-- --:--:-- --:--:--     0  0     0    0     0    0     0      0      0 --:--:-- --:--:-- --:--:--     0
[2024-03-09T17:04:54.528+0000] {subprocess.py:93} INFO -  15 27243   15  4098    0     0   2998      0  0:00:09  0:00:01  0:00:08  2998100 27243  100 27243    0     0  18515      0  0:00:01  0:00:01 --:--:--  217k
[2024-03-09T17:04:54.532+0000] {subprocess.py:97} INFO - Command exited with return code 0
[2024-03-09T17:04:54.588+0000] {taskinstance.py:1138} INFO - Marking task as SUCCESS. dag_id=download_rocket_launches, task_id=download_launches, execution_date=20240309T170435, start_date=20240309T170452, end_date=20240309T170454
[2024-03-09T17:04:54.635+0000] {local_task_job_runner.py:234} INFO - Task exited with return code 0
[2024-03-09T17:04:54.681+0000] {taskinstance.py:3280} INFO - 1 downstream tasks scheduled from follow-on schedule check
