[2024-03-08T10:20:20.157+0000] {processor.py:161} INFO - Started process (PID=81) to work on /opt/airflow/dags/first_dag.py
[2024-03-08T10:20:20.160+0000] {processor.py:830} INFO - Processing file /opt/airflow/dags/first_dag.py for tasks to queue
[2024-03-08T10:20:20.161+0000] {logging_mixin.py:188} INFO - [2024-03-08T10:20:20.161+0000] {dagbag.py:538} INFO - Filling up the DagBag from /opt/airflow/dags/first_dag.py
[2024-03-08T10:20:20.213+0000] {processor.py:840} INFO - DAG(s) 'welcome_dag' retrieved from /opt/airflow/dags/first_dag.py
[2024-03-08T10:20:20.241+0000] {logging_mixin.py:188} INFO - [2024-03-08T10:20:20.240+0000] {dag.py:3036} INFO - Sync 1 DAGs
[2024-03-08T10:20:20.285+0000] {logging_mixin.py:188} INFO - [2024-03-08T10:20:20.284+0000] {dag.py:3823} INFO - Setting next_dagrun for welcome_dag to 2024-03-07 23:00:00+00:00, run_after=2024-03-08 23:00:00+00:00
[2024-03-08T10:20:20.388+0000] {processor.py:183} INFO - Processing /opt/airflow/dags/first_dag.py took 0.234 seconds
[2024-03-08T10:20:50.575+0000] {processor.py:161} INFO - Started process (PID=103) to work on /opt/airflow/dags/first_dag.py
[2024-03-08T10:20:50.577+0000] {processor.py:830} INFO - Processing file /opt/airflow/dags/first_dag.py for tasks to queue
[2024-03-08T10:20:50.579+0000] {logging_mixin.py:188} INFO - [2024-03-08T10:20:50.578+0000] {dagbag.py:538} INFO - Filling up the DagBag from /opt/airflow/dags/first_dag.py
[2024-03-08T10:20:50.647+0000] {processor.py:840} INFO - DAG(s) 'welcome_dag' retrieved from /opt/airflow/dags/first_dag.py
[2024-03-08T10:20:50.832+0000] {logging_mixin.py:188} INFO - [2024-03-08T10:20:50.831+0000] {dag.py:3036} INFO - Sync 1 DAGs
[2024-03-08T10:20:50.888+0000] {logging_mixin.py:188} INFO - [2024-03-08T10:20:50.888+0000] {dag.py:3823} INFO - Setting next_dagrun for welcome_dag to 2024-03-07 23:00:00+00:00, run_after=2024-03-08 23:00:00+00:00
[2024-03-08T10:20:50.997+0000] {processor.py:183} INFO - Processing /opt/airflow/dags/first_dag.py took 0.427 seconds
[2024-03-08T10:21:21.795+0000] {processor.py:161} INFO - Started process (PID=105) to work on /opt/airflow/dags/first_dag.py
[2024-03-08T10:21:21.799+0000] {processor.py:830} INFO - Processing file /opt/airflow/dags/first_dag.py for tasks to queue
[2024-03-08T10:21:21.806+0000] {logging_mixin.py:188} INFO - [2024-03-08T10:21:21.805+0000] {dagbag.py:538} INFO - Filling up the DagBag from /opt/airflow/dags/first_dag.py
[2024-03-08T10:21:21.895+0000] {processor.py:840} INFO - DAG(s) 'welcome_dag' retrieved from /opt/airflow/dags/first_dag.py
[2024-03-08T10:21:21.965+0000] {logging_mixin.py:188} INFO - [2024-03-08T10:21:21.964+0000] {dag.py:3036} INFO - Sync 1 DAGs
[2024-03-08T10:21:22.037+0000] {logging_mixin.py:188} INFO - [2024-03-08T10:21:22.036+0000] {dag.py:3823} INFO - Setting next_dagrun for welcome_dag to 2024-03-07 23:00:00+00:00, run_after=2024-03-08 23:00:00+00:00
[2024-03-08T10:21:22.178+0000] {processor.py:183} INFO - Processing /opt/airflow/dags/first_dag.py took 0.392 seconds
[2024-03-08T10:21:53.041+0000] {processor.py:161} INFO - Started process (PID=106) to work on /opt/airflow/dags/first_dag.py
[2024-03-08T10:21:53.045+0000] {processor.py:830} INFO - Processing file /opt/airflow/dags/first_dag.py for tasks to queue
[2024-03-08T10:21:53.048+0000] {logging_mixin.py:188} INFO - [2024-03-08T10:21:53.047+0000] {dagbag.py:538} INFO - Filling up the DagBag from /opt/airflow/dags/first_dag.py
[2024-03-08T10:21:53.150+0000] {processor.py:840} INFO - DAG(s) 'welcome_dag' retrieved from /opt/airflow/dags/first_dag.py
[2024-03-08T10:21:53.296+0000] {logging_mixin.py:188} INFO - [2024-03-08T10:21:53.295+0000] {dag.py:3036} INFO - Sync 1 DAGs
[2024-03-08T10:21:53.406+0000] {logging_mixin.py:188} INFO - [2024-03-08T10:21:53.406+0000] {dag.py:3823} INFO - Setting next_dagrun for welcome_dag to 2024-03-07 23:00:00+00:00, run_after=2024-03-08 23:00:00+00:00
[2024-03-08T10:21:53.723+0000] {processor.py:183} INFO - Processing /opt/airflow/dags/first_dag.py took 0.692 seconds
[2024-03-08T10:22:24.755+0000] {processor.py:161} INFO - Started process (PID=107) to work on /opt/airflow/dags/first_dag.py
[2024-03-08T10:22:24.758+0000] {processor.py:830} INFO - Processing file /opt/airflow/dags/first_dag.py for tasks to queue
[2024-03-08T10:22:24.760+0000] {logging_mixin.py:188} INFO - [2024-03-08T10:22:24.759+0000] {dagbag.py:538} INFO - Filling up the DagBag from /opt/airflow/dags/first_dag.py
[2024-03-08T10:22:24.812+0000] {processor.py:840} INFO - DAG(s) 'welcome_dag' retrieved from /opt/airflow/dags/first_dag.py
[2024-03-08T10:22:24.861+0000] {logging_mixin.py:188} INFO - [2024-03-08T10:22:24.860+0000] {dag.py:3036} INFO - Sync 1 DAGs
[2024-03-08T10:22:24.900+0000] {logging_mixin.py:188} INFO - [2024-03-08T10:22:24.900+0000] {dag.py:3823} INFO - Setting next_dagrun for welcome_dag to 2024-03-07 23:00:00+00:00, run_after=2024-03-08 23:00:00+00:00
[2024-03-08T10:22:25.022+0000] {processor.py:183} INFO - Processing /opt/airflow/dags/first_dag.py took 0.275 seconds
[2024-03-08T10:22:55.328+0000] {processor.py:161} INFO - Started process (PID=108) to work on /opt/airflow/dags/first_dag.py
[2024-03-08T10:22:55.331+0000] {processor.py:830} INFO - Processing file /opt/airflow/dags/first_dag.py for tasks to queue
[2024-03-08T10:22:55.334+0000] {logging_mixin.py:188} INFO - [2024-03-08T10:22:55.333+0000] {dagbag.py:538} INFO - Filling up the DagBag from /opt/airflow/dags/first_dag.py
[2024-03-08T10:22:55.410+0000] {processor.py:840} INFO - DAG(s) 'welcome_dag' retrieved from /opt/airflow/dags/first_dag.py
[2024-03-08T10:22:55.473+0000] {logging_mixin.py:188} INFO - [2024-03-08T10:22:55.472+0000] {dag.py:3036} INFO - Sync 1 DAGs
[2024-03-08T10:22:55.547+0000] {logging_mixin.py:188} INFO - [2024-03-08T10:22:55.547+0000] {dag.py:3823} INFO - Setting next_dagrun for welcome_dag to 2024-03-07 23:00:00+00:00, run_after=2024-03-08 23:00:00+00:00
[2024-03-08T10:22:55.646+0000] {processor.py:183} INFO - Processing /opt/airflow/dags/first_dag.py took 0.322 seconds
[2024-03-08T10:23:26.582+0000] {processor.py:161} INFO - Started process (PID=109) to work on /opt/airflow/dags/first_dag.py
[2024-03-08T10:23:26.584+0000] {processor.py:830} INFO - Processing file /opt/airflow/dags/first_dag.py for tasks to queue
[2024-03-08T10:23:26.586+0000] {logging_mixin.py:188} INFO - [2024-03-08T10:23:26.586+0000] {dagbag.py:538} INFO - Filling up the DagBag from /opt/airflow/dags/first_dag.py
[2024-03-08T10:23:26.662+0000] {processor.py:840} INFO - DAG(s) 'welcome_dag' retrieved from /opt/airflow/dags/first_dag.py
[2024-03-08T10:23:26.728+0000] {logging_mixin.py:188} INFO - [2024-03-08T10:23:26.727+0000] {dag.py:3036} INFO - Sync 1 DAGs
[2024-03-08T10:23:26.782+0000] {logging_mixin.py:188} INFO - [2024-03-08T10:23:26.782+0000] {dag.py:3823} INFO - Setting next_dagrun for welcome_dag to 2024-03-07 23:00:00+00:00, run_after=2024-03-08 23:00:00+00:00
[2024-03-08T10:23:26.954+0000] {processor.py:183} INFO - Processing /opt/airflow/dags/first_dag.py took 0.378 seconds
[2024-03-08T10:23:57.507+0000] {processor.py:161} INFO - Started process (PID=110) to work on /opt/airflow/dags/first_dag.py
[2024-03-08T10:23:57.612+0000] {processor.py:830} INFO - Processing file /opt/airflow/dags/first_dag.py for tasks to queue
[2024-03-08T10:23:57.625+0000] {logging_mixin.py:188} INFO - [2024-03-08T10:23:57.624+0000] {dagbag.py:538} INFO - Filling up the DagBag from /opt/airflow/dags/first_dag.py
[2024-03-08T10:23:57.916+0000] {processor.py:840} INFO - DAG(s) 'welcome_dag' retrieved from /opt/airflow/dags/first_dag.py
[2024-03-08T10:23:58.289+0000] {logging_mixin.py:188} INFO - [2024-03-08T10:23:58.289+0000] {dag.py:3036} INFO - Sync 1 DAGs
[2024-03-08T10:23:58.431+0000] {logging_mixin.py:188} INFO - [2024-03-08T10:23:58.430+0000] {dag.py:3823} INFO - Setting next_dagrun for welcome_dag to 2024-03-07 23:00:00+00:00, run_after=2024-03-08 23:00:00+00:00
[2024-03-08T10:23:59.104+0000] {processor.py:183} INFO - Processing /opt/airflow/dags/first_dag.py took 1.601 seconds
[2024-03-08T10:24:29.876+0000] {processor.py:161} INFO - Started process (PID=111) to work on /opt/airflow/dags/first_dag.py
[2024-03-08T10:24:29.879+0000] {processor.py:830} INFO - Processing file /opt/airflow/dags/first_dag.py for tasks to queue
[2024-03-08T10:24:29.881+0000] {logging_mixin.py:188} INFO - [2024-03-08T10:24:29.880+0000] {dagbag.py:538} INFO - Filling up the DagBag from /opt/airflow/dags/first_dag.py
[2024-03-08T10:24:29.926+0000] {processor.py:840} INFO - DAG(s) 'welcome_dag' retrieved from /opt/airflow/dags/first_dag.py
[2024-03-08T10:24:29.981+0000] {logging_mixin.py:188} INFO - [2024-03-08T10:24:29.981+0000] {dag.py:3036} INFO - Sync 1 DAGs
[2024-03-08T10:24:30.029+0000] {logging_mixin.py:188} INFO - [2024-03-08T10:24:30.029+0000] {dag.py:3823} INFO - Setting next_dagrun for welcome_dag to 2024-03-07 23:00:00+00:00, run_after=2024-03-08 23:00:00+00:00
[2024-03-08T10:24:30.158+0000] {processor.py:183} INFO - Processing /opt/airflow/dags/first_dag.py took 0.288 seconds
[2024-03-08T10:25:01.223+0000] {processor.py:161} INFO - Started process (PID=112) to work on /opt/airflow/dags/first_dag.py
[2024-03-08T10:25:01.224+0000] {processor.py:830} INFO - Processing file /opt/airflow/dags/first_dag.py for tasks to queue
[2024-03-08T10:25:01.226+0000] {logging_mixin.py:188} INFO - [2024-03-08T10:25:01.225+0000] {dagbag.py:538} INFO - Filling up the DagBag from /opt/airflow/dags/first_dag.py
[2024-03-08T10:25:01.266+0000] {processor.py:840} INFO - DAG(s) 'welcome_dag' retrieved from /opt/airflow/dags/first_dag.py
[2024-03-08T10:25:01.329+0000] {logging_mixin.py:188} INFO - [2024-03-08T10:25:01.328+0000] {dag.py:3036} INFO - Sync 1 DAGs
[2024-03-08T10:25:01.392+0000] {logging_mixin.py:188} INFO - [2024-03-08T10:25:01.391+0000] {dag.py:3823} INFO - Setting next_dagrun for welcome_dag to 2024-03-07 23:00:00+00:00, run_after=2024-03-08 23:00:00+00:00
[2024-03-08T10:25:01.554+0000] {processor.py:183} INFO - Processing /opt/airflow/dags/first_dag.py took 0.336 seconds
[2024-03-08T10:25:32.882+0000] {processor.py:161} INFO - Started process (PID=113) to work on /opt/airflow/dags/first_dag.py
[2024-03-08T10:25:32.884+0000] {processor.py:830} INFO - Processing file /opt/airflow/dags/first_dag.py for tasks to queue
[2024-03-08T10:25:32.886+0000] {logging_mixin.py:188} INFO - [2024-03-08T10:25:32.886+0000] {dagbag.py:538} INFO - Filling up the DagBag from /opt/airflow/dags/first_dag.py
[2024-03-08T10:25:32.948+0000] {processor.py:840} INFO - DAG(s) 'welcome_dag' retrieved from /opt/airflow/dags/first_dag.py
[2024-03-08T10:25:33.011+0000] {logging_mixin.py:188} INFO - [2024-03-08T10:25:33.010+0000] {dag.py:3036} INFO - Sync 1 DAGs
[2024-03-08T10:25:33.068+0000] {logging_mixin.py:188} INFO - [2024-03-08T10:25:33.067+0000] {dag.py:3823} INFO - Setting next_dagrun for welcome_dag to 2024-03-07 23:00:00+00:00, run_after=2024-03-08 23:00:00+00:00
[2024-03-08T10:25:33.191+0000] {processor.py:183} INFO - Processing /opt/airflow/dags/first_dag.py took 0.314 seconds
[2024-03-08T10:26:03.441+0000] {processor.py:161} INFO - Started process (PID=114) to work on /opt/airflow/dags/first_dag.py
[2024-03-08T10:26:03.442+0000] {processor.py:830} INFO - Processing file /opt/airflow/dags/first_dag.py for tasks to queue
[2024-03-08T10:26:03.444+0000] {logging_mixin.py:188} INFO - [2024-03-08T10:26:03.443+0000] {dagbag.py:538} INFO - Filling up the DagBag from /opt/airflow/dags/first_dag.py
[2024-03-08T10:26:03.490+0000] {processor.py:840} INFO - DAG(s) 'welcome_dag' retrieved from /opt/airflow/dags/first_dag.py
[2024-03-08T10:26:03.536+0000] {logging_mixin.py:188} INFO - [2024-03-08T10:26:03.535+0000] {dag.py:3036} INFO - Sync 1 DAGs
[2024-03-08T10:26:03.578+0000] {logging_mixin.py:188} INFO - [2024-03-08T10:26:03.578+0000] {dag.py:3823} INFO - Setting next_dagrun for welcome_dag to 2024-03-07 23:00:00+00:00, run_after=2024-03-08 23:00:00+00:00
[2024-03-08T10:26:03.681+0000] {processor.py:183} INFO - Processing /opt/airflow/dags/first_dag.py took 0.243 seconds
[2024-03-08T10:26:34.280+0000] {processor.py:161} INFO - Started process (PID=115) to work on /opt/airflow/dags/first_dag.py
[2024-03-08T10:26:34.282+0000] {processor.py:830} INFO - Processing file /opt/airflow/dags/first_dag.py for tasks to queue
[2024-03-08T10:26:34.285+0000] {logging_mixin.py:188} INFO - [2024-03-08T10:26:34.284+0000] {dagbag.py:538} INFO - Filling up the DagBag from /opt/airflow/dags/first_dag.py
[2024-03-08T10:26:34.349+0000] {processor.py:840} INFO - DAG(s) 'welcome_dag' retrieved from /opt/airflow/dags/first_dag.py
[2024-03-08T10:26:34.401+0000] {logging_mixin.py:188} INFO - [2024-03-08T10:26:34.400+0000] {dag.py:3036} INFO - Sync 1 DAGs
[2024-03-08T10:26:34.438+0000] {logging_mixin.py:188} INFO - [2024-03-08T10:26:34.438+0000] {dag.py:3823} INFO - Setting next_dagrun for welcome_dag to 2024-03-07 23:00:00+00:00, run_after=2024-03-08 23:00:00+00:00
[2024-03-08T10:26:34.562+0000] {processor.py:183} INFO - Processing /opt/airflow/dags/first_dag.py took 0.288 seconds
[2024-03-08T10:27:05.152+0000] {processor.py:161} INFO - Started process (PID=116) to work on /opt/airflow/dags/first_dag.py
[2024-03-08T10:27:05.154+0000] {processor.py:830} INFO - Processing file /opt/airflow/dags/first_dag.py for tasks to queue
[2024-03-08T10:27:05.157+0000] {logging_mixin.py:188} INFO - [2024-03-08T10:27:05.156+0000] {dagbag.py:538} INFO - Filling up the DagBag from /opt/airflow/dags/first_dag.py
[2024-03-08T10:27:05.239+0000] {processor.py:840} INFO - DAG(s) 'welcome_dag' retrieved from /opt/airflow/dags/first_dag.py
[2024-03-08T10:27:05.313+0000] {logging_mixin.py:188} INFO - [2024-03-08T10:27:05.312+0000] {dag.py:3036} INFO - Sync 1 DAGs
[2024-03-08T10:27:05.380+0000] {logging_mixin.py:188} INFO - [2024-03-08T10:27:05.379+0000] {dag.py:3823} INFO - Setting next_dagrun for welcome_dag to 2024-03-07 23:00:00+00:00, run_after=2024-03-08 23:00:00+00:00
[2024-03-08T10:27:05.544+0000] {processor.py:183} INFO - Processing /opt/airflow/dags/first_dag.py took 0.398 seconds
[2024-03-08T10:27:36.200+0000] {processor.py:161} INFO - Started process (PID=117) to work on /opt/airflow/dags/first_dag.py
[2024-03-08T10:27:36.203+0000] {processor.py:830} INFO - Processing file /opt/airflow/dags/first_dag.py for tasks to queue
[2024-03-08T10:27:36.205+0000] {logging_mixin.py:188} INFO - [2024-03-08T10:27:36.205+0000] {dagbag.py:538} INFO - Filling up the DagBag from /opt/airflow/dags/first_dag.py
[2024-03-08T10:27:36.297+0000] {processor.py:840} INFO - DAG(s) 'welcome_dag' retrieved from /opt/airflow/dags/first_dag.py
[2024-03-08T10:27:36.371+0000] {logging_mixin.py:188} INFO - [2024-03-08T10:27:36.370+0000] {dag.py:3036} INFO - Sync 1 DAGs
[2024-03-08T10:27:36.423+0000] {logging_mixin.py:188} INFO - [2024-03-08T10:27:36.423+0000] {dag.py:3823} INFO - Setting next_dagrun for welcome_dag to 2024-03-07 23:00:00+00:00, run_after=2024-03-08 23:00:00+00:00
[2024-03-08T10:27:36.553+0000] {processor.py:183} INFO - Processing /opt/airflow/dags/first_dag.py took 0.359 seconds
[2024-03-08T10:28:07.198+0000] {processor.py:161} INFO - Started process (PID=118) to work on /opt/airflow/dags/first_dag.py
[2024-03-08T10:28:07.201+0000] {processor.py:830} INFO - Processing file /opt/airflow/dags/first_dag.py for tasks to queue
[2024-03-08T10:28:07.204+0000] {logging_mixin.py:188} INFO - [2024-03-08T10:28:07.203+0000] {dagbag.py:538} INFO - Filling up the DagBag from /opt/airflow/dags/first_dag.py
[2024-03-08T10:28:07.292+0000] {processor.py:840} INFO - DAG(s) 'welcome_dag' retrieved from /opt/airflow/dags/first_dag.py
[2024-03-08T10:28:07.358+0000] {logging_mixin.py:188} INFO - [2024-03-08T10:28:07.358+0000] {dag.py:3036} INFO - Sync 1 DAGs
[2024-03-08T10:28:07.422+0000] {logging_mixin.py:188} INFO - [2024-03-08T10:28:07.422+0000] {dag.py:3823} INFO - Setting next_dagrun for welcome_dag to 2024-03-07 23:00:00+00:00, run_after=2024-03-08 23:00:00+00:00
[2024-03-08T10:28:07.564+0000] {processor.py:183} INFO - Processing /opt/airflow/dags/first_dag.py took 0.371 seconds
[2024-03-08T10:28:38.102+0000] {processor.py:161} INFO - Started process (PID=119) to work on /opt/airflow/dags/first_dag.py
[2024-03-08T10:28:38.104+0000] {processor.py:830} INFO - Processing file /opt/airflow/dags/first_dag.py for tasks to queue
[2024-03-08T10:28:38.106+0000] {logging_mixin.py:188} INFO - [2024-03-08T10:28:38.106+0000] {dagbag.py:538} INFO - Filling up the DagBag from /opt/airflow/dags/first_dag.py
[2024-03-08T10:28:38.174+0000] {processor.py:840} INFO - DAG(s) 'welcome_dag' retrieved from /opt/airflow/dags/first_dag.py
[2024-03-08T10:28:38.222+0000] {logging_mixin.py:188} INFO - [2024-03-08T10:28:38.222+0000] {dag.py:3036} INFO - Sync 1 DAGs
[2024-03-08T10:28:38.262+0000] {logging_mixin.py:188} INFO - [2024-03-08T10:28:38.262+0000] {dag.py:3823} INFO - Setting next_dagrun for welcome_dag to 2024-03-07 23:00:00+00:00, run_after=2024-03-08 23:00:00+00:00
[2024-03-08T10:28:38.345+0000] {processor.py:183} INFO - Processing /opt/airflow/dags/first_dag.py took 0.247 seconds
[2024-03-08T10:29:08.837+0000] {processor.py:161} INFO - Started process (PID=120) to work on /opt/airflow/dags/first_dag.py
[2024-03-08T10:29:08.839+0000] {processor.py:830} INFO - Processing file /opt/airflow/dags/first_dag.py for tasks to queue
[2024-03-08T10:29:08.840+0000] {logging_mixin.py:188} INFO - [2024-03-08T10:29:08.840+0000] {dagbag.py:538} INFO - Filling up the DagBag from /opt/airflow/dags/first_dag.py
[2024-03-08T10:29:08.885+0000] {processor.py:840} INFO - DAG(s) 'welcome_dag' retrieved from /opt/airflow/dags/first_dag.py
[2024-03-08T10:29:08.930+0000] {logging_mixin.py:188} INFO - [2024-03-08T10:29:08.929+0000] {dag.py:3036} INFO - Sync 1 DAGs
[2024-03-08T10:29:08.962+0000] {logging_mixin.py:188} INFO - [2024-03-08T10:29:08.961+0000] {dag.py:3823} INFO - Setting next_dagrun for welcome_dag to 2024-03-07 23:00:00+00:00, run_after=2024-03-08 23:00:00+00:00
[2024-03-08T10:29:09.047+0000] {processor.py:183} INFO - Processing /opt/airflow/dags/first_dag.py took 0.213 seconds
[2024-03-08T10:29:39.460+0000] {processor.py:161} INFO - Started process (PID=121) to work on /opt/airflow/dags/first_dag.py
[2024-03-08T10:29:39.462+0000] {processor.py:830} INFO - Processing file /opt/airflow/dags/first_dag.py for tasks to queue
[2024-03-08T10:29:39.463+0000] {logging_mixin.py:188} INFO - [2024-03-08T10:29:39.463+0000] {dagbag.py:538} INFO - Filling up the DagBag from /opt/airflow/dags/first_dag.py
[2024-03-08T10:29:39.519+0000] {processor.py:840} INFO - DAG(s) 'welcome_dag' retrieved from /opt/airflow/dags/first_dag.py
[2024-03-08T10:29:39.581+0000] {logging_mixin.py:188} INFO - [2024-03-08T10:29:39.581+0000] {dag.py:3036} INFO - Sync 1 DAGs
[2024-03-08T10:29:39.620+0000] {logging_mixin.py:188} INFO - [2024-03-08T10:29:39.619+0000] {dag.py:3823} INFO - Setting next_dagrun for welcome_dag to 2024-03-07 23:00:00+00:00, run_after=2024-03-08 23:00:00+00:00
[2024-03-08T10:29:39.745+0000] {processor.py:183} INFO - Processing /opt/airflow/dags/first_dag.py took 0.288 seconds
[2024-03-08T10:30:10.232+0000] {processor.py:161} INFO - Started process (PID=122) to work on /opt/airflow/dags/first_dag.py
[2024-03-08T10:30:10.234+0000] {processor.py:830} INFO - Processing file /opt/airflow/dags/first_dag.py for tasks to queue
[2024-03-08T10:30:10.236+0000] {logging_mixin.py:188} INFO - [2024-03-08T10:30:10.235+0000] {dagbag.py:538} INFO - Filling up the DagBag from /opt/airflow/dags/first_dag.py
[2024-03-08T10:30:10.307+0000] {processor.py:840} INFO - DAG(s) 'welcome_dag' retrieved from /opt/airflow/dags/first_dag.py
[2024-03-08T10:30:10.354+0000] {logging_mixin.py:188} INFO - [2024-03-08T10:30:10.354+0000] {dag.py:3036} INFO - Sync 1 DAGs
[2024-03-08T10:30:10.398+0000] {logging_mixin.py:188} INFO - [2024-03-08T10:30:10.398+0000] {dag.py:3823} INFO - Setting next_dagrun for welcome_dag to 2024-03-07 23:00:00+00:00, run_after=2024-03-08 23:00:00+00:00
[2024-03-08T10:30:10.548+0000] {processor.py:183} INFO - Processing /opt/airflow/dags/first_dag.py took 0.321 seconds
[2024-03-08T10:30:41.075+0000] {processor.py:161} INFO - Started process (PID=123) to work on /opt/airflow/dags/first_dag.py
[2024-03-08T10:30:41.077+0000] {processor.py:830} INFO - Processing file /opt/airflow/dags/first_dag.py for tasks to queue
[2024-03-08T10:30:41.079+0000] {logging_mixin.py:188} INFO - [2024-03-08T10:30:41.078+0000] {dagbag.py:538} INFO - Filling up the DagBag from /opt/airflow/dags/first_dag.py
[2024-03-08T10:30:41.138+0000] {processor.py:840} INFO - DAG(s) 'welcome_dag' retrieved from /opt/airflow/dags/first_dag.py
[2024-03-08T10:30:41.187+0000] {logging_mixin.py:188} INFO - [2024-03-08T10:30:41.187+0000] {dag.py:3036} INFO - Sync 1 DAGs
[2024-03-08T10:30:41.227+0000] {logging_mixin.py:188} INFO - [2024-03-08T10:30:41.226+0000] {dag.py:3823} INFO - Setting next_dagrun for welcome_dag to 2024-03-07 23:00:00+00:00, run_after=2024-03-08 23:00:00+00:00
[2024-03-08T10:30:41.341+0000] {processor.py:183} INFO - Processing /opt/airflow/dags/first_dag.py took 0.271 seconds
[2024-03-08T10:31:11.693+0000] {processor.py:161} INFO - Started process (PID=124) to work on /opt/airflow/dags/first_dag.py
[2024-03-08T10:31:11.695+0000] {processor.py:830} INFO - Processing file /opt/airflow/dags/first_dag.py for tasks to queue
[2024-03-08T10:31:11.697+0000] {logging_mixin.py:188} INFO - [2024-03-08T10:31:11.696+0000] {dagbag.py:538} INFO - Filling up the DagBag from /opt/airflow/dags/first_dag.py
[2024-03-08T10:31:11.774+0000] {processor.py:840} INFO - DAG(s) 'welcome_dag' retrieved from /opt/airflow/dags/first_dag.py
[2024-03-08T10:31:11.843+0000] {logging_mixin.py:188} INFO - [2024-03-08T10:31:11.842+0000] {dag.py:3036} INFO - Sync 1 DAGs
[2024-03-08T10:31:11.883+0000] {logging_mixin.py:188} INFO - [2024-03-08T10:31:11.882+0000] {dag.py:3823} INFO - Setting next_dagrun for welcome_dag to 2024-03-07 23:00:00+00:00, run_after=2024-03-08 23:00:00+00:00
[2024-03-08T10:31:12.052+0000] {processor.py:183} INFO - Processing /opt/airflow/dags/first_dag.py took 0.364 seconds
[2024-03-08T10:31:42.611+0000] {processor.py:161} INFO - Started process (PID=125) to work on /opt/airflow/dags/first_dag.py
[2024-03-08T10:31:42.614+0000] {processor.py:830} INFO - Processing file /opt/airflow/dags/first_dag.py for tasks to queue
[2024-03-08T10:31:42.616+0000] {logging_mixin.py:188} INFO - [2024-03-08T10:31:42.615+0000] {dagbag.py:538} INFO - Filling up the DagBag from /opt/airflow/dags/first_dag.py
[2024-03-08T10:31:42.674+0000] {processor.py:840} INFO - DAG(s) 'welcome_dag' retrieved from /opt/airflow/dags/first_dag.py
[2024-03-08T10:31:42.720+0000] {logging_mixin.py:188} INFO - [2024-03-08T10:31:42.720+0000] {dag.py:3036} INFO - Sync 1 DAGs
[2024-03-08T10:31:42.758+0000] {logging_mixin.py:188} INFO - [2024-03-08T10:31:42.757+0000] {dag.py:3823} INFO - Setting next_dagrun for welcome_dag to 2024-03-07 23:00:00+00:00, run_after=2024-03-08 23:00:00+00:00
[2024-03-08T10:31:42.839+0000] {processor.py:183} INFO - Processing /opt/airflow/dags/first_dag.py took 0.231 seconds
[2024-03-08T10:32:13.475+0000] {processor.py:161} INFO - Started process (PID=126) to work on /opt/airflow/dags/first_dag.py
[2024-03-08T10:32:13.477+0000] {processor.py:830} INFO - Processing file /opt/airflow/dags/first_dag.py for tasks to queue
[2024-03-08T10:32:13.478+0000] {logging_mixin.py:188} INFO - [2024-03-08T10:32:13.478+0000] {dagbag.py:538} INFO - Filling up the DagBag from /opt/airflow/dags/first_dag.py
[2024-03-08T10:32:13.527+0000] {processor.py:840} INFO - DAG(s) 'welcome_dag' retrieved from /opt/airflow/dags/first_dag.py
[2024-03-08T10:32:13.569+0000] {logging_mixin.py:188} INFO - [2024-03-08T10:32:13.568+0000] {dag.py:3036} INFO - Sync 1 DAGs
[2024-03-08T10:32:13.618+0000] {logging_mixin.py:188} INFO - [2024-03-08T10:32:13.617+0000] {dag.py:3823} INFO - Setting next_dagrun for welcome_dag to 2024-03-07 23:00:00+00:00, run_after=2024-03-08 23:00:00+00:00
[2024-03-08T10:32:13.711+0000] {processor.py:183} INFO - Processing /opt/airflow/dags/first_dag.py took 0.242 seconds
[2024-03-08T10:32:43.958+0000] {processor.py:161} INFO - Started process (PID=127) to work on /opt/airflow/dags/first_dag.py
[2024-03-08T10:32:43.961+0000] {processor.py:830} INFO - Processing file /opt/airflow/dags/first_dag.py for tasks to queue
[2024-03-08T10:32:43.963+0000] {logging_mixin.py:188} INFO - [2024-03-08T10:32:43.962+0000] {dagbag.py:538} INFO - Filling up the DagBag from /opt/airflow/dags/first_dag.py
[2024-03-08T10:32:44.049+0000] {processor.py:840} INFO - DAG(s) 'welcome_dag' retrieved from /opt/airflow/dags/first_dag.py
[2024-03-08T10:32:44.130+0000] {logging_mixin.py:188} INFO - [2024-03-08T10:32:44.129+0000] {dag.py:3036} INFO - Sync 1 DAGs
[2024-03-08T10:32:44.198+0000] {logging_mixin.py:188} INFO - [2024-03-08T10:32:44.198+0000] {dag.py:3823} INFO - Setting next_dagrun for welcome_dag to 2024-03-07 23:00:00+00:00, run_after=2024-03-08 23:00:00+00:00
[2024-03-08T10:32:44.339+0000] {processor.py:183} INFO - Processing /opt/airflow/dags/first_dag.py took 0.387 seconds
[2024-03-08T10:33:14.876+0000] {processor.py:161} INFO - Started process (PID=128) to work on /opt/airflow/dags/first_dag.py
[2024-03-08T10:33:14.878+0000] {processor.py:830} INFO - Processing file /opt/airflow/dags/first_dag.py for tasks to queue
[2024-03-08T10:33:14.887+0000] {logging_mixin.py:188} INFO - [2024-03-08T10:33:14.886+0000] {dagbag.py:538} INFO - Filling up the DagBag from /opt/airflow/dags/first_dag.py
[2024-03-08T10:33:14.967+0000] {processor.py:840} INFO - DAG(s) 'welcome_dag' retrieved from /opt/airflow/dags/first_dag.py
[2024-03-08T10:33:15.009+0000] {logging_mixin.py:188} INFO - [2024-03-08T10:33:15.008+0000] {dag.py:3036} INFO - Sync 1 DAGs
[2024-03-08T10:33:15.056+0000] {logging_mixin.py:188} INFO - [2024-03-08T10:33:15.056+0000] {dag.py:3823} INFO - Setting next_dagrun for welcome_dag to 2024-03-07 23:00:00+00:00, run_after=2024-03-08 23:00:00+00:00
[2024-03-08T10:33:15.252+0000] {processor.py:183} INFO - Processing /opt/airflow/dags/first_dag.py took 0.382 seconds
[2024-03-08T10:33:45.964+0000] {processor.py:161} INFO - Started process (PID=129) to work on /opt/airflow/dags/first_dag.py
[2024-03-08T10:33:45.971+0000] {processor.py:830} INFO - Processing file /opt/airflow/dags/first_dag.py for tasks to queue
[2024-03-08T10:33:45.973+0000] {logging_mixin.py:188} INFO - [2024-03-08T10:33:45.973+0000] {dagbag.py:538} INFO - Filling up the DagBag from /opt/airflow/dags/first_dag.py
[2024-03-08T10:33:46.017+0000] {processor.py:840} INFO - DAG(s) 'welcome_dag' retrieved from /opt/airflow/dags/first_dag.py
[2024-03-08T10:33:46.060+0000] {logging_mixin.py:188} INFO - [2024-03-08T10:33:46.059+0000] {dag.py:3036} INFO - Sync 1 DAGs
[2024-03-08T10:33:46.104+0000] {logging_mixin.py:188} INFO - [2024-03-08T10:33:46.103+0000] {dag.py:3823} INFO - Setting next_dagrun for welcome_dag to 2024-03-07 23:00:00+00:00, run_after=2024-03-08 23:00:00+00:00
[2024-03-08T10:33:46.218+0000] {processor.py:183} INFO - Processing /opt/airflow/dags/first_dag.py took 0.258 seconds
[2024-03-08T10:34:16.861+0000] {processor.py:161} INFO - Started process (PID=130) to work on /opt/airflow/dags/first_dag.py
[2024-03-08T10:34:16.863+0000] {processor.py:830} INFO - Processing file /opt/airflow/dags/first_dag.py for tasks to queue
[2024-03-08T10:34:16.866+0000] {logging_mixin.py:188} INFO - [2024-03-08T10:34:16.865+0000] {dagbag.py:538} INFO - Filling up the DagBag from /opt/airflow/dags/first_dag.py
[2024-03-08T10:34:16.945+0000] {processor.py:840} INFO - DAG(s) 'welcome_dag' retrieved from /opt/airflow/dags/first_dag.py
[2024-03-08T10:34:17.028+0000] {logging_mixin.py:188} INFO - [2024-03-08T10:34:17.028+0000] {dag.py:3036} INFO - Sync 1 DAGs
[2024-03-08T10:34:17.091+0000] {logging_mixin.py:188} INFO - [2024-03-08T10:34:17.090+0000] {dag.py:3823} INFO - Setting next_dagrun for welcome_dag to 2024-03-07 23:00:00+00:00, run_after=2024-03-08 23:00:00+00:00
[2024-03-08T10:34:17.219+0000] {processor.py:183} INFO - Processing /opt/airflow/dags/first_dag.py took 0.363 seconds
[2024-03-08T10:34:47.642+0000] {processor.py:161} INFO - Started process (PID=131) to work on /opt/airflow/dags/first_dag.py
[2024-03-08T10:34:47.644+0000] {processor.py:830} INFO - Processing file /opt/airflow/dags/first_dag.py for tasks to queue
[2024-03-08T10:34:47.647+0000] {logging_mixin.py:188} INFO - [2024-03-08T10:34:47.646+0000] {dagbag.py:538} INFO - Filling up the DagBag from /opt/airflow/dags/first_dag.py
[2024-03-08T10:34:47.729+0000] {processor.py:840} INFO - DAG(s) 'welcome_dag' retrieved from /opt/airflow/dags/first_dag.py
[2024-03-08T10:34:47.775+0000] {logging_mixin.py:188} INFO - [2024-03-08T10:34:47.775+0000] {dag.py:3036} INFO - Sync 1 DAGs
[2024-03-08T10:34:47.814+0000] {logging_mixin.py:188} INFO - [2024-03-08T10:34:47.813+0000] {dag.py:3823} INFO - Setting next_dagrun for welcome_dag to 2024-03-07 23:00:00+00:00, run_after=2024-03-08 23:00:00+00:00
[2024-03-08T10:34:47.912+0000] {processor.py:183} INFO - Processing /opt/airflow/dags/first_dag.py took 0.275 seconds
[2024-03-08T10:35:18.602+0000] {processor.py:161} INFO - Started process (PID=132) to work on /opt/airflow/dags/first_dag.py
[2024-03-08T10:35:18.604+0000] {processor.py:830} INFO - Processing file /opt/airflow/dags/first_dag.py for tasks to queue
[2024-03-08T10:35:18.605+0000] {logging_mixin.py:188} INFO - [2024-03-08T10:35:18.605+0000] {dagbag.py:538} INFO - Filling up the DagBag from /opt/airflow/dags/first_dag.py
[2024-03-08T10:35:18.659+0000] {processor.py:840} INFO - DAG(s) 'welcome_dag' retrieved from /opt/airflow/dags/first_dag.py
[2024-03-08T10:35:18.714+0000] {logging_mixin.py:188} INFO - [2024-03-08T10:35:18.713+0000] {dag.py:3036} INFO - Sync 1 DAGs
[2024-03-08T10:35:18.761+0000] {logging_mixin.py:188} INFO - [2024-03-08T10:35:18.761+0000] {dag.py:3823} INFO - Setting next_dagrun for welcome_dag to 2024-03-07 23:00:00+00:00, run_after=2024-03-08 23:00:00+00:00
[2024-03-08T10:35:18.910+0000] {processor.py:183} INFO - Processing /opt/airflow/dags/first_dag.py took 0.316 seconds
[2024-03-08T10:35:49.281+0000] {processor.py:161} INFO - Started process (PID=133) to work on /opt/airflow/dags/first_dag.py
[2024-03-08T10:35:49.283+0000] {processor.py:830} INFO - Processing file /opt/airflow/dags/first_dag.py for tasks to queue
[2024-03-08T10:35:49.286+0000] {logging_mixin.py:188} INFO - [2024-03-08T10:35:49.285+0000] {dagbag.py:538} INFO - Filling up the DagBag from /opt/airflow/dags/first_dag.py
[2024-03-08T10:35:49.379+0000] {processor.py:840} INFO - DAG(s) 'welcome_dag' retrieved from /opt/airflow/dags/first_dag.py
[2024-03-08T10:35:49.437+0000] {logging_mixin.py:188} INFO - [2024-03-08T10:35:49.437+0000] {dag.py:3036} INFO - Sync 1 DAGs
[2024-03-08T10:35:49.481+0000] {logging_mixin.py:188} INFO - [2024-03-08T10:35:49.481+0000] {dag.py:3823} INFO - Setting next_dagrun for welcome_dag to 2024-03-07 23:00:00+00:00, run_after=2024-03-08 23:00:00+00:00
[2024-03-08T10:35:49.569+0000] {processor.py:183} INFO - Processing /opt/airflow/dags/first_dag.py took 0.293 seconds
[2024-03-08T10:36:20.079+0000] {processor.py:161} INFO - Started process (PID=134) to work on /opt/airflow/dags/first_dag.py
[2024-03-08T10:36:20.080+0000] {processor.py:830} INFO - Processing file /opt/airflow/dags/first_dag.py for tasks to queue
[2024-03-08T10:36:20.082+0000] {logging_mixin.py:188} INFO - [2024-03-08T10:36:20.082+0000] {dagbag.py:538} INFO - Filling up the DagBag from /opt/airflow/dags/first_dag.py
[2024-03-08T10:36:20.132+0000] {processor.py:840} INFO - DAG(s) 'welcome_dag' retrieved from /opt/airflow/dags/first_dag.py
[2024-03-08T10:36:20.175+0000] {logging_mixin.py:188} INFO - [2024-03-08T10:36:20.175+0000] {dag.py:3036} INFO - Sync 1 DAGs
[2024-03-08T10:36:20.222+0000] {logging_mixin.py:188} INFO - [2024-03-08T10:36:20.222+0000] {dag.py:3823} INFO - Setting next_dagrun for welcome_dag to 2024-03-07 23:00:00+00:00, run_after=2024-03-08 23:00:00+00:00
[2024-03-08T10:36:20.319+0000] {processor.py:183} INFO - Processing /opt/airflow/dags/first_dag.py took 0.244 seconds
[2024-03-08T10:36:50.641+0000] {processor.py:161} INFO - Started process (PID=135) to work on /opt/airflow/dags/first_dag.py
[2024-03-08T10:36:50.645+0000] {processor.py:830} INFO - Processing file /opt/airflow/dags/first_dag.py for tasks to queue
[2024-03-08T10:36:50.647+0000] {logging_mixin.py:188} INFO - [2024-03-08T10:36:50.647+0000] {dagbag.py:538} INFO - Filling up the DagBag from /opt/airflow/dags/first_dag.py
[2024-03-08T10:36:50.728+0000] {processor.py:840} INFO - DAG(s) 'welcome_dag' retrieved from /opt/airflow/dags/first_dag.py
[2024-03-08T10:36:50.791+0000] {logging_mixin.py:188} INFO - [2024-03-08T10:36:50.791+0000] {dag.py:3036} INFO - Sync 1 DAGs
[2024-03-08T10:36:50.850+0000] {logging_mixin.py:188} INFO - [2024-03-08T10:36:50.850+0000] {dag.py:3823} INFO - Setting next_dagrun for welcome_dag to 2024-03-07 23:00:00+00:00, run_after=2024-03-08 23:00:00+00:00
[2024-03-08T10:36:50.964+0000] {processor.py:183} INFO - Processing /opt/airflow/dags/first_dag.py took 0.328 seconds
[2024-03-08T10:37:21.443+0000] {processor.py:161} INFO - Started process (PID=136) to work on /opt/airflow/dags/first_dag.py
[2024-03-08T10:37:21.446+0000] {processor.py:830} INFO - Processing file /opt/airflow/dags/first_dag.py for tasks to queue
[2024-03-08T10:37:21.449+0000] {logging_mixin.py:188} INFO - [2024-03-08T10:37:21.448+0000] {dagbag.py:538} INFO - Filling up the DagBag from /opt/airflow/dags/first_dag.py
[2024-03-08T10:37:21.524+0000] {processor.py:840} INFO - DAG(s) 'welcome_dag' retrieved from /opt/airflow/dags/first_dag.py
[2024-03-08T10:37:21.578+0000] {logging_mixin.py:188} INFO - [2024-03-08T10:37:21.577+0000] {dag.py:3036} INFO - Sync 1 DAGs
[2024-03-08T10:37:21.624+0000] {logging_mixin.py:188} INFO - [2024-03-08T10:37:21.624+0000] {dag.py:3823} INFO - Setting next_dagrun for welcome_dag to 2024-03-07 23:00:00+00:00, run_after=2024-03-08 23:00:00+00:00
[2024-03-08T10:37:21.733+0000] {processor.py:183} INFO - Processing /opt/airflow/dags/first_dag.py took 0.295 seconds
[2024-03-08T10:37:52.331+0000] {processor.py:161} INFO - Started process (PID=137) to work on /opt/airflow/dags/first_dag.py
[2024-03-08T10:37:52.332+0000] {processor.py:830} INFO - Processing file /opt/airflow/dags/first_dag.py for tasks to queue
[2024-03-08T10:37:52.334+0000] {logging_mixin.py:188} INFO - [2024-03-08T10:37:52.333+0000] {dagbag.py:538} INFO - Filling up the DagBag from /opt/airflow/dags/first_dag.py
[2024-03-08T10:37:52.384+0000] {processor.py:840} INFO - DAG(s) 'welcome_dag' retrieved from /opt/airflow/dags/first_dag.py
[2024-03-08T10:37:52.438+0000] {logging_mixin.py:188} INFO - [2024-03-08T10:37:52.438+0000] {dag.py:3036} INFO - Sync 1 DAGs
[2024-03-08T10:37:52.474+0000] {logging_mixin.py:188} INFO - [2024-03-08T10:37:52.474+0000] {dag.py:3823} INFO - Setting next_dagrun for welcome_dag to 2024-03-07 23:00:00+00:00, run_after=2024-03-08 23:00:00+00:00
[2024-03-08T10:37:52.671+0000] {processor.py:183} INFO - Processing /opt/airflow/dags/first_dag.py took 0.345 seconds
[2024-03-08T10:38:23.003+0000] {processor.py:161} INFO - Started process (PID=138) to work on /opt/airflow/dags/first_dag.py
[2024-03-08T10:38:23.006+0000] {processor.py:830} INFO - Processing file /opt/airflow/dags/first_dag.py for tasks to queue
[2024-03-08T10:38:23.010+0000] {logging_mixin.py:188} INFO - [2024-03-08T10:38:23.008+0000] {dagbag.py:538} INFO - Filling up the DagBag from /opt/airflow/dags/first_dag.py
[2024-03-08T10:38:23.107+0000] {processor.py:840} INFO - DAG(s) 'welcome_dag' retrieved from /opt/airflow/dags/first_dag.py
[2024-03-08T10:38:23.185+0000] {logging_mixin.py:188} INFO - [2024-03-08T10:38:23.185+0000] {dag.py:3036} INFO - Sync 1 DAGs
[2024-03-08T10:38:23.252+0000] {logging_mixin.py:188} INFO - [2024-03-08T10:38:23.252+0000] {dag.py:3823} INFO - Setting next_dagrun for welcome_dag to 2024-03-07 23:00:00+00:00, run_after=2024-03-08 23:00:00+00:00
[2024-03-08T10:38:23.401+0000] {processor.py:183} INFO - Processing /opt/airflow/dags/first_dag.py took 0.403 seconds
[2024-03-08T10:38:53.807+0000] {processor.py:161} INFO - Started process (PID=139) to work on /opt/airflow/dags/first_dag.py
[2024-03-08T10:38:53.809+0000] {processor.py:830} INFO - Processing file /opt/airflow/dags/first_dag.py for tasks to queue
[2024-03-08T10:38:53.811+0000] {logging_mixin.py:188} INFO - [2024-03-08T10:38:53.810+0000] {dagbag.py:538} INFO - Filling up the DagBag from /opt/airflow/dags/first_dag.py
[2024-03-08T10:38:53.865+0000] {processor.py:840} INFO - DAG(s) 'welcome_dag' retrieved from /opt/airflow/dags/first_dag.py
[2024-03-08T10:38:53.913+0000] {logging_mixin.py:188} INFO - [2024-03-08T10:38:53.913+0000] {dag.py:3036} INFO - Sync 1 DAGs
[2024-03-08T10:38:53.948+0000] {logging_mixin.py:188} INFO - [2024-03-08T10:38:53.947+0000] {dag.py:3823} INFO - Setting next_dagrun for welcome_dag to 2024-03-07 23:00:00+00:00, run_after=2024-03-08 23:00:00+00:00
[2024-03-08T10:38:54.038+0000] {processor.py:183} INFO - Processing /opt/airflow/dags/first_dag.py took 0.236 seconds
[2024-03-08T10:39:24.209+0000] {processor.py:161} INFO - Started process (PID=140) to work on /opt/airflow/dags/first_dag.py
[2024-03-08T10:39:24.211+0000] {processor.py:830} INFO - Processing file /opt/airflow/dags/first_dag.py for tasks to queue
[2024-03-08T10:39:24.214+0000] {logging_mixin.py:188} INFO - [2024-03-08T10:39:24.213+0000] {dagbag.py:538} INFO - Filling up the DagBag from /opt/airflow/dags/first_dag.py
[2024-03-08T10:39:24.304+0000] {processor.py:840} INFO - DAG(s) 'welcome_dag' retrieved from /opt/airflow/dags/first_dag.py
[2024-03-08T10:39:24.377+0000] {logging_mixin.py:188} INFO - [2024-03-08T10:39:24.376+0000] {dag.py:3036} INFO - Sync 1 DAGs
[2024-03-08T10:39:24.441+0000] {logging_mixin.py:188} INFO - [2024-03-08T10:39:24.440+0000] {dag.py:3823} INFO - Setting next_dagrun for welcome_dag to 2024-03-07 23:00:00+00:00, run_after=2024-03-08 23:00:00+00:00
[2024-03-08T10:39:24.616+0000] {processor.py:183} INFO - Processing /opt/airflow/dags/first_dag.py took 0.412 seconds
[2024-03-08T10:39:55.333+0000] {processor.py:161} INFO - Started process (PID=141) to work on /opt/airflow/dags/first_dag.py
[2024-03-08T10:39:55.336+0000] {processor.py:830} INFO - Processing file /opt/airflow/dags/first_dag.py for tasks to queue
[2024-03-08T10:39:55.339+0000] {logging_mixin.py:188} INFO - [2024-03-08T10:39:55.338+0000] {dagbag.py:538} INFO - Filling up the DagBag from /opt/airflow/dags/first_dag.py
[2024-03-08T10:39:55.430+0000] {processor.py:840} INFO - DAG(s) 'welcome_dag' retrieved from /opt/airflow/dags/first_dag.py
[2024-03-08T10:39:55.489+0000] {logging_mixin.py:188} INFO - [2024-03-08T10:39:55.489+0000] {dag.py:3036} INFO - Sync 1 DAGs
[2024-03-08T10:39:55.544+0000] {logging_mixin.py:188} INFO - [2024-03-08T10:39:55.544+0000] {dag.py:3823} INFO - Setting next_dagrun for welcome_dag to 2024-03-07 23:00:00+00:00, run_after=2024-03-08 23:00:00+00:00
[2024-03-08T10:39:55.645+0000] {processor.py:183} INFO - Processing /opt/airflow/dags/first_dag.py took 0.317 seconds
[2024-03-08T10:40:26.311+0000] {processor.py:161} INFO - Started process (PID=142) to work on /opt/airflow/dags/first_dag.py
[2024-03-08T10:40:26.314+0000] {processor.py:830} INFO - Processing file /opt/airflow/dags/first_dag.py for tasks to queue
[2024-03-08T10:40:26.316+0000] {logging_mixin.py:188} INFO - [2024-03-08T10:40:26.315+0000] {dagbag.py:538} INFO - Filling up the DagBag from /opt/airflow/dags/first_dag.py
[2024-03-08T10:40:26.388+0000] {processor.py:840} INFO - DAG(s) 'welcome_dag' retrieved from /opt/airflow/dags/first_dag.py
[2024-03-08T10:40:26.462+0000] {logging_mixin.py:188} INFO - [2024-03-08T10:40:26.461+0000] {dag.py:3036} INFO - Sync 1 DAGs
[2024-03-08T10:40:26.508+0000] {logging_mixin.py:188} INFO - [2024-03-08T10:40:26.508+0000] {dag.py:3823} INFO - Setting next_dagrun for welcome_dag to 2024-03-07 23:00:00+00:00, run_after=2024-03-08 23:00:00+00:00
[2024-03-08T10:40:26.612+0000] {processor.py:183} INFO - Processing /opt/airflow/dags/first_dag.py took 0.305 seconds
[2024-03-08T10:40:57.100+0000] {processor.py:161} INFO - Started process (PID=143) to work on /opt/airflow/dags/first_dag.py
[2024-03-08T10:40:57.102+0000] {processor.py:830} INFO - Processing file /opt/airflow/dags/first_dag.py for tasks to queue
[2024-03-08T10:40:57.105+0000] {logging_mixin.py:188} INFO - [2024-03-08T10:40:57.104+0000] {dagbag.py:538} INFO - Filling up the DagBag from /opt/airflow/dags/first_dag.py
[2024-03-08T10:40:57.172+0000] {processor.py:840} INFO - DAG(s) 'welcome_dag' retrieved from /opt/airflow/dags/first_dag.py
[2024-03-08T10:40:57.228+0000] {logging_mixin.py:188} INFO - [2024-03-08T10:40:57.227+0000] {dag.py:3036} INFO - Sync 1 DAGs
[2024-03-08T10:40:57.273+0000] {logging_mixin.py:188} INFO - [2024-03-08T10:40:57.273+0000] {dag.py:3823} INFO - Setting next_dagrun for welcome_dag to 2024-03-07 23:00:00+00:00, run_after=2024-03-08 23:00:00+00:00
[2024-03-08T10:40:57.386+0000] {processor.py:183} INFO - Processing /opt/airflow/dags/first_dag.py took 0.291 seconds
[2024-03-08T10:41:27.743+0000] {processor.py:161} INFO - Started process (PID=144) to work on /opt/airflow/dags/first_dag.py
[2024-03-08T10:41:27.745+0000] {processor.py:830} INFO - Processing file /opt/airflow/dags/first_dag.py for tasks to queue
[2024-03-08T10:41:27.747+0000] {logging_mixin.py:188} INFO - [2024-03-08T10:41:27.746+0000] {dagbag.py:538} INFO - Filling up the DagBag from /opt/airflow/dags/first_dag.py
[2024-03-08T10:41:27.819+0000] {processor.py:840} INFO - DAG(s) 'welcome_dag' retrieved from /opt/airflow/dags/first_dag.py
[2024-03-08T10:41:27.879+0000] {logging_mixin.py:188} INFO - [2024-03-08T10:41:27.878+0000] {dag.py:3036} INFO - Sync 1 DAGs
[2024-03-08T10:41:27.928+0000] {logging_mixin.py:188} INFO - [2024-03-08T10:41:27.927+0000] {dag.py:3823} INFO - Setting next_dagrun for welcome_dag to 2024-03-07 23:00:00+00:00, run_after=2024-03-08 23:00:00+00:00
[2024-03-08T10:41:28.089+0000] {processor.py:183} INFO - Processing /opt/airflow/dags/first_dag.py took 0.352 seconds
[2024-03-08T10:41:58.626+0000] {processor.py:161} INFO - Started process (PID=145) to work on /opt/airflow/dags/first_dag.py
[2024-03-08T10:41:58.628+0000] {processor.py:830} INFO - Processing file /opt/airflow/dags/first_dag.py for tasks to queue
[2024-03-08T10:41:58.631+0000] {logging_mixin.py:188} INFO - [2024-03-08T10:41:58.630+0000] {dagbag.py:538} INFO - Filling up the DagBag from /opt/airflow/dags/first_dag.py
[2024-03-08T10:41:58.689+0000] {processor.py:840} INFO - DAG(s) 'welcome_dag' retrieved from /opt/airflow/dags/first_dag.py
[2024-03-08T10:41:58.745+0000] {logging_mixin.py:188} INFO - [2024-03-08T10:41:58.745+0000] {dag.py:3036} INFO - Sync 1 DAGs
[2024-03-08T10:41:58.790+0000] {logging_mixin.py:188} INFO - [2024-03-08T10:41:58.790+0000] {dag.py:3823} INFO - Setting next_dagrun for welcome_dag to 2024-03-07 23:00:00+00:00, run_after=2024-03-08 23:00:00+00:00
[2024-03-08T10:41:58.875+0000] {processor.py:183} INFO - Processing /opt/airflow/dags/first_dag.py took 0.253 seconds
[2024-03-08T10:42:29.140+0000] {processor.py:161} INFO - Started process (PID=146) to work on /opt/airflow/dags/first_dag.py
[2024-03-08T10:42:29.142+0000] {processor.py:830} INFO - Processing file /opt/airflow/dags/first_dag.py for tasks to queue
[2024-03-08T10:42:29.144+0000] {logging_mixin.py:188} INFO - [2024-03-08T10:42:29.143+0000] {dagbag.py:538} INFO - Filling up the DagBag from /opt/airflow/dags/first_dag.py
[2024-03-08T10:42:29.203+0000] {processor.py:840} INFO - DAG(s) 'welcome_dag' retrieved from /opt/airflow/dags/first_dag.py
[2024-03-08T10:42:29.259+0000] {logging_mixin.py:188} INFO - [2024-03-08T10:42:29.258+0000] {dag.py:3036} INFO - Sync 1 DAGs
[2024-03-08T10:42:29.303+0000] {logging_mixin.py:188} INFO - [2024-03-08T10:42:29.302+0000] {dag.py:3823} INFO - Setting next_dagrun for welcome_dag to 2024-03-07 23:00:00+00:00, run_after=2024-03-08 23:00:00+00:00
[2024-03-08T10:42:29.400+0000] {processor.py:183} INFO - Processing /opt/airflow/dags/first_dag.py took 0.264 seconds
[2024-03-08T10:42:59.808+0000] {processor.py:161} INFO - Started process (PID=147) to work on /opt/airflow/dags/first_dag.py
[2024-03-08T10:42:59.810+0000] {processor.py:830} INFO - Processing file /opt/airflow/dags/first_dag.py for tasks to queue
[2024-03-08T10:42:59.812+0000] {logging_mixin.py:188} INFO - [2024-03-08T10:42:59.811+0000] {dagbag.py:538} INFO - Filling up the DagBag from /opt/airflow/dags/first_dag.py
[2024-03-08T10:42:59.867+0000] {processor.py:840} INFO - DAG(s) 'welcome_dag' retrieved from /opt/airflow/dags/first_dag.py
[2024-03-08T10:42:59.912+0000] {logging_mixin.py:188} INFO - [2024-03-08T10:42:59.912+0000] {dag.py:3036} INFO - Sync 1 DAGs
[2024-03-08T10:42:59.949+0000] {logging_mixin.py:188} INFO - [2024-03-08T10:42:59.948+0000] {dag.py:3823} INFO - Setting next_dagrun for welcome_dag to 2024-03-07 23:00:00+00:00, run_after=2024-03-08 23:00:00+00:00
[2024-03-08T10:43:00.045+0000] {processor.py:183} INFO - Processing /opt/airflow/dags/first_dag.py took 0.241 seconds
[2024-03-08T10:43:30.272+0000] {processor.py:161} INFO - Started process (PID=148) to work on /opt/airflow/dags/first_dag.py
[2024-03-08T10:43:30.274+0000] {processor.py:830} INFO - Processing file /opt/airflow/dags/first_dag.py for tasks to queue
[2024-03-08T10:43:30.276+0000] {logging_mixin.py:188} INFO - [2024-03-08T10:43:30.275+0000] {dagbag.py:538} INFO - Filling up the DagBag from /opt/airflow/dags/first_dag.py
[2024-03-08T10:43:30.323+0000] {processor.py:840} INFO - DAG(s) 'welcome_dag' retrieved from /opt/airflow/dags/first_dag.py
[2024-03-08T10:43:30.392+0000] {logging_mixin.py:188} INFO - [2024-03-08T10:43:30.392+0000] {dag.py:3036} INFO - Sync 1 DAGs
[2024-03-08T10:43:30.446+0000] {logging_mixin.py:188} INFO - [2024-03-08T10:43:30.445+0000] {dag.py:3823} INFO - Setting next_dagrun for welcome_dag to 2024-03-07 23:00:00+00:00, run_after=2024-03-08 23:00:00+00:00
[2024-03-08T10:43:30.586+0000] {processor.py:183} INFO - Processing /opt/airflow/dags/first_dag.py took 0.319 seconds
[2024-03-08T10:44:01.167+0000] {processor.py:161} INFO - Started process (PID=149) to work on /opt/airflow/dags/first_dag.py
[2024-03-08T10:44:01.169+0000] {processor.py:830} INFO - Processing file /opt/airflow/dags/first_dag.py for tasks to queue
[2024-03-08T10:44:01.170+0000] {logging_mixin.py:188} INFO - [2024-03-08T10:44:01.170+0000] {dagbag.py:538} INFO - Filling up the DagBag from /opt/airflow/dags/first_dag.py
[2024-03-08T10:44:01.218+0000] {processor.py:840} INFO - DAG(s) 'welcome_dag' retrieved from /opt/airflow/dags/first_dag.py
[2024-03-08T10:44:01.263+0000] {logging_mixin.py:188} INFO - [2024-03-08T10:44:01.263+0000] {dag.py:3036} INFO - Sync 1 DAGs
[2024-03-08T10:44:01.304+0000] {logging_mixin.py:188} INFO - [2024-03-08T10:44:01.304+0000] {dag.py:3823} INFO - Setting next_dagrun for welcome_dag to 2024-03-07 23:00:00+00:00, run_after=2024-03-08 23:00:00+00:00
[2024-03-08T10:44:01.397+0000] {processor.py:183} INFO - Processing /opt/airflow/dags/first_dag.py took 0.235 seconds
[2024-03-08T10:44:31.766+0000] {processor.py:161} INFO - Started process (PID=150) to work on /opt/airflow/dags/first_dag.py
[2024-03-08T10:44:31.770+0000] {processor.py:830} INFO - Processing file /opt/airflow/dags/first_dag.py for tasks to queue
[2024-03-08T10:44:31.771+0000] {logging_mixin.py:188} INFO - [2024-03-08T10:44:31.771+0000] {dagbag.py:538} INFO - Filling up the DagBag from /opt/airflow/dags/first_dag.py
[2024-03-08T10:44:31.845+0000] {processor.py:840} INFO - DAG(s) 'welcome_dag' retrieved from /opt/airflow/dags/first_dag.py
[2024-03-08T10:44:31.908+0000] {logging_mixin.py:188} INFO - [2024-03-08T10:44:31.907+0000] {dag.py:3036} INFO - Sync 1 DAGs
[2024-03-08T10:44:31.959+0000] {logging_mixin.py:188} INFO - [2024-03-08T10:44:31.958+0000] {dag.py:3823} INFO - Setting next_dagrun for welcome_dag to 2024-03-07 23:00:00+00:00, run_after=2024-03-08 23:00:00+00:00
[2024-03-08T10:44:32.123+0000] {processor.py:183} INFO - Processing /opt/airflow/dags/first_dag.py took 0.362 seconds
[2024-03-08T10:45:02.743+0000] {processor.py:161} INFO - Started process (PID=151) to work on /opt/airflow/dags/first_dag.py
[2024-03-08T10:45:02.745+0000] {processor.py:830} INFO - Processing file /opt/airflow/dags/first_dag.py for tasks to queue
[2024-03-08T10:45:02.747+0000] {logging_mixin.py:188} INFO - [2024-03-08T10:45:02.747+0000] {dagbag.py:538} INFO - Filling up the DagBag from /opt/airflow/dags/first_dag.py
[2024-03-08T10:45:02.821+0000] {processor.py:840} INFO - DAG(s) 'welcome_dag' retrieved from /opt/airflow/dags/first_dag.py
[2024-03-08T10:45:02.890+0000] {logging_mixin.py:188} INFO - [2024-03-08T10:45:02.889+0000] {dag.py:3036} INFO - Sync 1 DAGs
[2024-03-08T10:45:02.941+0000] {logging_mixin.py:188} INFO - [2024-03-08T10:45:02.940+0000] {dag.py:3823} INFO - Setting next_dagrun for welcome_dag to 2024-03-07 23:00:00+00:00, run_after=2024-03-08 23:00:00+00:00
[2024-03-08T10:45:03.088+0000] {processor.py:183} INFO - Processing /opt/airflow/dags/first_dag.py took 0.351 seconds
[2024-03-08T10:45:33.396+0000] {processor.py:161} INFO - Started process (PID=152) to work on /opt/airflow/dags/first_dag.py
[2024-03-08T10:45:33.400+0000] {processor.py:830} INFO - Processing file /opt/airflow/dags/first_dag.py for tasks to queue
[2024-03-08T10:45:33.404+0000] {logging_mixin.py:188} INFO - [2024-03-08T10:45:33.403+0000] {dagbag.py:538} INFO - Filling up the DagBag from /opt/airflow/dags/first_dag.py
[2024-03-08T10:45:33.484+0000] {processor.py:840} INFO - DAG(s) 'welcome_dag' retrieved from /opt/airflow/dags/first_dag.py
[2024-03-08T10:45:33.536+0000] {logging_mixin.py:188} INFO - [2024-03-08T10:45:33.535+0000] {dag.py:3036} INFO - Sync 1 DAGs
[2024-03-08T10:45:33.584+0000] {logging_mixin.py:188} INFO - [2024-03-08T10:45:33.584+0000] {dag.py:3823} INFO - Setting next_dagrun for welcome_dag to 2024-03-07 23:00:00+00:00, run_after=2024-03-08 23:00:00+00:00
[2024-03-08T10:45:33.680+0000] {processor.py:183} INFO - Processing /opt/airflow/dags/first_dag.py took 0.331 seconds
[2024-03-08T10:46:04.122+0000] {processor.py:161} INFO - Started process (PID=153) to work on /opt/airflow/dags/first_dag.py
[2024-03-08T10:46:04.124+0000] {processor.py:830} INFO - Processing file /opt/airflow/dags/first_dag.py for tasks to queue
[2024-03-08T10:46:04.127+0000] {logging_mixin.py:188} INFO - [2024-03-08T10:46:04.126+0000] {dagbag.py:538} INFO - Filling up the DagBag from /opt/airflow/dags/first_dag.py
[2024-03-08T10:46:04.189+0000] {processor.py:840} INFO - DAG(s) 'welcome_dag' retrieved from /opt/airflow/dags/first_dag.py
[2024-03-08T10:46:04.232+0000] {logging_mixin.py:188} INFO - [2024-03-08T10:46:04.232+0000] {dag.py:3036} INFO - Sync 1 DAGs
[2024-03-08T10:46:04.270+0000] {logging_mixin.py:188} INFO - [2024-03-08T10:46:04.270+0000] {dag.py:3823} INFO - Setting next_dagrun for welcome_dag to 2024-03-07 23:00:00+00:00, run_after=2024-03-08 23:00:00+00:00
[2024-03-08T10:46:04.354+0000] {processor.py:183} INFO - Processing /opt/airflow/dags/first_dag.py took 0.252 seconds
[2024-03-08T10:46:34.518+0000] {processor.py:161} INFO - Started process (PID=154) to work on /opt/airflow/dags/first_dag.py
[2024-03-08T10:46:34.520+0000] {processor.py:830} INFO - Processing file /opt/airflow/dags/first_dag.py for tasks to queue
[2024-03-08T10:46:34.521+0000] {logging_mixin.py:188} INFO - [2024-03-08T10:46:34.521+0000] {dagbag.py:538} INFO - Filling up the DagBag from /opt/airflow/dags/first_dag.py
[2024-03-08T10:46:34.586+0000] {processor.py:840} INFO - DAG(s) 'welcome_dag' retrieved from /opt/airflow/dags/first_dag.py
[2024-03-08T10:46:34.647+0000] {logging_mixin.py:188} INFO - [2024-03-08T10:46:34.647+0000] {dag.py:3036} INFO - Sync 1 DAGs
[2024-03-08T10:46:34.690+0000] {logging_mixin.py:188} INFO - [2024-03-08T10:46:34.690+0000] {dag.py:3823} INFO - Setting next_dagrun for welcome_dag to 2024-03-07 23:00:00+00:00, run_after=2024-03-08 23:00:00+00:00
[2024-03-08T10:46:34.807+0000] {processor.py:183} INFO - Processing /opt/airflow/dags/first_dag.py took 0.292 seconds
[2024-03-08T10:47:05.252+0000] {processor.py:161} INFO - Started process (PID=155) to work on /opt/airflow/dags/first_dag.py
[2024-03-08T10:47:05.254+0000] {processor.py:830} INFO - Processing file /opt/airflow/dags/first_dag.py for tasks to queue
[2024-03-08T10:47:05.256+0000] {logging_mixin.py:188} INFO - [2024-03-08T10:47:05.255+0000] {dagbag.py:538} INFO - Filling up the DagBag from /opt/airflow/dags/first_dag.py
[2024-03-08T10:47:05.301+0000] {processor.py:840} INFO - DAG(s) 'welcome_dag' retrieved from /opt/airflow/dags/first_dag.py
[2024-03-08T10:47:05.351+0000] {logging_mixin.py:188} INFO - [2024-03-08T10:47:05.350+0000] {dag.py:3036} INFO - Sync 1 DAGs
[2024-03-08T10:47:05.389+0000] {logging_mixin.py:188} INFO - [2024-03-08T10:47:05.389+0000] {dag.py:3823} INFO - Setting next_dagrun for welcome_dag to 2024-03-07 23:00:00+00:00, run_after=2024-03-08 23:00:00+00:00
[2024-03-08T10:47:05.478+0000] {processor.py:183} INFO - Processing /opt/airflow/dags/first_dag.py took 0.230 seconds
[2024-03-08T10:47:36.056+0000] {processor.py:161} INFO - Started process (PID=156) to work on /opt/airflow/dags/first_dag.py
[2024-03-08T10:47:36.058+0000] {processor.py:830} INFO - Processing file /opt/airflow/dags/first_dag.py for tasks to queue
[2024-03-08T10:47:36.061+0000] {logging_mixin.py:188} INFO - [2024-03-08T10:47:36.060+0000] {dagbag.py:538} INFO - Filling up the DagBag from /opt/airflow/dags/first_dag.py
[2024-03-08T10:47:36.144+0000] {processor.py:840} INFO - DAG(s) 'welcome_dag' retrieved from /opt/airflow/dags/first_dag.py
[2024-03-08T10:47:36.209+0000] {logging_mixin.py:188} INFO - [2024-03-08T10:47:36.209+0000] {dag.py:3036} INFO - Sync 1 DAGs
[2024-03-08T10:47:36.254+0000] {logging_mixin.py:188} INFO - [2024-03-08T10:47:36.254+0000] {dag.py:3823} INFO - Setting next_dagrun for welcome_dag to 2024-03-07 23:00:00+00:00, run_after=2024-03-08 23:00:00+00:00
[2024-03-08T10:47:36.418+0000] {processor.py:183} INFO - Processing /opt/airflow/dags/first_dag.py took 0.367 seconds
[2024-03-08T10:48:06.946+0000] {processor.py:161} INFO - Started process (PID=157) to work on /opt/airflow/dags/first_dag.py
[2024-03-08T10:48:06.948+0000] {processor.py:830} INFO - Processing file /opt/airflow/dags/first_dag.py for tasks to queue
[2024-03-08T10:48:06.950+0000] {logging_mixin.py:188} INFO - [2024-03-08T10:48:06.950+0000] {dagbag.py:538} INFO - Filling up the DagBag from /opt/airflow/dags/first_dag.py
[2024-03-08T10:48:07.024+0000] {processor.py:840} INFO - DAG(s) 'welcome_dag' retrieved from /opt/airflow/dags/first_dag.py
[2024-03-08T10:48:07.088+0000] {logging_mixin.py:188} INFO - [2024-03-08T10:48:07.087+0000] {dag.py:3036} INFO - Sync 1 DAGs
[2024-03-08T10:48:07.138+0000] {logging_mixin.py:188} INFO - [2024-03-08T10:48:07.138+0000] {dag.py:3823} INFO - Setting next_dagrun for welcome_dag to 2024-03-07 23:00:00+00:00, run_after=2024-03-08 23:00:00+00:00
[2024-03-08T10:48:07.256+0000] {processor.py:183} INFO - Processing /opt/airflow/dags/first_dag.py took 0.313 seconds
[2024-03-08T10:48:37.670+0000] {processor.py:161} INFO - Started process (PID=158) to work on /opt/airflow/dags/first_dag.py
[2024-03-08T10:48:37.672+0000] {processor.py:830} INFO - Processing file /opt/airflow/dags/first_dag.py for tasks to queue
[2024-03-08T10:48:37.674+0000] {logging_mixin.py:188} INFO - [2024-03-08T10:48:37.673+0000] {dagbag.py:538} INFO - Filling up the DagBag from /opt/airflow/dags/first_dag.py
[2024-03-08T10:48:37.725+0000] {processor.py:840} INFO - DAG(s) 'welcome_dag' retrieved from /opt/airflow/dags/first_dag.py
[2024-03-08T10:48:37.766+0000] {logging_mixin.py:188} INFO - [2024-03-08T10:48:37.766+0000] {dag.py:3036} INFO - Sync 1 DAGs
[2024-03-08T10:48:37.799+0000] {logging_mixin.py:188} INFO - [2024-03-08T10:48:37.799+0000] {dag.py:3823} INFO - Setting next_dagrun for welcome_dag to 2024-03-07 23:00:00+00:00, run_after=2024-03-08 23:00:00+00:00
[2024-03-08T10:48:37.893+0000] {processor.py:183} INFO - Processing /opt/airflow/dags/first_dag.py took 0.228 seconds
[2024-03-08T10:49:08.115+0000] {processor.py:161} INFO - Started process (PID=159) to work on /opt/airflow/dags/first_dag.py
[2024-03-08T10:49:08.117+0000] {processor.py:830} INFO - Processing file /opt/airflow/dags/first_dag.py for tasks to queue
[2024-03-08T10:49:08.119+0000] {logging_mixin.py:188} INFO - [2024-03-08T10:49:08.119+0000] {dagbag.py:538} INFO - Filling up the DagBag from /opt/airflow/dags/first_dag.py
[2024-03-08T10:49:08.191+0000] {processor.py:840} INFO - DAG(s) 'welcome_dag' retrieved from /opt/airflow/dags/first_dag.py
[2024-03-08T10:49:08.251+0000] {logging_mixin.py:188} INFO - [2024-03-08T10:49:08.250+0000] {dag.py:3036} INFO - Sync 1 DAGs
[2024-03-08T10:49:08.300+0000] {logging_mixin.py:188} INFO - [2024-03-08T10:49:08.299+0000] {dag.py:3823} INFO - Setting next_dagrun for welcome_dag to 2024-03-07 23:00:00+00:00, run_after=2024-03-08 23:00:00+00:00
[2024-03-08T10:49:08.466+0000] {processor.py:183} INFO - Processing /opt/airflow/dags/first_dag.py took 0.355 seconds
[2024-03-08T10:49:38.759+0000] {processor.py:161} INFO - Started process (PID=160) to work on /opt/airflow/dags/first_dag.py
[2024-03-08T10:49:38.761+0000] {processor.py:830} INFO - Processing file /opt/airflow/dags/first_dag.py for tasks to queue
[2024-03-08T10:49:38.763+0000] {logging_mixin.py:188} INFO - [2024-03-08T10:49:38.763+0000] {dagbag.py:538} INFO - Filling up the DagBag from /opt/airflow/dags/first_dag.py
[2024-03-08T10:49:38.820+0000] {processor.py:840} INFO - DAG(s) 'welcome_dag' retrieved from /opt/airflow/dags/first_dag.py
[2024-03-08T10:49:38.864+0000] {logging_mixin.py:188} INFO - [2024-03-08T10:49:38.864+0000] {dag.py:3036} INFO - Sync 1 DAGs
[2024-03-08T10:49:38.905+0000] {logging_mixin.py:188} INFO - [2024-03-08T10:49:38.905+0000] {dag.py:3823} INFO - Setting next_dagrun for welcome_dag to 2024-03-07 23:00:00+00:00, run_after=2024-03-08 23:00:00+00:00
[2024-03-08T10:49:39.014+0000] {processor.py:183} INFO - Processing /opt/airflow/dags/first_dag.py took 0.260 seconds
[2024-03-08T10:50:09.492+0000] {processor.py:161} INFO - Started process (PID=161) to work on /opt/airflow/dags/first_dag.py
[2024-03-08T10:50:09.497+0000] {processor.py:830} INFO - Processing file /opt/airflow/dags/first_dag.py for tasks to queue
[2024-03-08T10:50:09.500+0000] {logging_mixin.py:188} INFO - [2024-03-08T10:50:09.499+0000] {dagbag.py:538} INFO - Filling up the DagBag from /opt/airflow/dags/first_dag.py
[2024-03-08T10:50:09.549+0000] {processor.py:840} INFO - DAG(s) 'welcome_dag' retrieved from /opt/airflow/dags/first_dag.py
[2024-03-08T10:50:09.599+0000] {logging_mixin.py:188} INFO - [2024-03-08T10:50:09.599+0000] {dag.py:3036} INFO - Sync 1 DAGs
[2024-03-08T10:50:09.638+0000] {logging_mixin.py:188} INFO - [2024-03-08T10:50:09.638+0000] {dag.py:3823} INFO - Setting next_dagrun for welcome_dag to 2024-03-07 23:00:00+00:00, run_after=2024-03-08 23:00:00+00:00
[2024-03-08T10:50:09.731+0000] {processor.py:183} INFO - Processing /opt/airflow/dags/first_dag.py took 0.245 seconds
[2024-03-08T11:48:39.589+0000] {processor.py:161} INFO - Started process (PID=165) to work on /opt/airflow/dags/first_dag.py
[2024-03-08T11:48:39.592+0000] {processor.py:830} INFO - Processing file /opt/airflow/dags/first_dag.py for tasks to queue
[2024-03-08T11:48:39.595+0000] {logging_mixin.py:188} INFO - [2024-03-08T11:48:39.594+0000] {dagbag.py:538} INFO - Filling up the DagBag from /opt/airflow/dags/first_dag.py
[2024-03-08T11:48:39.651+0000] {processor.py:840} INFO - DAG(s) 'welcome_dag' retrieved from /opt/airflow/dags/first_dag.py
[2024-03-08T11:48:39.703+0000] {logging_mixin.py:188} INFO - [2024-03-08T11:48:39.702+0000] {dag.py:3036} INFO - Sync 1 DAGs
[2024-03-08T11:48:39.751+0000] {logging_mixin.py:188} INFO - [2024-03-08T11:48:39.751+0000] {dag.py:3823} INFO - Setting next_dagrun for welcome_dag to 2024-03-07 23:00:00+00:00, run_after=2024-03-08 23:00:00+00:00
[2024-03-08T11:48:39.854+0000] {processor.py:183} INFO - Processing /opt/airflow/dags/first_dag.py took 0.273 seconds
[2024-03-08T11:49:11.181+0000] {processor.py:161} INFO - Started process (PID=171) to work on /opt/airflow/dags/first_dag.py
[2024-03-08T11:49:11.185+0000] {processor.py:830} INFO - Processing file /opt/airflow/dags/first_dag.py for tasks to queue
[2024-03-08T11:49:11.188+0000] {logging_mixin.py:188} INFO - [2024-03-08T11:49:11.187+0000] {dagbag.py:538} INFO - Filling up the DagBag from /opt/airflow/dags/first_dag.py
[2024-03-08T11:49:11.249+0000] {processor.py:840} INFO - DAG(s) 'welcome_dag' retrieved from /opt/airflow/dags/first_dag.py
[2024-03-08T11:49:11.313+0000] {logging_mixin.py:188} INFO - [2024-03-08T11:49:11.312+0000] {dag.py:3036} INFO - Sync 1 DAGs
[2024-03-08T11:49:11.390+0000] {logging_mixin.py:188} INFO - [2024-03-08T11:49:11.390+0000] {dag.py:3823} INFO - Setting next_dagrun for welcome_dag to 2024-03-07 23:00:00+00:00, run_after=2024-03-08 23:00:00+00:00
[2024-03-08T11:49:11.497+0000] {processor.py:183} INFO - Processing /opt/airflow/dags/first_dag.py took 0.329 seconds
[2024-03-08T11:49:41.764+0000] {processor.py:161} INFO - Started process (PID=172) to work on /opt/airflow/dags/first_dag.py
[2024-03-08T11:49:41.767+0000] {processor.py:830} INFO - Processing file /opt/airflow/dags/first_dag.py for tasks to queue
[2024-03-08T11:49:41.769+0000] {logging_mixin.py:188} INFO - [2024-03-08T11:49:41.768+0000] {dagbag.py:538} INFO - Filling up the DagBag from /opt/airflow/dags/first_dag.py
[2024-03-08T11:49:41.847+0000] {processor.py:840} INFO - DAG(s) 'welcome_dag' retrieved from /opt/airflow/dags/first_dag.py
[2024-03-08T11:49:41.927+0000] {logging_mixin.py:188} INFO - [2024-03-08T11:49:41.926+0000] {dag.py:3036} INFO - Sync 1 DAGs
[2024-03-08T11:49:41.996+0000] {logging_mixin.py:188} INFO - [2024-03-08T11:49:41.995+0000] {dag.py:3823} INFO - Setting next_dagrun for welcome_dag to 2024-03-07 23:00:00+00:00, run_after=2024-03-08 23:00:00+00:00
[2024-03-08T11:49:42.254+0000] {processor.py:183} INFO - Processing /opt/airflow/dags/first_dag.py took 0.501 seconds
[2024-03-08T11:50:13.260+0000] {processor.py:161} INFO - Started process (PID=173) to work on /opt/airflow/dags/first_dag.py
[2024-03-08T11:50:13.262+0000] {processor.py:830} INFO - Processing file /opt/airflow/dags/first_dag.py for tasks to queue
[2024-03-08T11:50:13.264+0000] {logging_mixin.py:188} INFO - [2024-03-08T11:50:13.264+0000] {dagbag.py:538} INFO - Filling up the DagBag from /opt/airflow/dags/first_dag.py
[2024-03-08T11:50:13.336+0000] {processor.py:840} INFO - DAG(s) 'welcome_dag' retrieved from /opt/airflow/dags/first_dag.py
[2024-03-08T11:50:13.405+0000] {logging_mixin.py:188} INFO - [2024-03-08T11:50:13.404+0000] {dag.py:3036} INFO - Sync 1 DAGs
[2024-03-08T11:50:13.457+0000] {logging_mixin.py:188} INFO - [2024-03-08T11:50:13.456+0000] {dag.py:3823} INFO - Setting next_dagrun for welcome_dag to 2024-03-07 23:00:00+00:00, run_after=2024-03-08 23:00:00+00:00
[2024-03-08T11:50:13.575+0000] {processor.py:183} INFO - Processing /opt/airflow/dags/first_dag.py took 0.323 seconds
[2024-03-08T11:50:44.666+0000] {processor.py:161} INFO - Started process (PID=174) to work on /opt/airflow/dags/first_dag.py
[2024-03-08T11:50:44.671+0000] {processor.py:830} INFO - Processing file /opt/airflow/dags/first_dag.py for tasks to queue
[2024-03-08T11:50:44.674+0000] {logging_mixin.py:188} INFO - [2024-03-08T11:50:44.673+0000] {dagbag.py:538} INFO - Filling up the DagBag from /opt/airflow/dags/first_dag.py
[2024-03-08T11:50:44.774+0000] {processor.py:840} INFO - DAG(s) 'welcome_dag' retrieved from /opt/airflow/dags/first_dag.py
[2024-03-08T11:50:44.876+0000] {logging_mixin.py:188} INFO - [2024-03-08T11:50:44.876+0000] {dag.py:3036} INFO - Sync 1 DAGs
[2024-03-08T11:50:44.929+0000] {logging_mixin.py:188} INFO - [2024-03-08T11:50:44.928+0000] {dag.py:3823} INFO - Setting next_dagrun for welcome_dag to 2024-03-07 23:00:00+00:00, run_after=2024-03-08 23:00:00+00:00
[2024-03-08T11:50:45.118+0000] {processor.py:183} INFO - Processing /opt/airflow/dags/first_dag.py took 0.459 seconds
[2024-03-08T11:51:16.413+0000] {processor.py:161} INFO - Started process (PID=175) to work on /opt/airflow/dags/first_dag.py
[2024-03-08T11:51:16.415+0000] {processor.py:830} INFO - Processing file /opt/airflow/dags/first_dag.py for tasks to queue
[2024-03-08T11:51:16.417+0000] {logging_mixin.py:188} INFO - [2024-03-08T11:51:16.416+0000] {dagbag.py:538} INFO - Filling up the DagBag from /opt/airflow/dags/first_dag.py
[2024-03-08T11:51:16.558+0000] {processor.py:840} INFO - DAG(s) 'welcome_dag' retrieved from /opt/airflow/dags/first_dag.py
[2024-03-08T11:51:16.631+0000] {logging_mixin.py:188} INFO - [2024-03-08T11:51:16.631+0000] {dag.py:3036} INFO - Sync 1 DAGs
[2024-03-08T11:51:16.672+0000] {logging_mixin.py:188} INFO - [2024-03-08T11:51:16.672+0000] {dag.py:3823} INFO - Setting next_dagrun for welcome_dag to 2024-03-07 23:00:00+00:00, run_after=2024-03-08 23:00:00+00:00
[2024-03-08T11:51:16.753+0000] {processor.py:183} INFO - Processing /opt/airflow/dags/first_dag.py took 0.346 seconds
[2024-03-08T11:51:48.322+0000] {processor.py:161} INFO - Started process (PID=176) to work on /opt/airflow/dags/first_dag.py
[2024-03-08T11:51:48.330+0000] {processor.py:830} INFO - Processing file /opt/airflow/dags/first_dag.py for tasks to queue
[2024-03-08T11:51:48.334+0000] {logging_mixin.py:188} INFO - [2024-03-08T11:51:48.333+0000] {dagbag.py:538} INFO - Filling up the DagBag from /opt/airflow/dags/first_dag.py
[2024-03-08T11:51:48.385+0000] {processor.py:840} INFO - DAG(s) 'welcome_dag' retrieved from /opt/airflow/dags/first_dag.py
[2024-03-08T11:51:48.435+0000] {logging_mixin.py:188} INFO - [2024-03-08T11:51:48.434+0000] {dag.py:3036} INFO - Sync 1 DAGs
[2024-03-08T11:51:48.475+0000] {logging_mixin.py:188} INFO - [2024-03-08T11:51:48.474+0000] {dag.py:3823} INFO - Setting next_dagrun for welcome_dag to 2024-03-07 23:00:00+00:00, run_after=2024-03-08 23:00:00+00:00
[2024-03-08T11:51:49.449+0000] {processor.py:183} INFO - Processing /opt/airflow/dags/first_dag.py took 1.131 seconds
[2024-03-08T11:52:19.778+0000] {processor.py:161} INFO - Started process (PID=177) to work on /opt/airflow/dags/first_dag.py
[2024-03-08T11:52:19.781+0000] {processor.py:830} INFO - Processing file /opt/airflow/dags/first_dag.py for tasks to queue
[2024-03-08T11:52:19.783+0000] {logging_mixin.py:188} INFO - [2024-03-08T11:52:19.782+0000] {dagbag.py:538} INFO - Filling up the DagBag from /opt/airflow/dags/first_dag.py
[2024-03-08T11:52:19.882+0000] {processor.py:840} INFO - DAG(s) 'welcome_dag' retrieved from /opt/airflow/dags/first_dag.py
[2024-03-08T11:52:19.995+0000] {logging_mixin.py:188} INFO - [2024-03-08T11:52:19.994+0000] {dag.py:3036} INFO - Sync 1 DAGs
[2024-03-08T11:52:20.063+0000] {logging_mixin.py:188} INFO - [2024-03-08T11:52:20.063+0000] {dag.py:3823} INFO - Setting next_dagrun for welcome_dag to 2024-03-07 23:00:00+00:00, run_after=2024-03-08 23:00:00+00:00
[2024-03-08T11:52:20.245+0000] {processor.py:183} INFO - Processing /opt/airflow/dags/first_dag.py took 0.473 seconds
[2024-03-08T11:52:50.803+0000] {processor.py:161} INFO - Started process (PID=178) to work on /opt/airflow/dags/first_dag.py
[2024-03-08T11:52:50.814+0000] {processor.py:830} INFO - Processing file /opt/airflow/dags/first_dag.py for tasks to queue
[2024-03-08T11:52:50.817+0000] {logging_mixin.py:188} INFO - [2024-03-08T11:52:50.816+0000] {dagbag.py:538} INFO - Filling up the DagBag from /opt/airflow/dags/first_dag.py
[2024-03-08T11:52:50.890+0000] {processor.py:840} INFO - DAG(s) 'welcome_dag' retrieved from /opt/airflow/dags/first_dag.py
[2024-03-08T11:52:50.942+0000] {logging_mixin.py:188} INFO - [2024-03-08T11:52:50.942+0000] {dag.py:3036} INFO - Sync 1 DAGs
[2024-03-08T11:52:50.981+0000] {logging_mixin.py:188} INFO - [2024-03-08T11:52:50.980+0000] {dag.py:3823} INFO - Setting next_dagrun for welcome_dag to 2024-03-07 23:00:00+00:00, run_after=2024-03-08 23:00:00+00:00
[2024-03-08T11:52:51.067+0000] {processor.py:183} INFO - Processing /opt/airflow/dags/first_dag.py took 0.272 seconds
[2024-03-08T11:52:58.819+0000] {processor.py:161} INFO - Started process (PID=179) to work on /opt/airflow/dags/first_dag.py
[2024-03-08T11:52:58.821+0000] {processor.py:830} INFO - Processing file /opt/airflow/dags/first_dag.py for tasks to queue
[2024-03-08T11:52:58.823+0000] {logging_mixin.py:188} INFO - [2024-03-08T11:52:58.822+0000] {dagbag.py:538} INFO - Filling up the DagBag from /opt/airflow/dags/first_dag.py
[2024-03-08T11:52:58.927+0000] {processor.py:840} INFO - DAG(s) 'welcome_dag' retrieved from /opt/airflow/dags/first_dag.py
[2024-03-08T11:52:58.977+0000] {logging_mixin.py:188} INFO - [2024-03-08T11:52:58.977+0000] {dag.py:3036} INFO - Sync 1 DAGs
[2024-03-08T11:52:59.025+0000] {logging_mixin.py:188} INFO - [2024-03-08T11:52:59.025+0000] {dag.py:3823} INFO - Setting next_dagrun for welcome_dag to 2024-03-07 23:00:00+00:00, run_after=2024-03-08 23:00:00+00:00
[2024-03-08T11:52:59.177+0000] {processor.py:183} INFO - Processing /opt/airflow/dags/first_dag.py took 0.363 seconds
[2024-03-08T11:53:29.441+0000] {processor.py:161} INFO - Started process (PID=180) to work on /opt/airflow/dags/first_dag.py
[2024-03-08T11:53:29.443+0000] {processor.py:830} INFO - Processing file /opt/airflow/dags/first_dag.py for tasks to queue
[2024-03-08T11:53:29.446+0000] {logging_mixin.py:188} INFO - [2024-03-08T11:53:29.445+0000] {dagbag.py:538} INFO - Filling up the DagBag from /opt/airflow/dags/first_dag.py
[2024-03-08T11:53:29.531+0000] {processor.py:840} INFO - DAG(s) 'welcome_dag' retrieved from /opt/airflow/dags/first_dag.py
[2024-03-08T11:53:29.587+0000] {logging_mixin.py:188} INFO - [2024-03-08T11:53:29.586+0000] {dag.py:3036} INFO - Sync 1 DAGs
[2024-03-08T11:53:29.629+0000] {logging_mixin.py:188} INFO - [2024-03-08T11:53:29.628+0000] {dag.py:3823} INFO - Setting next_dagrun for welcome_dag to 2024-03-07 23:00:00+00:00, run_after=2024-03-08 23:00:00+00:00
[2024-03-08T11:53:29.763+0000] {processor.py:183} INFO - Processing /opt/airflow/dags/first_dag.py took 0.329 seconds
[2024-03-08T11:54:00.527+0000] {processor.py:161} INFO - Started process (PID=181) to work on /opt/airflow/dags/first_dag.py
[2024-03-08T11:54:00.529+0000] {processor.py:830} INFO - Processing file /opt/airflow/dags/first_dag.py for tasks to queue
[2024-03-08T11:54:00.531+0000] {logging_mixin.py:188} INFO - [2024-03-08T11:54:00.530+0000] {dagbag.py:538} INFO - Filling up the DagBag from /opt/airflow/dags/first_dag.py
[2024-03-08T11:54:00.592+0000] {processor.py:840} INFO - DAG(s) 'welcome_dag' retrieved from /opt/airflow/dags/first_dag.py
[2024-03-08T11:54:00.634+0000] {logging_mixin.py:188} INFO - [2024-03-08T11:54:00.633+0000] {dag.py:3036} INFO - Sync 1 DAGs
[2024-03-08T11:54:00.668+0000] {logging_mixin.py:188} INFO - [2024-03-08T11:54:00.667+0000] {dag.py:3823} INFO - Setting next_dagrun for welcome_dag to 2024-03-07 23:00:00+00:00, run_after=2024-03-08 23:00:00+00:00
[2024-03-08T11:54:01.243+0000] {processor.py:183} INFO - Processing /opt/airflow/dags/first_dag.py took 0.723 seconds
[2024-03-08T11:54:31.950+0000] {processor.py:161} INFO - Started process (PID=182) to work on /opt/airflow/dags/first_dag.py
[2024-03-08T11:54:31.951+0000] {processor.py:830} INFO - Processing file /opt/airflow/dags/first_dag.py for tasks to queue
[2024-03-08T11:54:31.953+0000] {logging_mixin.py:188} INFO - [2024-03-08T11:54:31.953+0000] {dagbag.py:538} INFO - Filling up the DagBag from /opt/airflow/dags/first_dag.py
[2024-03-08T11:54:32.019+0000] {processor.py:840} INFO - DAG(s) 'welcome_dag' retrieved from /opt/airflow/dags/first_dag.py
[2024-03-08T11:54:32.090+0000] {logging_mixin.py:188} INFO - [2024-03-08T11:54:32.090+0000] {dag.py:3036} INFO - Sync 1 DAGs
[2024-03-08T11:54:32.135+0000] {logging_mixin.py:188} INFO - [2024-03-08T11:54:32.134+0000] {dag.py:3823} INFO - Setting next_dagrun for welcome_dag to 2024-03-07 23:00:00+00:00, run_after=2024-03-08 23:00:00+00:00
[2024-03-08T11:54:32.276+0000] {processor.py:183} INFO - Processing /opt/airflow/dags/first_dag.py took 0.334 seconds
[2024-03-08T11:55:03.267+0000] {processor.py:161} INFO - Started process (PID=183) to work on /opt/airflow/dags/first_dag.py
[2024-03-08T11:55:03.269+0000] {processor.py:830} INFO - Processing file /opt/airflow/dags/first_dag.py for tasks to queue
[2024-03-08T11:55:03.272+0000] {logging_mixin.py:188} INFO - [2024-03-08T11:55:03.271+0000] {dagbag.py:538} INFO - Filling up the DagBag from /opt/airflow/dags/first_dag.py
[2024-03-08T11:55:03.348+0000] {processor.py:840} INFO - DAG(s) 'welcome_dag' retrieved from /opt/airflow/dags/first_dag.py
[2024-03-08T11:55:03.408+0000] {logging_mixin.py:188} INFO - [2024-03-08T11:55:03.408+0000] {dag.py:3036} INFO - Sync 1 DAGs
[2024-03-08T11:55:03.461+0000] {logging_mixin.py:188} INFO - [2024-03-08T11:55:03.460+0000] {dag.py:3823} INFO - Setting next_dagrun for welcome_dag to 2024-03-07 23:00:00+00:00, run_after=2024-03-08 23:00:00+00:00
[2024-03-08T11:55:03.568+0000] {processor.py:183} INFO - Processing /opt/airflow/dags/first_dag.py took 0.306 seconds
[2024-03-08T11:55:34.850+0000] {processor.py:161} INFO - Started process (PID=184) to work on /opt/airflow/dags/first_dag.py
[2024-03-08T11:55:34.852+0000] {processor.py:830} INFO - Processing file /opt/airflow/dags/first_dag.py for tasks to queue
[2024-03-08T11:55:34.855+0000] {logging_mixin.py:188} INFO - [2024-03-08T11:55:34.854+0000] {dagbag.py:538} INFO - Filling up the DagBag from /opt/airflow/dags/first_dag.py
[2024-03-08T11:55:34.942+0000] {processor.py:840} INFO - DAG(s) 'welcome_dag' retrieved from /opt/airflow/dags/first_dag.py
[2024-03-08T11:55:35.012+0000] {logging_mixin.py:188} INFO - [2024-03-08T11:55:35.012+0000] {dag.py:3036} INFO - Sync 1 DAGs
[2024-03-08T11:55:35.068+0000] {logging_mixin.py:188} INFO - [2024-03-08T11:55:35.067+0000] {dag.py:3823} INFO - Setting next_dagrun for welcome_dag to 2024-03-07 23:00:00+00:00, run_after=2024-03-08 23:00:00+00:00
[2024-03-08T11:55:35.229+0000] {processor.py:183} INFO - Processing /opt/airflow/dags/first_dag.py took 0.386 seconds
[2024-03-08T11:56:06.489+0000] {processor.py:161} INFO - Started process (PID=185) to work on /opt/airflow/dags/first_dag.py
[2024-03-08T11:56:06.491+0000] {processor.py:830} INFO - Processing file /opt/airflow/dags/first_dag.py for tasks to queue
[2024-03-08T11:56:06.494+0000] {logging_mixin.py:188} INFO - [2024-03-08T11:56:06.493+0000] {dagbag.py:538} INFO - Filling up the DagBag from /opt/airflow/dags/first_dag.py
[2024-03-08T11:56:06.555+0000] {processor.py:840} INFO - DAG(s) 'welcome_dag' retrieved from /opt/airflow/dags/first_dag.py
[2024-03-08T11:56:06.602+0000] {logging_mixin.py:188} INFO - [2024-03-08T11:56:06.601+0000] {dag.py:3036} INFO - Sync 1 DAGs
[2024-03-08T11:56:06.654+0000] {logging_mixin.py:188} INFO - [2024-03-08T11:56:06.653+0000] {dag.py:3823} INFO - Setting next_dagrun for welcome_dag to 2024-03-07 23:00:00+00:00, run_after=2024-03-08 23:00:00+00:00
[2024-03-08T11:56:06.816+0000] {processor.py:183} INFO - Processing /opt/airflow/dags/first_dag.py took 0.333 seconds
[2024-03-08T11:56:37.639+0000] {processor.py:161} INFO - Started process (PID=186) to work on /opt/airflow/dags/first_dag.py
[2024-03-08T11:56:37.641+0000] {processor.py:830} INFO - Processing file /opt/airflow/dags/first_dag.py for tasks to queue
[2024-03-08T11:56:37.643+0000] {logging_mixin.py:188} INFO - [2024-03-08T11:56:37.642+0000] {dagbag.py:538} INFO - Filling up the DagBag from /opt/airflow/dags/first_dag.py
[2024-03-08T11:56:37.704+0000] {processor.py:840} INFO - DAG(s) 'welcome_dag' retrieved from /opt/airflow/dags/first_dag.py
[2024-03-08T11:56:37.755+0000] {logging_mixin.py:188} INFO - [2024-03-08T11:56:37.755+0000] {dag.py:3036} INFO - Sync 1 DAGs
[2024-03-08T11:56:37.814+0000] {logging_mixin.py:188} INFO - [2024-03-08T11:56:37.814+0000] {dag.py:3823} INFO - Setting next_dagrun for welcome_dag to 2024-03-07 23:00:00+00:00, run_after=2024-03-08 23:00:00+00:00
[2024-03-08T11:56:37.979+0000] {processor.py:183} INFO - Processing /opt/airflow/dags/first_dag.py took 0.346 seconds
[2024-03-08T11:57:08.227+0000] {processor.py:161} INFO - Started process (PID=187) to work on /opt/airflow/dags/first_dag.py
[2024-03-08T11:57:08.230+0000] {processor.py:830} INFO - Processing file /opt/airflow/dags/first_dag.py for tasks to queue
[2024-03-08T11:57:08.236+0000] {logging_mixin.py:188} INFO - [2024-03-08T11:57:08.234+0000] {dagbag.py:538} INFO - Filling up the DagBag from /opt/airflow/dags/first_dag.py
[2024-03-08T11:57:08.335+0000] {processor.py:840} INFO - DAG(s) 'welcome_dag' retrieved from /opt/airflow/dags/first_dag.py
[2024-03-08T11:57:08.412+0000] {logging_mixin.py:188} INFO - [2024-03-08T11:57:08.412+0000] {dag.py:3036} INFO - Sync 1 DAGs
[2024-03-08T11:57:08.507+0000] {logging_mixin.py:188} INFO - [2024-03-08T11:57:08.506+0000] {dag.py:3823} INFO - Setting next_dagrun for welcome_dag to 2024-03-07 23:00:00+00:00, run_after=2024-03-08 23:00:00+00:00
[2024-03-08T11:57:08.658+0000] {processor.py:183} INFO - Processing /opt/airflow/dags/first_dag.py took 0.450 seconds
[2024-03-08T11:57:39.543+0000] {processor.py:161} INFO - Started process (PID=188) to work on /opt/airflow/dags/first_dag.py
[2024-03-08T11:57:39.549+0000] {processor.py:830} INFO - Processing file /opt/airflow/dags/first_dag.py for tasks to queue
[2024-03-08T11:57:39.551+0000] {logging_mixin.py:188} INFO - [2024-03-08T11:57:39.550+0000] {dagbag.py:538} INFO - Filling up the DagBag from /opt/airflow/dags/first_dag.py
[2024-03-08T11:57:39.591+0000] {processor.py:840} INFO - DAG(s) 'welcome_dag' retrieved from /opt/airflow/dags/first_dag.py
[2024-03-08T11:57:39.641+0000] {logging_mixin.py:188} INFO - [2024-03-08T11:57:39.640+0000] {dag.py:3036} INFO - Sync 1 DAGs
[2024-03-08T11:57:39.699+0000] {logging_mixin.py:188} INFO - [2024-03-08T11:57:39.699+0000] {dag.py:3823} INFO - Setting next_dagrun for welcome_dag to 2024-03-07 23:00:00+00:00, run_after=2024-03-08 23:00:00+00:00
[2024-03-08T11:57:39.879+0000] {processor.py:183} INFO - Processing /opt/airflow/dags/first_dag.py took 0.341 seconds
[2024-03-08T11:58:10.990+0000] {processor.py:161} INFO - Started process (PID=189) to work on /opt/airflow/dags/first_dag.py
[2024-03-08T11:58:10.992+0000] {processor.py:830} INFO - Processing file /opt/airflow/dags/first_dag.py for tasks to queue
[2024-03-08T11:58:10.994+0000] {logging_mixin.py:188} INFO - [2024-03-08T11:58:10.993+0000] {dagbag.py:538} INFO - Filling up the DagBag from /opt/airflow/dags/first_dag.py
[2024-03-08T11:58:11.045+0000] {processor.py:840} INFO - DAG(s) 'welcome_dag' retrieved from /opt/airflow/dags/first_dag.py
[2024-03-08T11:58:11.106+0000] {logging_mixin.py:188} INFO - [2024-03-08T11:58:11.106+0000] {dag.py:3036} INFO - Sync 1 DAGs
[2024-03-08T11:58:11.151+0000] {logging_mixin.py:188} INFO - [2024-03-08T11:58:11.150+0000] {dag.py:3823} INFO - Setting next_dagrun for welcome_dag to 2024-03-07 23:00:00+00:00, run_after=2024-03-08 23:00:00+00:00
[2024-03-08T11:58:11.242+0000] {processor.py:183} INFO - Processing /opt/airflow/dags/first_dag.py took 0.257 seconds
[2024-03-08T11:58:42.422+0000] {processor.py:161} INFO - Started process (PID=190) to work on /opt/airflow/dags/first_dag.py
[2024-03-08T11:58:42.424+0000] {processor.py:830} INFO - Processing file /opt/airflow/dags/first_dag.py for tasks to queue
[2024-03-08T11:58:42.426+0000] {logging_mixin.py:188} INFO - [2024-03-08T11:58:42.426+0000] {dagbag.py:538} INFO - Filling up the DagBag from /opt/airflow/dags/first_dag.py
[2024-03-08T11:58:42.481+0000] {processor.py:840} INFO - DAG(s) 'welcome_dag' retrieved from /opt/airflow/dags/first_dag.py
[2024-03-08T11:58:42.540+0000] {logging_mixin.py:188} INFO - [2024-03-08T11:58:42.540+0000] {dag.py:3036} INFO - Sync 1 DAGs
[2024-03-08T11:58:42.593+0000] {logging_mixin.py:188} INFO - [2024-03-08T11:58:42.593+0000] {dag.py:3823} INFO - Setting next_dagrun for welcome_dag to 2024-03-07 23:00:00+00:00, run_after=2024-03-08 23:00:00+00:00
[2024-03-08T11:58:42.685+0000] {processor.py:183} INFO - Processing /opt/airflow/dags/first_dag.py took 0.268 seconds
[2024-03-08T11:59:13.903+0000] {processor.py:161} INFO - Started process (PID=191) to work on /opt/airflow/dags/first_dag.py
[2024-03-08T11:59:13.905+0000] {processor.py:830} INFO - Processing file /opt/airflow/dags/first_dag.py for tasks to queue
[2024-03-08T11:59:13.907+0000] {logging_mixin.py:188} INFO - [2024-03-08T11:59:13.906+0000] {dagbag.py:538} INFO - Filling up the DagBag from /opt/airflow/dags/first_dag.py
[2024-03-08T11:59:13.957+0000] {processor.py:840} INFO - DAG(s) 'welcome_dag' retrieved from /opt/airflow/dags/first_dag.py
[2024-03-08T11:59:14.021+0000] {logging_mixin.py:188} INFO - [2024-03-08T11:59:14.021+0000] {dag.py:3036} INFO - Sync 1 DAGs
[2024-03-08T11:59:14.078+0000] {logging_mixin.py:188} INFO - [2024-03-08T11:59:14.077+0000] {dag.py:3823} INFO - Setting next_dagrun for welcome_dag to 2024-03-07 23:00:00+00:00, run_after=2024-03-08 23:00:00+00:00
[2024-03-08T11:59:14.211+0000] {processor.py:183} INFO - Processing /opt/airflow/dags/first_dag.py took 0.314 seconds
[2024-03-08T11:59:44.609+0000] {processor.py:161} INFO - Started process (PID=192) to work on /opt/airflow/dags/first_dag.py
[2024-03-08T11:59:44.611+0000] {processor.py:830} INFO - Processing file /opt/airflow/dags/first_dag.py for tasks to queue
[2024-03-08T11:59:44.614+0000] {logging_mixin.py:188} INFO - [2024-03-08T11:59:44.613+0000] {dagbag.py:538} INFO - Filling up the DagBag from /opt/airflow/dags/first_dag.py
[2024-03-08T11:59:44.659+0000] {processor.py:840} INFO - DAG(s) 'welcome_dag' retrieved from /opt/airflow/dags/first_dag.py
[2024-03-08T11:59:44.702+0000] {logging_mixin.py:188} INFO - [2024-03-08T11:59:44.702+0000] {dag.py:3036} INFO - Sync 1 DAGs
[2024-03-08T11:59:44.739+0000] {logging_mixin.py:188} INFO - [2024-03-08T11:59:44.738+0000] {dag.py:3823} INFO - Setting next_dagrun for welcome_dag to 2024-03-07 23:00:00+00:00, run_after=2024-03-08 23:00:00+00:00
[2024-03-08T11:59:44.896+0000] {processor.py:183} INFO - Processing /opt/airflow/dags/first_dag.py took 0.293 seconds
[2024-03-08T12:00:15.425+0000] {processor.py:161} INFO - Started process (PID=193) to work on /opt/airflow/dags/first_dag.py
[2024-03-08T12:00:15.427+0000] {processor.py:830} INFO - Processing file /opt/airflow/dags/first_dag.py for tasks to queue
[2024-03-08T12:00:15.428+0000] {logging_mixin.py:188} INFO - [2024-03-08T12:00:15.428+0000] {dagbag.py:538} INFO - Filling up the DagBag from /opt/airflow/dags/first_dag.py
[2024-03-08T12:00:15.461+0000] {processor.py:840} INFO - DAG(s) 'welcome_dag' retrieved from /opt/airflow/dags/first_dag.py
[2024-03-08T12:00:15.518+0000] {logging_mixin.py:188} INFO - [2024-03-08T12:00:15.518+0000] {dag.py:3036} INFO - Sync 1 DAGs
[2024-03-08T12:00:15.577+0000] {logging_mixin.py:188} INFO - [2024-03-08T12:00:15.576+0000] {dag.py:3823} INFO - Setting next_dagrun for welcome_dag to 2024-03-07 23:00:00+00:00, run_after=2024-03-08 23:00:00+00:00
[2024-03-08T12:00:15.750+0000] {processor.py:183} INFO - Processing /opt/airflow/dags/first_dag.py took 0.329 seconds
[2024-03-08T12:00:46.339+0000] {processor.py:161} INFO - Started process (PID=194) to work on /opt/airflow/dags/first_dag.py
[2024-03-08T12:00:46.341+0000] {processor.py:830} INFO - Processing file /opt/airflow/dags/first_dag.py for tasks to queue
[2024-03-08T12:00:46.342+0000] {logging_mixin.py:188} INFO - [2024-03-08T12:00:46.342+0000] {dagbag.py:538} INFO - Filling up the DagBag from /opt/airflow/dags/first_dag.py
[2024-03-08T12:00:46.397+0000] {processor.py:840} INFO - DAG(s) 'welcome_dag' retrieved from /opt/airflow/dags/first_dag.py
[2024-03-08T12:00:46.460+0000] {logging_mixin.py:188} INFO - [2024-03-08T12:00:46.459+0000] {dag.py:3036} INFO - Sync 1 DAGs
[2024-03-08T12:00:46.513+0000] {logging_mixin.py:188} INFO - [2024-03-08T12:00:46.513+0000] {dag.py:3823} INFO - Setting next_dagrun for welcome_dag to 2024-03-07 23:00:00+00:00, run_after=2024-03-08 23:00:00+00:00
[2024-03-08T12:00:46.774+0000] {processor.py:183} INFO - Processing /opt/airflow/dags/first_dag.py took 0.440 seconds
[2024-03-08T12:01:16.917+0000] {processor.py:161} INFO - Started process (PID=195) to work on /opt/airflow/dags/first_dag.py
[2024-03-08T12:01:16.920+0000] {processor.py:830} INFO - Processing file /opt/airflow/dags/first_dag.py for tasks to queue
[2024-03-08T12:01:16.923+0000] {logging_mixin.py:188} INFO - [2024-03-08T12:01:16.922+0000] {dagbag.py:538} INFO - Filling up the DagBag from /opt/airflow/dags/first_dag.py
[2024-03-08T12:01:17.011+0000] {processor.py:840} INFO - DAG(s) 'welcome_dag' retrieved from /opt/airflow/dags/first_dag.py
[2024-03-08T12:01:17.091+0000] {logging_mixin.py:188} INFO - [2024-03-08T12:01:17.090+0000] {dag.py:3036} INFO - Sync 1 DAGs
[2024-03-08T12:01:17.155+0000] {logging_mixin.py:188} INFO - [2024-03-08T12:01:17.155+0000] {dag.py:3823} INFO - Setting next_dagrun for welcome_dag to 2024-03-07 23:00:00+00:00, run_after=2024-03-08 23:00:00+00:00
[2024-03-08T12:01:17.307+0000] {processor.py:183} INFO - Processing /opt/airflow/dags/first_dag.py took 0.396 seconds
