[2024-03-09T17:05:35.264+0000] {taskinstance.py:1956} INFO - Dependencies all met for dep_context=non-requeueable deps ti=<TaskInstance: download_rocket_launches.get_pictures manual__2024-03-09T17:04:35.972701+00:00 [queued]>
[2024-03-09T17:05:35.280+0000] {taskinstance.py:1956} INFO - Dependencies all met for dep_context=requeueable deps ti=<TaskInstance: download_rocket_launches.get_pictures manual__2024-03-09T17:04:35.972701+00:00 [queued]>
[2024-03-09T17:05:35.281+0000] {taskinstance.py:2170} INFO - Starting attempt 1 of 6
[2024-03-09T17:05:35.460+0000] {taskinstance.py:2191} INFO - Executing <Task(PythonOperator): get_pictures> on 2024-03-09 17:04:35.972701+00:00
[2024-03-09T17:05:35.469+0000] {standard_task_runner.py:60} INFO - Started process 397 to run task
[2024-03-09T17:05:35.473+0000] {standard_task_runner.py:87} INFO - Running: ['airflow', 'tasks', 'run', 'download_rocket_launches', 'get_pictures', 'manual__2024-03-09T17:04:35.972701+00:00', '--job-id', '45', '--raw', '--subdir', 'DAGS_FOLDER/airflow_book.py', '--cfg-path', '/tmp/tmpvw26i92b']
[2024-03-09T17:05:35.475+0000] {standard_task_runner.py:88} INFO - Job 45: Subtask get_pictures
[2024-03-09T17:05:35.717+0000] {task_command.py:423} INFO - Running <TaskInstance: download_rocket_launches.get_pictures manual__2024-03-09T17:04:35.972701+00:00 [running]> on host aa112d607e6c
[2024-03-09T17:05:36.002+0000] {taskinstance.py:2480} INFO - Exporting env vars: AIRFLOW_CTX_DAG_OWNER='Prashantvik' AIRFLOW_CTX_DAG_ID='download_rocket_launches' AIRFLOW_CTX_TASK_ID='get_pictures' AIRFLOW_CTX_EXECUTION_DATE='2024-03-09T17:04:35.972701+00:00' AIRFLOW_CTX_TRY_NUMBER='1' AIRFLOW_CTX_DAG_RUN_ID='manual__2024-03-09T17:04:35.972701+00:00'
[2024-03-09T17:05:38.672+0000] {logging_mixin.py:188} INFO - Downloaded https://spacelaunchnow-prod-east.nyc3.digitaloceanspaces.com/media/images/falcon2520925_image_20221009234147.png to /tmp/images/falcon2520925_image_20221009234147.png
[2024-03-09T17:05:41.333+0000] {logging_mixin.py:188} INFO - Downloaded https://spacelaunchnow-prod-east.nyc3.digitaloceanspaces.com/media/images/falcon2520925_image_20221009234147.png to /tmp/images/falcon2520925_image_20221009234147.png
[2024-03-09T17:05:43.800+0000] {logging_mixin.py:188} INFO - Downloaded https://spacelaunchnow-prod-east.nyc3.digitaloceanspaces.com/media/images/electron_image_20190705175640.jpeg to /tmp/images/electron_image_20190705175640.jpeg
[2024-03-09T17:05:45.564+0000] {logging_mixin.py:188} INFO - Downloaded https://spacelaunchnow-prod-east.nyc3.digitaloceanspaces.com/media/images/kairos_image_20240216144656.jpeg to /tmp/images/kairos_image_20240216144656.jpeg
[2024-03-09T17:05:48.076+0000] {logging_mixin.py:188} INFO - Downloaded https://spacelaunchnow-prod-east.nyc3.digitaloceanspaces.com/media/images/falcon2520925_image_20221009234147.png to /tmp/images/falcon2520925_image_20221009234147.png
[2024-03-09T17:05:52.390+0000] {logging_mixin.py:188} INFO - Downloaded https://spacelaunchnow-prod-east.nyc3.digitaloceanspaces.com/media/images/starship_image_20230523063525.jpeg to /tmp/images/starship_image_20230523063525.jpeg
[2024-03-09T17:05:54.790+0000] {logging_mixin.py:188} INFO - Downloaded https://spacelaunchnow-prod-east.nyc3.digitaloceanspaces.com/media/images/electron_image_20190705175640.jpeg to /tmp/images/electron_image_20190705175640.jpeg
[2024-03-09T17:05:56.698+0000] {logging_mixin.py:188} INFO - Downloaded https://spacelaunchnow-prod-east.nyc3.digitaloceanspaces.com/media/images/soyuz_2.1a_image_20230805184309.jpg to /tmp/images/soyuz_2.1a_image_20230805184309.jpg
[2024-03-09T17:05:58.492+0000] {logging_mixin.py:188} INFO - Downloaded https://spacelaunchnow-prod-east.nyc3.digitaloceanspaces.com/media/images/falcon2520925_image_20210520085648.jpeg to /tmp/images/falcon2520925_image_20210520085648.jpeg
[2024-03-09T17:06:00.172+0000] {logging_mixin.py:188} INFO - Downloaded https://spacelaunchnow-prod-east.nyc3.digitaloceanspaces.com/media/images/soyuz_2.1b_image_20230802085331.jpg to /tmp/images/soyuz_2.1b_image_20230802085331.jpg
[2024-03-09T17:06:00.175+0000] {python.py:201} INFO - Done. Returned value was: None
[2024-03-09T17:06:00.206+0000] {taskinstance.py:1138} INFO - Marking task as SUCCESS. dag_id=download_rocket_launches, task_id=get_pictures, execution_date=20240309T170435, start_date=20240309T170535, end_date=20240309T170600
[2024-03-09T17:06:00.303+0000] {local_task_job_runner.py:234} INFO - Task exited with return code 0
[2024-03-09T17:06:00.627+0000] {taskinstance.py:3280} INFO - 1 downstream tasks scheduled from follow-on schedule check
