[2024-03-09T17:01:36.621+0000] {taskinstance.py:1956} INFO - Dependencies all met for dep_context=non-requeueable deps ti=<TaskInstance: download_rocket_launches.download_launches manual__2024-03-09T17:01:21.763730+00:00 [queued]>
[2024-03-09T17:01:36.646+0000] {taskinstance.py:1956} INFO - Dependencies all met for dep_context=requeueable deps ti=<TaskInstance: download_rocket_launches.download_launches manual__2024-03-09T17:01:21.763730+00:00 [queued]>
[2024-03-09T17:01:36.647+0000] {taskinstance.py:2170} INFO - Starting attempt 1 of 1
[2024-03-09T17:01:36.745+0000] {taskinstance.py:2191} INFO - Executing <Task(BashOperator): download_launches> on 2024-03-09 17:01:21.763730+00:00
[2024-03-09T17:01:36.750+0000] {standard_task_runner.py:60} INFO - Started process 214 to run task
[2024-03-09T17:01:36.758+0000] {standard_task_runner.py:87} INFO - Running: ['airflow', 'tasks', 'run', 'download_rocket_launches', 'download_launches', 'manual__2024-03-09T17:01:21.763730+00:00', '--job-id', '38', '--raw', '--subdir', 'DAGS_FOLDER/airflow_book.py', '--cfg-path', '/tmp/tmpifq4m5oi']
[2024-03-09T17:01:36.760+0000] {standard_task_runner.py:88} INFO - Job 38: Subtask download_launches
[2024-03-09T17:01:36.916+0000] {task_command.py:423} INFO - Running <TaskInstance: download_rocket_launches.download_launches manual__2024-03-09T17:01:21.763730+00:00 [running]> on host aa112d607e6c
[2024-03-09T17:01:37.229+0000] {taskinstance.py:2480} INFO - Exporting env vars: AIRFLOW_CTX_DAG_OWNER='airflow' AIRFLOW_CTX_DAG_ID='download_rocket_launches' AIRFLOW_CTX_TASK_ID='download_launches' AIRFLOW_CTX_EXECUTION_DATE='2024-03-09T17:01:21.763730+00:00' AIRFLOW_CTX_TRY_NUMBER='1' AIRFLOW_CTX_DAG_RUN_ID='manual__2024-03-09T17:01:21.763730+00:00'
[2024-03-09T17:01:37.232+0000] {subprocess.py:63} INFO - Tmp dir root location: /tmp
[2024-03-09T17:01:37.234+0000] {subprocess.py:75} INFO - Running command: ['/usr/bin/bash', '-c', "curl -o /tmp/launches.json -L 'https://ll.thespacedevs.com/2.0.0/launch/upcoming'"]
[2024-03-09T17:01:37.246+0000] {subprocess.py:86} INFO - Output:
[2024-03-09T17:01:37.260+0000] {subprocess.py:93} INFO -   % Total    % Received % Xferd  Average Speed   Time    Time     Time  Current
[2024-03-09T17:01:37.261+0000] {subprocess.py:93} INFO -                                  Dload  Upload   Total   Spent    Left  Speed
[2024-03-09T17:01:38.280+0000] {subprocess.py:93} INFO -   0     0    0     0    0     0      0      0 --:--:-- --:--:-- --:--:--     0  0     0    0     0    0     0      0      0 --:--:--  0:00:01 --:--:--     0  0     0    0     0    0     0      0      0 --:--:--  0:00:01 --:--:--     0
[2024-03-09T17:01:38.904+0000] {subprocess.py:93} INFO - 100 27243  100 27243    0     0  16567      0  0:00:01  0:00:01 --:--:-- 16567
[2024-03-09T17:01:38.915+0000] {subprocess.py:97} INFO - Command exited with return code 0
[2024-03-09T17:01:38.998+0000] {taskinstance.py:1138} INFO - Marking task as SUCCESS. dag_id=download_rocket_launches, task_id=download_launches, execution_date=20240309T170121, start_date=20240309T170136, end_date=20240309T170138
[2024-03-09T17:01:39.069+0000] {local_task_job_runner.py:234} INFO - Task exited with return code 0
[2024-03-09T17:01:39.153+0000] {taskinstance.py:3280} INFO - 1 downstream tasks scheduled from follow-on schedule check
