[2024-03-09T09:33:09.091+0000] {taskinstance.py:1956} INFO - Dependencies all met for dep_context=non-requeueable deps ti=<TaskInstance: dag_with_catchup_backfill.task1 backfill__2024-03-06T00:00:00+00:00 [queued]>
[2024-03-09T09:33:09.106+0000] {taskinstance.py:1956} INFO - Dependencies all met for dep_context=requeueable deps ti=<TaskInstance: dag_with_catchup_backfill.task1 backfill__2024-03-06T00:00:00+00:00 [queued]>
[2024-03-09T09:33:09.107+0000] {taskinstance.py:2170} INFO - Starting attempt 1 of 6
[2024-03-09T09:33:09.152+0000] {taskinstance.py:2191} INFO - Executing <Task(BashOperator): task1> on 2024-03-06 00:00:00+00:00
[2024-03-09T09:33:09.156+0000] {standard_task_runner.py:60} INFO - Started process 294 to run task
[2024-03-09T09:33:09.160+0000] {standard_task_runner.py:87} INFO - Running: ['airflow', 'tasks', 'run', 'dag_with_catchup_backfill', 'task1', 'backfill__2024-03-06T00:00:00+00:00', '--job-id', '23', '--pool', 'default_pool', '--raw', '--subdir', 'DAGS_FOLDER/dag_catchup_backfill.py', '--cfg-path', '/tmp/tmph_ofhzel']
[2024-03-09T09:33:09.163+0000] {standard_task_runner.py:88} INFO - Job 23: Subtask task1
[2024-03-09T09:33:09.294+0000] {task_command.py:423} INFO - Running <TaskInstance: dag_with_catchup_backfill.task1 backfill__2024-03-06T00:00:00+00:00 [running]> on host 9286e959ea51
[2024-03-09T09:33:09.473+0000] {taskinstance.py:2480} INFO - Exporting env vars: AIRFLOW_CTX_DAG_OWNER='Prashantvik' AIRFLOW_CTX_DAG_ID='dag_with_catchup_backfill' AIRFLOW_CTX_TASK_ID='task1' AIRFLOW_CTX_EXECUTION_DATE='2024-03-06T00:00:00+00:00' AIRFLOW_CTX_TRY_NUMBER='1' AIRFLOW_CTX_DAG_RUN_ID='backfill__2024-03-06T00:00:00+00:00'
[2024-03-09T09:33:09.474+0000] {subprocess.py:63} INFO - Tmp dir root location: /tmp
[2024-03-09T09:33:09.476+0000] {subprocess.py:75} INFO - Running command: ['/usr/bin/bash', '-c', 'echo This is a simple bash command!']
[2024-03-09T09:33:09.482+0000] {subprocess.py:86} INFO - Output:
[2024-03-09T09:33:09.484+0000] {subprocess.py:93} INFO - This is a simple bash command!
[2024-03-09T09:33:09.484+0000] {subprocess.py:97} INFO - Command exited with return code 0
[2024-03-09T09:33:09.553+0000] {taskinstance.py:1138} INFO - Marking task as SUCCESS. dag_id=dag_with_catchup_backfill, task_id=task1, execution_date=20240306T000000, start_date=20240309T093309, end_date=20240309T093309
[2024-03-09T09:33:09.619+0000] {local_task_job_runner.py:234} INFO - Task exited with return code 0
[2024-03-09T09:33:09.664+0000] {taskinstance.py:3280} INFO - 0 downstream tasks scheduled from follow-on schedule check
[2024-03-09T09:43:50.751+0000] {taskinstance.py:1956} INFO - Dependencies all met for dep_context=non-requeueable deps ti=<TaskInstance: dag_with_catchup_backfill.task1 backfill__2024-03-06T00:00:00+00:00 [queued]>
[2024-03-09T09:43:50.772+0000] {taskinstance.py:1956} INFO - Dependencies all met for dep_context=requeueable deps ti=<TaskInstance: dag_with_catchup_backfill.task1 backfill__2024-03-06T00:00:00+00:00 [queued]>
[2024-03-09T09:43:50.773+0000] {taskinstance.py:2170} INFO - Starting attempt 1 of 6
[2024-03-09T09:43:51.089+0000] {taskinstance.py:2191} INFO - Executing <Task(BashOperator): task1> on 2024-03-06 00:00:00+00:00
[2024-03-09T09:43:51.097+0000] {standard_task_runner.py:60} INFO - Started process 794 to run task
[2024-03-09T09:43:51.102+0000] {standard_task_runner.py:87} INFO - Running: ['airflow', 'tasks', 'run', 'dag_with_catchup_backfill', 'task1', 'backfill__2024-03-06T00:00:00+00:00', '--job-id', '25', '--pool', 'default_pool', '--raw', '--subdir', 'DAGS_FOLDER/dag_catchup_backfill.py', '--cfg-path', '/tmp/tmpsf075mjx']
[2024-03-09T09:43:51.105+0000] {standard_task_runner.py:88} INFO - Job 25: Subtask task1
[2024-03-09T09:43:51.288+0000] {task_command.py:423} INFO - Running <TaskInstance: dag_with_catchup_backfill.task1 backfill__2024-03-06T00:00:00+00:00 [running]> on host 9286e959ea51
[2024-03-09T09:43:51.586+0000] {taskinstance.py:2480} INFO - Exporting env vars: AIRFLOW_CTX_DAG_OWNER='Prashantvik' AIRFLOW_CTX_DAG_ID='dag_with_catchup_backfill' AIRFLOW_CTX_TASK_ID='task1' AIRFLOW_CTX_EXECUTION_DATE='2024-03-06T00:00:00+00:00' AIRFLOW_CTX_TRY_NUMBER='1' AIRFLOW_CTX_DAG_RUN_ID='backfill__2024-03-06T00:00:00+00:00'
[2024-03-09T09:43:51.587+0000] {subprocess.py:63} INFO - Tmp dir root location: /tmp
[2024-03-09T09:43:51.588+0000] {subprocess.py:75} INFO - Running command: ['/usr/bin/bash', '-c', 'echo This is a simple bash command!']
[2024-03-09T09:43:51.597+0000] {subprocess.py:86} INFO - Output:
[2024-03-09T09:43:51.598+0000] {subprocess.py:93} INFO - This is a simple bash command!
[2024-03-09T09:43:51.599+0000] {subprocess.py:97} INFO - Command exited with return code 0
[2024-03-09T09:43:51.657+0000] {taskinstance.py:1138} INFO - Marking task as SUCCESS. dag_id=dag_with_catchup_backfill, task_id=task1, execution_date=20240306T000000, start_date=20240309T094350, end_date=20240309T094351
[2024-03-09T09:43:51.799+0000] {local_task_job_runner.py:234} INFO - Task exited with return code 0
[2024-03-09T09:43:51.841+0000] {taskinstance.py:3280} INFO - 0 downstream tasks scheduled from follow-on schedule check
