[2024-03-09T17:06:08.449+0000] {taskinstance.py:1956} INFO - Dependencies all met for dep_context=non-requeueable deps ti=<TaskInstance: download_rocket_launches.get_pictures scheduled__2024-03-08T00:00:00+00:00 [queued]>
[2024-03-09T17:06:08.471+0000] {taskinstance.py:1956} INFO - Dependencies all met for dep_context=requeueable deps ti=<TaskInstance: download_rocket_launches.get_pictures scheduled__2024-03-08T00:00:00+00:00 [queued]>
[2024-03-09T17:06:08.472+0000] {taskinstance.py:2170} INFO - Starting attempt 1 of 6
[2024-03-09T17:06:08.550+0000] {taskinstance.py:2191} INFO - Executing <Task(PythonOperator): get_pictures> on 2024-03-08 00:00:00+00:00
[2024-03-09T17:06:08.558+0000] {standard_task_runner.py:60} INFO - Started process 417 to run task
[2024-03-09T17:06:08.574+0000] {standard_task_runner.py:87} INFO - Running: ['airflow', 'tasks', 'run', 'download_rocket_launches', 'get_pictures', 'scheduled__2024-03-08T00:00:00+00:00', '--job-id', '46', '--raw', '--subdir', 'DAGS_FOLDER/airflow_book.py', '--cfg-path', '/tmp/tmppuzf9jws']
[2024-03-09T17:06:08.582+0000] {standard_task_runner.py:88} INFO - Job 46: Subtask get_pictures
[2024-03-09T17:06:08.834+0000] {task_command.py:423} INFO - Running <TaskInstance: download_rocket_launches.get_pictures scheduled__2024-03-08T00:00:00+00:00 [running]> on host aa112d607e6c
[2024-03-09T17:06:09.199+0000] {taskinstance.py:2480} INFO - Exporting env vars: AIRFLOW_CTX_DAG_OWNER='Prashantvik' AIRFLOW_CTX_DAG_ID='download_rocket_launches' AIRFLOW_CTX_TASK_ID='get_pictures' AIRFLOW_CTX_EXECUTION_DATE='2024-03-08T00:00:00+00:00' AIRFLOW_CTX_TRY_NUMBER='1' AIRFLOW_CTX_DAG_RUN_ID='scheduled__2024-03-08T00:00:00+00:00'
[2024-03-09T17:06:11.131+0000] {logging_mixin.py:188} INFO - Downloaded https://spacelaunchnow-prod-east.nyc3.digitaloceanspaces.com/media/images/falcon2520925_image_20221009234147.png to /tmp/images/falcon2520925_image_20221009234147.png
[2024-03-09T17:06:14.125+0000] {logging_mixin.py:188} INFO - Downloaded https://spacelaunchnow-prod-east.nyc3.digitaloceanspaces.com/media/images/falcon2520925_image_20221009234147.png to /tmp/images/falcon2520925_image_20221009234147.png
[2024-03-09T17:06:16.969+0000] {logging_mixin.py:188} INFO - Downloaded https://spacelaunchnow-prod-east.nyc3.digitaloceanspaces.com/media/images/electron_image_20190705175640.jpeg to /tmp/images/electron_image_20190705175640.jpeg
[2024-03-09T17:06:18.782+0000] {logging_mixin.py:188} INFO - Downloaded https://spacelaunchnow-prod-east.nyc3.digitaloceanspaces.com/media/images/kairos_image_20240216144656.jpeg to /tmp/images/kairos_image_20240216144656.jpeg
[2024-03-09T17:06:21.486+0000] {logging_mixin.py:188} INFO - Downloaded https://spacelaunchnow-prod-east.nyc3.digitaloceanspaces.com/media/images/falcon2520925_image_20221009234147.png to /tmp/images/falcon2520925_image_20221009234147.png
[2024-03-09T17:06:23.177+0000] {logging_mixin.py:188} INFO - Downloaded https://spacelaunchnow-prod-east.nyc3.digitaloceanspaces.com/media/images/starship_image_20230523063525.jpeg to /tmp/images/starship_image_20230523063525.jpeg
[2024-03-09T17:06:25.769+0000] {logging_mixin.py:188} INFO - Downloaded https://spacelaunchnow-prod-east.nyc3.digitaloceanspaces.com/media/images/electron_image_20190705175640.jpeg to /tmp/images/electron_image_20190705175640.jpeg
[2024-03-09T17:06:28.246+0000] {logging_mixin.py:188} INFO - Downloaded https://spacelaunchnow-prod-east.nyc3.digitaloceanspaces.com/media/images/soyuz_2.1a_image_20230805184309.jpg to /tmp/images/soyuz_2.1a_image_20230805184309.jpg
[2024-03-09T17:06:30.175+0000] {logging_mixin.py:188} INFO - Downloaded https://spacelaunchnow-prod-east.nyc3.digitaloceanspaces.com/media/images/falcon2520925_image_20210520085648.jpeg to /tmp/images/falcon2520925_image_20210520085648.jpeg
[2024-03-09T17:06:31.918+0000] {logging_mixin.py:188} INFO - Downloaded https://spacelaunchnow-prod-east.nyc3.digitaloceanspaces.com/media/images/soyuz_2.1b_image_20230802085331.jpg to /tmp/images/soyuz_2.1b_image_20230802085331.jpg
[2024-03-09T17:06:31.922+0000] {python.py:201} INFO - Done. Returned value was: None
[2024-03-09T17:06:32.035+0000] {taskinstance.py:1138} INFO - Marking task as SUCCESS. dag_id=download_rocket_launches, task_id=get_pictures, execution_date=20240308T000000, start_date=20240309T170608, end_date=20240309T170632
[2024-03-09T17:06:32.208+0000] {local_task_job_runner.py:234} INFO - Task exited with return code 0
[2024-03-09T17:06:32.381+0000] {taskinstance.py:3280} INFO - 1 downstream tasks scheduled from follow-on schedule check
