[2024-02-04T08:39:58.509+0000] {processor.py:161} INFO - Started process (PID=81) to work on /opt/airflow/dags/first_dag.py
[2024-02-04T08:39:58.511+0000] {processor.py:830} INFO - Processing file /opt/airflow/dags/first_dag.py for tasks to queue
[2024-02-04T08:39:58.512+0000] {logging_mixin.py:188} INFO - [2024-02-04T08:39:58.512+0000] {dagbag.py:538} INFO - Filling up the DagBag from /opt/airflow/dags/first_dag.py
[2024-02-04T08:39:58.555+0000] {processor.py:840} INFO - DAG(s) 'welcome_dag' retrieved from /opt/airflow/dags/first_dag.py
[2024-02-04T08:39:58.577+0000] {logging_mixin.py:188} INFO - [2024-02-04T08:39:58.576+0000] {dag.py:3036} INFO - Sync 1 DAGs
[2024-02-04T08:39:58.618+0000] {logging_mixin.py:188} INFO - [2024-02-04T08:39:58.618+0000] {dag.py:3823} INFO - Setting next_dagrun for welcome_dag to 2024-02-03 23:00:00+00:00, run_after=2024-02-04 23:00:00+00:00
[2024-02-04T08:39:58.712+0000] {processor.py:183} INFO - Processing /opt/airflow/dags/first_dag.py took 0.206 seconds
[2024-02-04T08:40:30.144+0000] {processor.py:161} INFO - Started process (PID=103) to work on /opt/airflow/dags/first_dag.py
[2024-02-04T08:40:30.146+0000] {processor.py:830} INFO - Processing file /opt/airflow/dags/first_dag.py for tasks to queue
[2024-02-04T08:40:30.147+0000] {logging_mixin.py:188} INFO - [2024-02-04T08:40:30.147+0000] {dagbag.py:538} INFO - Filling up the DagBag from /opt/airflow/dags/first_dag.py
[2024-02-04T08:40:30.194+0000] {processor.py:840} INFO - DAG(s) 'welcome_dag' retrieved from /opt/airflow/dags/first_dag.py
[2024-02-04T08:40:30.306+0000] {logging_mixin.py:188} INFO - [2024-02-04T08:40:30.306+0000] {dag.py:3036} INFO - Sync 1 DAGs
[2024-02-04T08:40:30.329+0000] {logging_mixin.py:188} INFO - [2024-02-04T08:40:30.328+0000] {dag.py:3823} INFO - Setting next_dagrun for welcome_dag to 2024-02-03 23:00:00+00:00, run_after=2024-02-04 23:00:00+00:00
[2024-02-04T08:40:30.394+0000] {processor.py:183} INFO - Processing /opt/airflow/dags/first_dag.py took 0.253 seconds
[2024-02-04T08:41:00.579+0000] {processor.py:161} INFO - Started process (PID=104) to work on /opt/airflow/dags/first_dag.py
[2024-02-04T08:41:00.588+0000] {processor.py:830} INFO - Processing file /opt/airflow/dags/first_dag.py for tasks to queue
[2024-02-04T08:41:00.591+0000] {logging_mixin.py:188} INFO - [2024-02-04T08:41:00.590+0000] {dagbag.py:538} INFO - Filling up the DagBag from /opt/airflow/dags/first_dag.py
[2024-02-04T08:41:00.648+0000] {processor.py:840} INFO - DAG(s) 'welcome_dag' retrieved from /opt/airflow/dags/first_dag.py
[2024-02-04T08:41:00.704+0000] {logging_mixin.py:188} INFO - [2024-02-04T08:41:00.703+0000] {dag.py:3036} INFO - Sync 1 DAGs
[2024-02-04T08:41:00.732+0000] {logging_mixin.py:188} INFO - [2024-02-04T08:41:00.731+0000] {dag.py:3823} INFO - Setting next_dagrun for welcome_dag to 2024-02-03 23:00:00+00:00, run_after=2024-02-04 23:00:00+00:00
[2024-02-04T08:41:00.824+0000] {processor.py:183} INFO - Processing /opt/airflow/dags/first_dag.py took 0.248 seconds
[2024-02-04T08:41:31.381+0000] {processor.py:161} INFO - Started process (PID=105) to work on /opt/airflow/dags/first_dag.py
[2024-02-04T08:41:31.382+0000] {processor.py:830} INFO - Processing file /opt/airflow/dags/first_dag.py for tasks to queue
[2024-02-04T08:41:31.383+0000] {logging_mixin.py:188} INFO - [2024-02-04T08:41:31.383+0000] {dagbag.py:538} INFO - Filling up the DagBag from /opt/airflow/dags/first_dag.py
[2024-02-04T08:41:31.434+0000] {processor.py:840} INFO - DAG(s) 'welcome_dag' retrieved from /opt/airflow/dags/first_dag.py
[2024-02-04T08:41:31.498+0000] {logging_mixin.py:188} INFO - [2024-02-04T08:41:31.498+0000] {dag.py:3036} INFO - Sync 1 DAGs
[2024-02-04T08:41:31.535+0000] {logging_mixin.py:188} INFO - [2024-02-04T08:41:31.534+0000] {dag.py:3823} INFO - Setting next_dagrun for welcome_dag to 2024-02-03 23:00:00+00:00, run_after=2024-02-04 23:00:00+00:00
[2024-02-04T08:41:31.678+0000] {processor.py:183} INFO - Processing /opt/airflow/dags/first_dag.py took 0.299 seconds
[2024-02-04T08:42:02.458+0000] {processor.py:161} INFO - Started process (PID=106) to work on /opt/airflow/dags/first_dag.py
[2024-02-04T08:42:02.459+0000] {processor.py:830} INFO - Processing file /opt/airflow/dags/first_dag.py for tasks to queue
[2024-02-04T08:42:02.461+0000] {logging_mixin.py:188} INFO - [2024-02-04T08:42:02.460+0000] {dagbag.py:538} INFO - Filling up the DagBag from /opt/airflow/dags/first_dag.py
[2024-02-04T08:42:02.489+0000] {processor.py:840} INFO - DAG(s) 'welcome_dag' retrieved from /opt/airflow/dags/first_dag.py
[2024-02-04T08:42:02.528+0000] {logging_mixin.py:188} INFO - [2024-02-04T08:42:02.527+0000] {dag.py:3036} INFO - Sync 1 DAGs
[2024-02-04T08:42:02.558+0000] {logging_mixin.py:188} INFO - [2024-02-04T08:42:02.557+0000] {dag.py:3823} INFO - Setting next_dagrun for welcome_dag to 2024-02-03 23:00:00+00:00, run_after=2024-02-04 23:00:00+00:00
[2024-02-04T08:42:02.645+0000] {processor.py:183} INFO - Processing /opt/airflow/dags/first_dag.py took 0.189 seconds
[2024-02-04T08:42:33.210+0000] {processor.py:161} INFO - Started process (PID=107) to work on /opt/airflow/dags/first_dag.py
[2024-02-04T08:42:33.212+0000] {processor.py:830} INFO - Processing file /opt/airflow/dags/first_dag.py for tasks to queue
[2024-02-04T08:42:33.213+0000] {logging_mixin.py:188} INFO - [2024-02-04T08:42:33.212+0000] {dagbag.py:538} INFO - Filling up the DagBag from /opt/airflow/dags/first_dag.py
[2024-02-04T08:42:33.245+0000] {processor.py:840} INFO - DAG(s) 'welcome_dag' retrieved from /opt/airflow/dags/first_dag.py
[2024-02-04T08:42:33.298+0000] {logging_mixin.py:188} INFO - [2024-02-04T08:42:33.297+0000] {dag.py:3036} INFO - Sync 1 DAGs
[2024-02-04T08:42:33.327+0000] {logging_mixin.py:188} INFO - [2024-02-04T08:42:33.327+0000] {dag.py:3823} INFO - Setting next_dagrun for welcome_dag to 2024-02-03 23:00:00+00:00, run_after=2024-02-04 23:00:00+00:00
[2024-02-04T08:42:33.429+0000] {processor.py:183} INFO - Processing /opt/airflow/dags/first_dag.py took 0.221 seconds
[2024-02-04T08:43:05.394+0000] {processor.py:161} INFO - Started process (PID=108) to work on /opt/airflow/dags/first_dag.py
[2024-02-04T08:43:05.396+0000] {processor.py:830} INFO - Processing file /opt/airflow/dags/first_dag.py for tasks to queue
[2024-02-04T08:43:05.397+0000] {logging_mixin.py:188} INFO - [2024-02-04T08:43:05.397+0000] {dagbag.py:538} INFO - Filling up the DagBag from /opt/airflow/dags/first_dag.py
[2024-02-04T08:43:05.427+0000] {processor.py:840} INFO - DAG(s) 'welcome_dag' retrieved from /opt/airflow/dags/first_dag.py
[2024-02-04T08:43:05.455+0000] {logging_mixin.py:188} INFO - [2024-02-04T08:43:05.455+0000] {dag.py:3036} INFO - Sync 1 DAGs
[2024-02-04T08:43:05.487+0000] {logging_mixin.py:188} INFO - [2024-02-04T08:43:05.487+0000] {dag.py:3823} INFO - Setting next_dagrun for welcome_dag to 2024-02-03 23:00:00+00:00, run_after=2024-02-04 23:00:00+00:00
[2024-02-04T08:43:05.584+0000] {processor.py:183} INFO - Processing /opt/airflow/dags/first_dag.py took 0.192 seconds
[2024-02-04T08:43:36.728+0000] {processor.py:161} INFO - Started process (PID=109) to work on /opt/airflow/dags/first_dag.py
[2024-02-04T08:43:36.729+0000] {processor.py:830} INFO - Processing file /opt/airflow/dags/first_dag.py for tasks to queue
[2024-02-04T08:43:36.730+0000] {logging_mixin.py:188} INFO - [2024-02-04T08:43:36.730+0000] {dagbag.py:538} INFO - Filling up the DagBag from /opt/airflow/dags/first_dag.py
[2024-02-04T08:43:36.765+0000] {processor.py:840} INFO - DAG(s) 'welcome_dag' retrieved from /opt/airflow/dags/first_dag.py
[2024-02-04T08:43:36.820+0000] {logging_mixin.py:188} INFO - [2024-02-04T08:43:36.819+0000] {dag.py:3036} INFO - Sync 1 DAGs
[2024-02-04T08:43:36.870+0000] {logging_mixin.py:188} INFO - [2024-02-04T08:43:36.870+0000] {dag.py:3823} INFO - Setting next_dagrun for welcome_dag to 2024-02-03 23:00:00+00:00, run_after=2024-02-04 23:00:00+00:00
[2024-02-04T08:43:37.015+0000] {processor.py:183} INFO - Processing /opt/airflow/dags/first_dag.py took 0.289 seconds
[2024-02-04T08:44:07.210+0000] {processor.py:161} INFO - Started process (PID=110) to work on /opt/airflow/dags/first_dag.py
[2024-02-04T08:44:07.211+0000] {processor.py:830} INFO - Processing file /opt/airflow/dags/first_dag.py for tasks to queue
[2024-02-04T08:44:07.212+0000] {logging_mixin.py:188} INFO - [2024-02-04T08:44:07.212+0000] {dagbag.py:538} INFO - Filling up the DagBag from /opt/airflow/dags/first_dag.py
[2024-02-04T08:44:07.238+0000] {processor.py:840} INFO - DAG(s) 'welcome_dag' retrieved from /opt/airflow/dags/first_dag.py
[2024-02-04T08:44:07.272+0000] {logging_mixin.py:188} INFO - [2024-02-04T08:44:07.272+0000] {dag.py:3036} INFO - Sync 1 DAGs
[2024-02-04T08:44:07.299+0000] {logging_mixin.py:188} INFO - [2024-02-04T08:44:07.298+0000] {dag.py:3823} INFO - Setting next_dagrun for welcome_dag to 2024-02-03 23:00:00+00:00, run_after=2024-02-04 23:00:00+00:00
[2024-02-04T08:44:07.424+0000] {processor.py:183} INFO - Processing /opt/airflow/dags/first_dag.py took 0.217 seconds
[2024-02-04T08:44:37.619+0000] {processor.py:161} INFO - Started process (PID=111) to work on /opt/airflow/dags/first_dag.py
[2024-02-04T08:44:37.622+0000] {processor.py:830} INFO - Processing file /opt/airflow/dags/first_dag.py for tasks to queue
[2024-02-04T08:44:37.623+0000] {logging_mixin.py:188} INFO - [2024-02-04T08:44:37.623+0000] {dagbag.py:538} INFO - Filling up the DagBag from /opt/airflow/dags/first_dag.py
[2024-02-04T08:44:37.678+0000] {processor.py:840} INFO - DAG(s) 'welcome_dag' retrieved from /opt/airflow/dags/first_dag.py
[2024-02-04T08:44:37.723+0000] {logging_mixin.py:188} INFO - [2024-02-04T08:44:37.723+0000] {dag.py:3036} INFO - Sync 1 DAGs
[2024-02-04T08:44:37.782+0000] {logging_mixin.py:188} INFO - [2024-02-04T08:44:37.782+0000] {dag.py:3823} INFO - Setting next_dagrun for welcome_dag to 2024-02-03 23:00:00+00:00, run_after=2024-02-04 23:00:00+00:00
[2024-02-04T08:44:37.909+0000] {processor.py:183} INFO - Processing /opt/airflow/dags/first_dag.py took 0.293 seconds
