[2024-03-09T17:02:18.325+0000] {taskinstance.py:1956} INFO - Dependencies all met for dep_context=non-requeueable deps ti=<TaskInstance: download_rocket_launches.get_pictures scheduled__2024-02-24T00:00:00+00:00 [queued]>
[2024-03-09T17:02:18.349+0000] {taskinstance.py:1956} INFO - Dependencies all met for dep_context=requeueable deps ti=<TaskInstance: download_rocket_launches.get_pictures scheduled__2024-02-24T00:00:00+00:00 [queued]>
[2024-03-09T17:02:18.350+0000] {taskinstance.py:2170} INFO - Starting attempt 1 of 1
[2024-03-09T17:02:18.558+0000] {taskinstance.py:2191} INFO - Executing <Task(PythonOperator): get_pictures> on 2024-02-24 00:00:00+00:00
[2024-03-09T17:02:18.569+0000] {standard_task_runner.py:60} INFO - Started process 255 to run task
[2024-03-09T17:02:18.575+0000] {standard_task_runner.py:87} INFO - Running: ['airflow', 'tasks', 'run', 'download_rocket_launches', 'get_pictures', 'scheduled__2024-02-24T00:00:00+00:00', '--job-id', '40', '--raw', '--subdir', 'DAGS_FOLDER/airflow_book.py', '--cfg-path', '/tmp/tmpya8tdzx6']
[2024-03-09T17:02:18.584+0000] {standard_task_runner.py:88} INFO - Job 40: Subtask get_pictures
[2024-03-09T17:02:19.412+0000] {task_command.py:423} INFO - Running <TaskInstance: download_rocket_launches.get_pictures scheduled__2024-02-24T00:00:00+00:00 [running]> on host aa112d607e6c
[2024-03-09T17:02:19.656+0000] {taskinstance.py:2480} INFO - Exporting env vars: AIRFLOW_CTX_DAG_OWNER='airflow' AIRFLOW_CTX_DAG_ID='download_rocket_launches' AIRFLOW_CTX_TASK_ID='get_pictures' AIRFLOW_CTX_EXECUTION_DATE='2024-02-24T00:00:00+00:00' AIRFLOW_CTX_TRY_NUMBER='1' AIRFLOW_CTX_DAG_RUN_ID='scheduled__2024-02-24T00:00:00+00:00'
[2024-03-09T17:02:22.548+0000] {logging_mixin.py:188} INFO - Downloaded https://spacelaunchnow-prod-east.nyc3.digitaloceanspaces.com/media/images/falcon2520925_image_20221009234147.png to /tmp/images/falcon2520925_image_20221009234147.png
[2024-03-09T17:02:25.047+0000] {logging_mixin.py:188} INFO - Downloaded https://spacelaunchnow-prod-east.nyc3.digitaloceanspaces.com/media/images/falcon2520925_image_20221009234147.png to /tmp/images/falcon2520925_image_20221009234147.png
[2024-03-09T17:02:26.964+0000] {logging_mixin.py:188} INFO - Downloaded https://spacelaunchnow-prod-east.nyc3.digitaloceanspaces.com/media/images/electron_image_20190705175640.jpeg to /tmp/images/electron_image_20190705175640.jpeg
[2024-03-09T17:02:28.806+0000] {logging_mixin.py:188} INFO - Downloaded https://spacelaunchnow-prod-east.nyc3.digitaloceanspaces.com/media/images/kairos_image_20240216144656.jpeg to /tmp/images/kairos_image_20240216144656.jpeg
[2024-03-09T17:02:31.200+0000] {logging_mixin.py:188} INFO - Downloaded https://spacelaunchnow-prod-east.nyc3.digitaloceanspaces.com/media/images/falcon2520925_image_20221009234147.png to /tmp/images/falcon2520925_image_20221009234147.png
[2024-03-09T17:02:32.875+0000] {logging_mixin.py:188} INFO - Downloaded https://spacelaunchnow-prod-east.nyc3.digitaloceanspaces.com/media/images/starship_image_20230523063525.jpeg to /tmp/images/starship_image_20230523063525.jpeg
[2024-03-09T17:02:35.575+0000] {logging_mixin.py:188} INFO - Downloaded https://spacelaunchnow-prod-east.nyc3.digitaloceanspaces.com/media/images/electron_image_20190705175640.jpeg to /tmp/images/electron_image_20190705175640.jpeg
[2024-03-09T17:02:37.484+0000] {logging_mixin.py:188} INFO - Downloaded https://spacelaunchnow-prod-east.nyc3.digitaloceanspaces.com/media/images/soyuz_2.1a_image_20230805184309.jpg to /tmp/images/soyuz_2.1a_image_20230805184309.jpg
[2024-03-09T17:02:39.259+0000] {logging_mixin.py:188} INFO - Downloaded https://spacelaunchnow-prod-east.nyc3.digitaloceanspaces.com/media/images/falcon2520925_image_20210520085648.jpeg to /tmp/images/falcon2520925_image_20210520085648.jpeg
[2024-03-09T17:02:41.003+0000] {logging_mixin.py:188} INFO - Downloaded https://spacelaunchnow-prod-east.nyc3.digitaloceanspaces.com/media/images/soyuz_2.1b_image_20230802085331.jpg to /tmp/images/soyuz_2.1b_image_20230802085331.jpg
[2024-03-09T17:02:41.007+0000] {python.py:201} INFO - Done. Returned value was: None
[2024-03-09T17:02:41.038+0000] {taskinstance.py:1138} INFO - Marking task as SUCCESS. dag_id=download_rocket_launches, task_id=get_pictures, execution_date=20240224T000000, start_date=20240309T170218, end_date=20240309T170241
[2024-03-09T17:02:41.134+0000] {local_task_job_runner.py:234} INFO - Task exited with return code 0
[2024-03-09T17:02:41.170+0000] {taskinstance.py:3280} INFO - 1 downstream tasks scheduled from follow-on schedule check
