[2024-03-09T09:32:49.659+0000] {taskinstance.py:1956} INFO - Dependencies all met for dep_context=non-requeueable deps ti=<TaskInstance: dag_with_catchup_backfill.task1 backfill__2024-03-01T00:00:00+00:00 [queued]>
[2024-03-09T09:32:49.677+0000] {taskinstance.py:1956} INFO - Dependencies all met for dep_context=requeueable deps ti=<TaskInstance: dag_with_catchup_backfill.task1 backfill__2024-03-01T00:00:00+00:00 [queued]>
[2024-03-09T09:32:49.678+0000] {taskinstance.py:2170} INFO - Starting attempt 1 of 6
[2024-03-09T09:32:49.798+0000] {taskinstance.py:2191} INFO - Executing <Task(BashOperator): task1> on 2024-03-01 00:00:00+00:00
[2024-03-09T09:32:49.802+0000] {standard_task_runner.py:60} INFO - Started process 198 to run task
[2024-03-09T09:32:49.805+0000] {standard_task_runner.py:87} INFO - Running: ['airflow', 'tasks', 'run', 'dag_with_catchup_backfill', 'task1', 'backfill__2024-03-01T00:00:00+00:00', '--job-id', '18', '--pool', 'default_pool', '--raw', '--subdir', 'DAGS_FOLDER/dag_catchup_backfill.py', '--cfg-path', '/tmp/tmp6f3s6jsl']
[2024-03-09T09:32:49.807+0000] {standard_task_runner.py:88} INFO - Job 18: Subtask task1
[2024-03-09T09:32:49.970+0000] {task_command.py:423} INFO - Running <TaskInstance: dag_with_catchup_backfill.task1 backfill__2024-03-01T00:00:00+00:00 [running]> on host 9286e959ea51
[2024-03-09T09:32:50.313+0000] {taskinstance.py:2480} INFO - Exporting env vars: AIRFLOW_CTX_DAG_OWNER='Prashantvik' AIRFLOW_CTX_DAG_ID='dag_with_catchup_backfill' AIRFLOW_CTX_TASK_ID='task1' AIRFLOW_CTX_EXECUTION_DATE='2024-03-01T00:00:00+00:00' AIRFLOW_CTX_TRY_NUMBER='1' AIRFLOW_CTX_DAG_RUN_ID='backfill__2024-03-01T00:00:00+00:00'
[2024-03-09T09:32:50.315+0000] {subprocess.py:63} INFO - Tmp dir root location: /tmp
[2024-03-09T09:32:50.317+0000] {subprocess.py:75} INFO - Running command: ['/usr/bin/bash', '-c', 'echo This is a simple bash command!']
[2024-03-09T09:32:50.324+0000] {subprocess.py:86} INFO - Output:
[2024-03-09T09:32:50.326+0000] {subprocess.py:93} INFO - This is a simple bash command!
[2024-03-09T09:32:50.327+0000] {subprocess.py:97} INFO - Command exited with return code 0
[2024-03-09T09:32:50.454+0000] {taskinstance.py:1138} INFO - Marking task as SUCCESS. dag_id=dag_with_catchup_backfill, task_id=task1, execution_date=20240301T000000, start_date=20240309T093249, end_date=20240309T093250
[2024-03-09T09:32:50.543+0000] {local_task_job_runner.py:234} INFO - Task exited with return code 0
[2024-03-09T09:32:50.569+0000] {taskinstance.py:3280} INFO - 0 downstream tasks scheduled from follow-on schedule check
[2024-03-09T09:43:27.609+0000] {taskinstance.py:1956} INFO - Dependencies all met for dep_context=non-requeueable deps ti=<TaskInstance: dag_with_catchup_backfill.task1 backfill__2024-03-01T00:00:00+00:00 [queued]>
[2024-03-09T09:43:27.642+0000] {taskinstance.py:1956} INFO - Dependencies all met for dep_context=requeueable deps ti=<TaskInstance: dag_with_catchup_backfill.task1 backfill__2024-03-01T00:00:00+00:00 [queued]>
[2024-03-09T09:43:27.644+0000] {taskinstance.py:2170} INFO - Starting attempt 1 of 6
[2024-03-09T09:43:27.811+0000] {taskinstance.py:2191} INFO - Executing <Task(BashOperator): task1> on 2024-03-01 00:00:00+00:00
[2024-03-09T09:43:27.817+0000] {standard_task_runner.py:60} INFO - Started process 696 to run task
[2024-03-09T09:43:27.835+0000] {standard_task_runner.py:87} INFO - Running: ['airflow', 'tasks', 'run', 'dag_with_catchup_backfill', 'task1', 'backfill__2024-03-01T00:00:00+00:00', '--job-id', '20', '--pool', 'default_pool', '--raw', '--subdir', 'DAGS_FOLDER/dag_catchup_backfill.py', '--cfg-path', '/tmp/tmpitqkyx79']
[2024-03-09T09:43:27.837+0000] {standard_task_runner.py:88} INFO - Job 20: Subtask task1
[2024-03-09T09:43:28.067+0000] {task_command.py:423} INFO - Running <TaskInstance: dag_with_catchup_backfill.task1 backfill__2024-03-01T00:00:00+00:00 [running]> on host 9286e959ea51
[2024-03-09T09:43:28.383+0000] {taskinstance.py:2480} INFO - Exporting env vars: AIRFLOW_CTX_DAG_OWNER='Prashantvik' AIRFLOW_CTX_DAG_ID='dag_with_catchup_backfill' AIRFLOW_CTX_TASK_ID='task1' AIRFLOW_CTX_EXECUTION_DATE='2024-03-01T00:00:00+00:00' AIRFLOW_CTX_TRY_NUMBER='1' AIRFLOW_CTX_DAG_RUN_ID='backfill__2024-03-01T00:00:00+00:00'
[2024-03-09T09:43:28.388+0000] {subprocess.py:63} INFO - Tmp dir root location: /tmp
[2024-03-09T09:43:28.393+0000] {subprocess.py:75} INFO - Running command: ['/usr/bin/bash', '-c', 'echo This is a simple bash command!']
[2024-03-09T09:43:28.407+0000] {subprocess.py:86} INFO - Output:
[2024-03-09T09:43:28.408+0000] {subprocess.py:93} INFO - This is a simple bash command!
[2024-03-09T09:43:28.409+0000] {subprocess.py:97} INFO - Command exited with return code 0
[2024-03-09T09:43:28.506+0000] {taskinstance.py:1138} INFO - Marking task as SUCCESS. dag_id=dag_with_catchup_backfill, task_id=task1, execution_date=20240301T000000, start_date=20240309T094327, end_date=20240309T094328
[2024-03-09T09:43:28.567+0000] {local_task_job_runner.py:234} INFO - Task exited with return code 0
[2024-03-09T09:43:28.605+0000] {taskinstance.py:3280} INFO - 0 downstream tasks scheduled from follow-on schedule check
