[2024-03-09T09:32:53.537+0000] {taskinstance.py:1956} INFO - Dependencies all met for dep_context=non-requeueable deps ti=<TaskInstance: dag_with_catchup_backfill.task1 backfill__2024-03-02T00:00:00+00:00 [queued]>
[2024-03-09T09:32:53.564+0000] {taskinstance.py:1956} INFO - Dependencies all met for dep_context=requeueable deps ti=<TaskInstance: dag_with_catchup_backfill.task1 backfill__2024-03-02T00:00:00+00:00 [queued]>
[2024-03-09T09:32:53.566+0000] {taskinstance.py:2170} INFO - Starting attempt 1 of 6
[2024-03-09T09:32:53.636+0000] {taskinstance.py:2191} INFO - Executing <Task(BashOperator): task1> on 2024-03-02 00:00:00+00:00
[2024-03-09T09:32:53.641+0000] {standard_task_runner.py:60} INFO - Started process 217 to run task
[2024-03-09T09:32:53.646+0000] {standard_task_runner.py:87} INFO - Running: ['airflow', 'tasks', 'run', 'dag_with_catchup_backfill', 'task1', 'backfill__2024-03-02T00:00:00+00:00', '--job-id', '19', '--pool', 'default_pool', '--raw', '--subdir', 'DAGS_FOLDER/dag_catchup_backfill.py', '--cfg-path', '/tmp/tmp459rlyev']
[2024-03-09T09:32:53.649+0000] {standard_task_runner.py:88} INFO - Job 19: Subtask task1
[2024-03-09T09:32:53.830+0000] {task_command.py:423} INFO - Running <TaskInstance: dag_with_catchup_backfill.task1 backfill__2024-03-02T00:00:00+00:00 [running]> on host 9286e959ea51
[2024-03-09T09:32:53.989+0000] {taskinstance.py:2480} INFO - Exporting env vars: AIRFLOW_CTX_DAG_OWNER='Prashantvik' AIRFLOW_CTX_DAG_ID='dag_with_catchup_backfill' AIRFLOW_CTX_TASK_ID='task1' AIRFLOW_CTX_EXECUTION_DATE='2024-03-02T00:00:00+00:00' AIRFLOW_CTX_TRY_NUMBER='1' AIRFLOW_CTX_DAG_RUN_ID='backfill__2024-03-02T00:00:00+00:00'
[2024-03-09T09:32:53.991+0000] {subprocess.py:63} INFO - Tmp dir root location: /tmp
[2024-03-09T09:32:53.992+0000] {subprocess.py:75} INFO - Running command: ['/usr/bin/bash', '-c', 'echo This is a simple bash command!']
[2024-03-09T09:32:53.998+0000] {subprocess.py:86} INFO - Output:
[2024-03-09T09:32:53.999+0000] {subprocess.py:93} INFO - This is a simple bash command!
[2024-03-09T09:32:54.000+0000] {subprocess.py:97} INFO - Command exited with return code 0
[2024-03-09T09:32:54.115+0000] {taskinstance.py:1138} INFO - Marking task as SUCCESS. dag_id=dag_with_catchup_backfill, task_id=task1, execution_date=20240302T000000, start_date=20240309T093253, end_date=20240309T093254
[2024-03-09T09:32:54.224+0000] {local_task_job_runner.py:234} INFO - Task exited with return code 0
[2024-03-09T09:32:54.260+0000] {taskinstance.py:3280} INFO - 0 downstream tasks scheduled from follow-on schedule check
[2024-03-09T09:43:32.371+0000] {taskinstance.py:1956} INFO - Dependencies all met for dep_context=non-requeueable deps ti=<TaskInstance: dag_with_catchup_backfill.task1 backfill__2024-03-02T00:00:00+00:00 [queued]>
[2024-03-09T09:43:32.405+0000] {taskinstance.py:1956} INFO - Dependencies all met for dep_context=requeueable deps ti=<TaskInstance: dag_with_catchup_backfill.task1 backfill__2024-03-02T00:00:00+00:00 [queued]>
[2024-03-09T09:43:32.406+0000] {taskinstance.py:2170} INFO - Starting attempt 1 of 6
[2024-03-09T09:43:32.498+0000] {taskinstance.py:2191} INFO - Executing <Task(BashOperator): task1> on 2024-03-02 00:00:00+00:00
[2024-03-09T09:43:32.506+0000] {standard_task_runner.py:60} INFO - Started process 716 to run task
[2024-03-09T09:43:32.511+0000] {standard_task_runner.py:87} INFO - Running: ['airflow', 'tasks', 'run', 'dag_with_catchup_backfill', 'task1', 'backfill__2024-03-02T00:00:00+00:00', '--job-id', '21', '--pool', 'default_pool', '--raw', '--subdir', 'DAGS_FOLDER/dag_catchup_backfill.py', '--cfg-path', '/tmp/tmps74rfqoo']
[2024-03-09T09:43:32.516+0000] {standard_task_runner.py:88} INFO - Job 21: Subtask task1
[2024-03-09T09:43:32.667+0000] {task_command.py:423} INFO - Running <TaskInstance: dag_with_catchup_backfill.task1 backfill__2024-03-02T00:00:00+00:00 [running]> on host 9286e959ea51
[2024-03-09T09:43:33.068+0000] {taskinstance.py:2480} INFO - Exporting env vars: AIRFLOW_CTX_DAG_OWNER='Prashantvik' AIRFLOW_CTX_DAG_ID='dag_with_catchup_backfill' AIRFLOW_CTX_TASK_ID='task1' AIRFLOW_CTX_EXECUTION_DATE='2024-03-02T00:00:00+00:00' AIRFLOW_CTX_TRY_NUMBER='1' AIRFLOW_CTX_DAG_RUN_ID='backfill__2024-03-02T00:00:00+00:00'
[2024-03-09T09:43:33.070+0000] {subprocess.py:63} INFO - Tmp dir root location: /tmp
[2024-03-09T09:43:33.073+0000] {subprocess.py:75} INFO - Running command: ['/usr/bin/bash', '-c', 'echo This is a simple bash command!']
[2024-03-09T09:43:33.086+0000] {subprocess.py:86} INFO - Output:
[2024-03-09T09:43:33.088+0000] {subprocess.py:93} INFO - This is a simple bash command!
[2024-03-09T09:43:33.089+0000] {subprocess.py:97} INFO - Command exited with return code 0
[2024-03-09T09:43:33.184+0000] {taskinstance.py:1138} INFO - Marking task as SUCCESS. dag_id=dag_with_catchup_backfill, task_id=task1, execution_date=20240302T000000, start_date=20240309T094332, end_date=20240309T094333
[2024-03-09T09:43:33.457+0000] {local_task_job_runner.py:234} INFO - Task exited with return code 0
[2024-03-09T09:43:33.524+0000] {taskinstance.py:3280} INFO - 0 downstream tasks scheduled from follow-on schedule check
