[2024-03-09T17:04:41.815+0000] {taskinstance.py:1956} INFO - Dependencies all met for dep_context=non-requeueable deps ti=<TaskInstance: download_rocket_launches.download_launches scheduled__2024-03-07T00:00:00+00:00 [queued]>
[2024-03-09T17:04:41.844+0000] {taskinstance.py:1956} INFO - Dependencies all met for dep_context=requeueable deps ti=<TaskInstance: download_rocket_launches.download_launches scheduled__2024-03-07T00:00:00+00:00 [queued]>
[2024-03-09T17:04:41.845+0000] {taskinstance.py:2170} INFO - Starting attempt 1 of 6
[2024-03-09T17:04:41.944+0000] {taskinstance.py:2191} INFO - Executing <Task(BashOperator): download_launches> on 2024-03-07 00:00:00+00:00
[2024-03-09T17:04:41.966+0000] {standard_task_runner.py:60} INFO - Started process 318 to run task
[2024-03-09T17:04:41.973+0000] {standard_task_runner.py:87} INFO - Running: ['airflow', 'tasks', 'run', 'download_rocket_launches', 'download_launches', 'scheduled__2024-03-07T00:00:00+00:00', '--job-id', '41', '--raw', '--subdir', 'DAGS_FOLDER/airflow_book.py', '--cfg-path', '/tmp/tmpl9sj789t']
[2024-03-09T17:04:41.976+0000] {standard_task_runner.py:88} INFO - Job 41: Subtask download_launches
[2024-03-09T17:04:42.122+0000] {task_command.py:423} INFO - Running <TaskInstance: download_rocket_launches.download_launches scheduled__2024-03-07T00:00:00+00:00 [running]> on host aa112d607e6c
[2024-03-09T17:04:42.771+0000] {taskinstance.py:2480} INFO - Exporting env vars: AIRFLOW_CTX_DAG_OWNER='Prashantvik' AIRFLOW_CTX_DAG_ID='download_rocket_launches' AIRFLOW_CTX_TASK_ID='download_launches' AIRFLOW_CTX_EXECUTION_DATE='2024-03-07T00:00:00+00:00' AIRFLOW_CTX_TRY_NUMBER='1' AIRFLOW_CTX_DAG_RUN_ID='scheduled__2024-03-07T00:00:00+00:00'
[2024-03-09T17:04:42.773+0000] {subprocess.py:63} INFO - Tmp dir root location: /tmp
[2024-03-09T17:04:42.775+0000] {subprocess.py:75} INFO - Running command: ['/usr/bin/bash', '-c', "curl -o /tmp/launches.json -L 'https://ll.thespacedevs.com/2.0.0/launch/upcoming'"]
[2024-03-09T17:04:42.795+0000] {subprocess.py:86} INFO - Output:
[2024-03-09T17:04:42.817+0000] {subprocess.py:93} INFO -   % Total    % Received % Xferd  Average Speed   Time    Time     Time  Current
[2024-03-09T17:04:42.819+0000] {subprocess.py:93} INFO -                                  Dload  Upload   Total   Spent    Left  Speed
[2024-03-09T17:04:43.877+0000] {subprocess.py:93} INFO -   0     0    0     0    0     0      0      0 --:--:-- --:--:-- --:--:--     0  0     0    0     0    0     0      0      0 --:--:--  0:00:01 --:--:--     0  0     0    0     0    0     0      0      0 --:--:--  0:00:01 --:--:--     0
[2024-03-09T17:04:45.629+0000] {subprocess.py:93} INFO -   0     0    0     0    0     0      0      0 --:--:--  0:00:02 --:--:--     0  5 27243    5  1360    0     0    527      0  0:00:51  0:00:02  0:00:49  2620100 27243  100 27243    0     0   9686      0  0:00:02  0:00:02 --:--:-- 36275
[2024-03-09T17:04:45.634+0000] {subprocess.py:97} INFO - Command exited with return code 0
[2024-03-09T17:04:45.729+0000] {taskinstance.py:1138} INFO - Marking task as SUCCESS. dag_id=download_rocket_launches, task_id=download_launches, execution_date=20240307T000000, start_date=20240309T170441, end_date=20240309T170445
[2024-03-09T17:04:45.812+0000] {local_task_job_runner.py:234} INFO - Task exited with return code 0
[2024-03-09T17:04:45.882+0000] {taskinstance.py:3280} INFO - 1 downstream tasks scheduled from follow-on schedule check
