[2024-03-09T17:01:29.113+0000] {taskinstance.py:1956} INFO - Dependencies all met for dep_context=non-requeueable deps ti=<TaskInstance: download_rocket_launches.download_launches scheduled__2024-02-24T00:00:00+00:00 [queued]>
[2024-03-09T17:01:29.138+0000] {taskinstance.py:1956} INFO - Dependencies all met for dep_context=requeueable deps ti=<TaskInstance: download_rocket_launches.download_launches scheduled__2024-02-24T00:00:00+00:00 [queued]>
[2024-03-09T17:01:29.139+0000] {taskinstance.py:2170} INFO - Starting attempt 1 of 1
[2024-03-09T17:01:29.278+0000] {taskinstance.py:2191} INFO - Executing <Task(BashOperator): download_launches> on 2024-02-24 00:00:00+00:00
[2024-03-09T17:01:29.288+0000] {standard_task_runner.py:60} INFO - Started process 194 to run task
[2024-03-09T17:01:29.292+0000] {standard_task_runner.py:87} INFO - Running: ['airflow', 'tasks', 'run', 'download_rocket_launches', 'download_launches', 'scheduled__2024-02-24T00:00:00+00:00', '--job-id', '37', '--raw', '--subdir', 'DAGS_FOLDER/airflow_book.py', '--cfg-path', '/tmp/tmp8jvuqo7t']
[2024-03-09T17:01:29.296+0000] {standard_task_runner.py:88} INFO - Job 37: Subtask download_launches
[2024-03-09T17:01:29.593+0000] {task_command.py:423} INFO - Running <TaskInstance: download_rocket_launches.download_launches scheduled__2024-02-24T00:00:00+00:00 [running]> on host aa112d607e6c
[2024-03-09T17:01:29.927+0000] {taskinstance.py:2480} INFO - Exporting env vars: AIRFLOW_CTX_DAG_OWNER='airflow' AIRFLOW_CTX_DAG_ID='download_rocket_launches' AIRFLOW_CTX_TASK_ID='download_launches' AIRFLOW_CTX_EXECUTION_DATE='2024-02-24T00:00:00+00:00' AIRFLOW_CTX_TRY_NUMBER='1' AIRFLOW_CTX_DAG_RUN_ID='scheduled__2024-02-24T00:00:00+00:00'
[2024-03-09T17:01:29.928+0000] {subprocess.py:63} INFO - Tmp dir root location: /tmp
[2024-03-09T17:01:29.930+0000] {subprocess.py:75} INFO - Running command: ['/usr/bin/bash', '-c', "curl -o /tmp/launches.json -L 'https://ll.thespacedevs.com/2.0.0/launch/upcoming'"]
[2024-03-09T17:01:29.939+0000] {subprocess.py:86} INFO - Output:
[2024-03-09T17:01:30.022+0000] {subprocess.py:93} INFO -   % Total    % Received % Xferd  Average Speed   Time    Time     Time  Current
[2024-03-09T17:01:30.023+0000] {subprocess.py:93} INFO -                                  Dload  Upload   Total   Spent    Left  Speed
[2024-03-09T17:01:31.155+0000] {subprocess.py:93} INFO -   0     0    0     0    0     0      0      0 --:--:-- --:--:-- --:--:--     0  0     0    0     0    0     0      0      0 --:--:-- --:--:-- --:--:--     0  0     0    0     0    0     0      0      0 --:--:--  0:00:01 --:--:--     0  0     0    0     0    0     0      0      0 --:--:--  0:00:01 --:--:--     0
[2024-03-09T17:01:31.769+0000] {subprocess.py:93} INFO - 100 27243  100 27243    0     0  15588      0  0:00:01  0:00:01 --:--:-- 15588
[2024-03-09T17:01:31.776+0000] {subprocess.py:97} INFO - Command exited with return code 0
[2024-03-09T17:01:31.831+0000] {taskinstance.py:1138} INFO - Marking task as SUCCESS. dag_id=download_rocket_launches, task_id=download_launches, execution_date=20240224T000000, start_date=20240309T170129, end_date=20240309T170131
[2024-03-09T17:01:31.884+0000] {local_task_job_runner.py:234} INFO - Task exited with return code 0
[2024-03-09T17:01:31.931+0000] {taskinstance.py:3280} INFO - 1 downstream tasks scheduled from follow-on schedule check
