[2024-03-09T09:33:05.254+0000] {taskinstance.py:1956} INFO - Dependencies all met for dep_context=non-requeueable deps ti=<TaskInstance: dag_with_catchup_backfill.task1 backfill__2024-03-05T00:00:00+00:00 [queued]>
[2024-03-09T09:33:05.281+0000] {taskinstance.py:1956} INFO - Dependencies all met for dep_context=requeueable deps ti=<TaskInstance: dag_with_catchup_backfill.task1 backfill__2024-03-05T00:00:00+00:00 [queued]>
[2024-03-09T09:33:05.283+0000] {taskinstance.py:2170} INFO - Starting attempt 1 of 6
[2024-03-09T09:33:05.374+0000] {taskinstance.py:2191} INFO - Executing <Task(BashOperator): task1> on 2024-03-05 00:00:00+00:00
[2024-03-09T09:33:05.380+0000] {standard_task_runner.py:60} INFO - Started process 274 to run task
[2024-03-09T09:33:05.384+0000] {standard_task_runner.py:87} INFO - Running: ['airflow', 'tasks', 'run', 'dag_with_catchup_backfill', 'task1', 'backfill__2024-03-05T00:00:00+00:00', '--job-id', '22', '--pool', 'default_pool', '--raw', '--subdir', 'DAGS_FOLDER/dag_catchup_backfill.py', '--cfg-path', '/tmp/tmpms__xjqn']
[2024-03-09T09:33:05.386+0000] {standard_task_runner.py:88} INFO - Job 22: Subtask task1
[2024-03-09T09:33:05.527+0000] {task_command.py:423} INFO - Running <TaskInstance: dag_with_catchup_backfill.task1 backfill__2024-03-05T00:00:00+00:00 [running]> on host 9286e959ea51
[2024-03-09T09:33:05.757+0000] {taskinstance.py:2480} INFO - Exporting env vars: AIRFLOW_CTX_DAG_OWNER='Prashantvik' AIRFLOW_CTX_DAG_ID='dag_with_catchup_backfill' AIRFLOW_CTX_TASK_ID='task1' AIRFLOW_CTX_EXECUTION_DATE='2024-03-05T00:00:00+00:00' AIRFLOW_CTX_TRY_NUMBER='1' AIRFLOW_CTX_DAG_RUN_ID='backfill__2024-03-05T00:00:00+00:00'
[2024-03-09T09:33:05.758+0000] {subprocess.py:63} INFO - Tmp dir root location: /tmp
[2024-03-09T09:33:05.760+0000] {subprocess.py:75} INFO - Running command: ['/usr/bin/bash', '-c', 'echo This is a simple bash command!']
[2024-03-09T09:33:05.768+0000] {subprocess.py:86} INFO - Output:
[2024-03-09T09:33:05.769+0000] {subprocess.py:93} INFO - This is a simple bash command!
[2024-03-09T09:33:05.770+0000] {subprocess.py:97} INFO - Command exited with return code 0
[2024-03-09T09:33:05.859+0000] {taskinstance.py:1138} INFO - Marking task as SUCCESS. dag_id=dag_with_catchup_backfill, task_id=task1, execution_date=20240305T000000, start_date=20240309T093305, end_date=20240309T093305
[2024-03-09T09:33:05.961+0000] {local_task_job_runner.py:234} INFO - Task exited with return code 0
[2024-03-09T09:33:05.990+0000] {taskinstance.py:3280} INFO - 0 downstream tasks scheduled from follow-on schedule check
[2024-03-09T09:43:46.676+0000] {taskinstance.py:1956} INFO - Dependencies all met for dep_context=non-requeueable deps ti=<TaskInstance: dag_with_catchup_backfill.task1 backfill__2024-03-05T00:00:00+00:00 [queued]>
[2024-03-09T09:43:46.696+0000] {taskinstance.py:1956} INFO - Dependencies all met for dep_context=requeueable deps ti=<TaskInstance: dag_with_catchup_backfill.task1 backfill__2024-03-05T00:00:00+00:00 [queued]>
[2024-03-09T09:43:46.696+0000] {taskinstance.py:2170} INFO - Starting attempt 1 of 6
[2024-03-09T09:43:46.755+0000] {taskinstance.py:2191} INFO - Executing <Task(BashOperator): task1> on 2024-03-05 00:00:00+00:00
[2024-03-09T09:43:46.762+0000] {standard_task_runner.py:60} INFO - Started process 775 to run task
[2024-03-09T09:43:46.765+0000] {standard_task_runner.py:87} INFO - Running: ['airflow', 'tasks', 'run', 'dag_with_catchup_backfill', 'task1', 'backfill__2024-03-05T00:00:00+00:00', '--job-id', '24', '--pool', 'default_pool', '--raw', '--subdir', 'DAGS_FOLDER/dag_catchup_backfill.py', '--cfg-path', '/tmp/tmp4umble5x']
[2024-03-09T09:43:46.767+0000] {standard_task_runner.py:88} INFO - Job 24: Subtask task1
[2024-03-09T09:43:46.875+0000] {task_command.py:423} INFO - Running <TaskInstance: dag_with_catchup_backfill.task1 backfill__2024-03-05T00:00:00+00:00 [running]> on host 9286e959ea51
[2024-03-09T09:43:47.349+0000] {taskinstance.py:2480} INFO - Exporting env vars: AIRFLOW_CTX_DAG_OWNER='Prashantvik' AIRFLOW_CTX_DAG_ID='dag_with_catchup_backfill' AIRFLOW_CTX_TASK_ID='task1' AIRFLOW_CTX_EXECUTION_DATE='2024-03-05T00:00:00+00:00' AIRFLOW_CTX_TRY_NUMBER='1' AIRFLOW_CTX_DAG_RUN_ID='backfill__2024-03-05T00:00:00+00:00'
[2024-03-09T09:43:47.351+0000] {subprocess.py:63} INFO - Tmp dir root location: /tmp
[2024-03-09T09:43:47.352+0000] {subprocess.py:75} INFO - Running command: ['/usr/bin/bash', '-c', 'echo This is a simple bash command!']
[2024-03-09T09:43:47.361+0000] {subprocess.py:86} INFO - Output:
[2024-03-09T09:43:47.362+0000] {subprocess.py:93} INFO - This is a simple bash command!
[2024-03-09T09:43:47.363+0000] {subprocess.py:97} INFO - Command exited with return code 0
[2024-03-09T09:43:47.516+0000] {taskinstance.py:1138} INFO - Marking task as SUCCESS. dag_id=dag_with_catchup_backfill, task_id=task1, execution_date=20240305T000000, start_date=20240309T094346, end_date=20240309T094347
[2024-03-09T09:43:47.624+0000] {local_task_job_runner.py:234} INFO - Task exited with return code 0
[2024-03-09T09:43:47.665+0000] {taskinstance.py:3280} INFO - 0 downstream tasks scheduled from follow-on schedule check
