[2024-03-09T09:33:16.787+0000] {taskinstance.py:1956} INFO - Dependencies all met for dep_context=non-requeueable deps ti=<TaskInstance: dag_with_catchup_backfill.task1 backfill__2024-03-09T00:00:00+00:00 [queued]>
[2024-03-09T09:33:16.814+0000] {taskinstance.py:1956} INFO - Dependencies all met for dep_context=requeueable deps ti=<TaskInstance: dag_with_catchup_backfill.task1 backfill__2024-03-09T00:00:00+00:00 [queued]>
[2024-03-09T09:33:16.815+0000] {taskinstance.py:2170} INFO - Starting attempt 1 of 6
[2024-03-09T09:33:16.883+0000] {taskinstance.py:2191} INFO - Executing <Task(BashOperator): task1> on 2024-03-09 00:00:00+00:00
[2024-03-09T09:33:16.888+0000] {standard_task_runner.py:60} INFO - Started process 335 to run task
[2024-03-09T09:33:16.892+0000] {standard_task_runner.py:87} INFO - Running: ['airflow', 'tasks', 'run', 'dag_with_catchup_backfill', 'task1', 'backfill__2024-03-09T00:00:00+00:00', '--job-id', '25', '--pool', 'default_pool', '--raw', '--subdir', 'DAGS_FOLDER/dag_catchup_backfill.py', '--cfg-path', '/tmp/tmpj100nnpo']
[2024-03-09T09:33:16.894+0000] {standard_task_runner.py:88} INFO - Job 25: Subtask task1
[2024-03-09T09:33:17.044+0000] {task_command.py:423} INFO - Running <TaskInstance: dag_with_catchup_backfill.task1 backfill__2024-03-09T00:00:00+00:00 [running]> on host 9286e959ea51
[2024-03-09T09:33:17.375+0000] {taskinstance.py:2480} INFO - Exporting env vars: AIRFLOW_CTX_DAG_OWNER='Prashantvik' AIRFLOW_CTX_DAG_ID='dag_with_catchup_backfill' AIRFLOW_CTX_TASK_ID='task1' AIRFLOW_CTX_EXECUTION_DATE='2024-03-09T00:00:00+00:00' AIRFLOW_CTX_TRY_NUMBER='1' AIRFLOW_CTX_DAG_RUN_ID='backfill__2024-03-09T00:00:00+00:00'
[2024-03-09T09:33:17.377+0000] {subprocess.py:63} INFO - Tmp dir root location: /tmp
[2024-03-09T09:33:17.378+0000] {subprocess.py:75} INFO - Running command: ['/usr/bin/bash', '-c', 'echo This is a simple bash command!']
[2024-03-09T09:33:17.385+0000] {subprocess.py:86} INFO - Output:
[2024-03-09T09:33:17.386+0000] {subprocess.py:93} INFO - This is a simple bash command!
[2024-03-09T09:33:17.387+0000] {subprocess.py:97} INFO - Command exited with return code 0
[2024-03-09T09:33:17.463+0000] {taskinstance.py:1138} INFO - Marking task as SUCCESS. dag_id=dag_with_catchup_backfill, task_id=task1, execution_date=20240309T000000, start_date=20240309T093316, end_date=20240309T093317
[2024-03-09T09:33:17.548+0000] {local_task_job_runner.py:234} INFO - Task exited with return code 0
[2024-03-09T09:33:17.587+0000] {taskinstance.py:3280} INFO - 0 downstream tasks scheduled from follow-on schedule check
[2024-03-09T09:44:02.649+0000] {taskinstance.py:1956} INFO - Dependencies all met for dep_context=non-requeueable deps ti=<TaskInstance: dag_with_catchup_backfill.task1 backfill__2024-03-09T00:00:00+00:00 [queued]>
[2024-03-09T09:44:02.669+0000] {taskinstance.py:1956} INFO - Dependencies all met for dep_context=requeueable deps ti=<TaskInstance: dag_with_catchup_backfill.task1 backfill__2024-03-09T00:00:00+00:00 [queued]>
[2024-03-09T09:44:02.670+0000] {taskinstance.py:2170} INFO - Starting attempt 1 of 6
[2024-03-09T09:44:02.730+0000] {taskinstance.py:2191} INFO - Executing <Task(BashOperator): task1> on 2024-03-09 00:00:00+00:00
[2024-03-09T09:44:02.736+0000] {standard_task_runner.py:60} INFO - Started process 853 to run task
[2024-03-09T09:44:02.739+0000] {standard_task_runner.py:87} INFO - Running: ['airflow', 'tasks', 'run', 'dag_with_catchup_backfill', 'task1', 'backfill__2024-03-09T00:00:00+00:00', '--job-id', '28', '--pool', 'default_pool', '--raw', '--subdir', 'DAGS_FOLDER/dag_catchup_backfill.py', '--cfg-path', '/tmp/tmpe5ivcx9y']
[2024-03-09T09:44:02.742+0000] {standard_task_runner.py:88} INFO - Job 28: Subtask task1
[2024-03-09T09:44:02.907+0000] {task_command.py:423} INFO - Running <TaskInstance: dag_with_catchup_backfill.task1 backfill__2024-03-09T00:00:00+00:00 [running]> on host 9286e959ea51
[2024-03-09T09:44:03.170+0000] {taskinstance.py:2480} INFO - Exporting env vars: AIRFLOW_CTX_DAG_OWNER='Prashantvik' AIRFLOW_CTX_DAG_ID='dag_with_catchup_backfill' AIRFLOW_CTX_TASK_ID='task1' AIRFLOW_CTX_EXECUTION_DATE='2024-03-09T00:00:00+00:00' AIRFLOW_CTX_TRY_NUMBER='1' AIRFLOW_CTX_DAG_RUN_ID='backfill__2024-03-09T00:00:00+00:00'
[2024-03-09T09:44:03.171+0000] {subprocess.py:63} INFO - Tmp dir root location: /tmp
[2024-03-09T09:44:03.173+0000] {subprocess.py:75} INFO - Running command: ['/usr/bin/bash', '-c', 'echo This is a simple bash command!']
[2024-03-09T09:44:03.185+0000] {subprocess.py:86} INFO - Output:
[2024-03-09T09:44:03.186+0000] {subprocess.py:93} INFO - This is a simple bash command!
[2024-03-09T09:44:03.187+0000] {subprocess.py:97} INFO - Command exited with return code 0
[2024-03-09T09:44:03.271+0000] {taskinstance.py:1138} INFO - Marking task as SUCCESS. dag_id=dag_with_catchup_backfill, task_id=task1, execution_date=20240309T000000, start_date=20240309T094402, end_date=20240309T094403
[2024-03-09T09:44:03.356+0000] {local_task_job_runner.py:234} INFO - Task exited with return code 0
[2024-03-09T09:44:03.388+0000] {taskinstance.py:3280} INFO - 0 downstream tasks scheduled from follow-on schedule check
