[2024-03-09T09:33:01.115+0000] {taskinstance.py:1956} INFO - Dependencies all met for dep_context=non-requeueable deps ti=<TaskInstance: dag_with_catchup_backfill.task1 backfill__2024-03-04T00:00:00+00:00 [queued]>
[2024-03-09T09:33:01.135+0000] {taskinstance.py:1956} INFO - Dependencies all met for dep_context=requeueable deps ti=<TaskInstance: dag_with_catchup_backfill.task1 backfill__2024-03-04T00:00:00+00:00 [queued]>
[2024-03-09T09:33:01.136+0000] {taskinstance.py:2170} INFO - Starting attempt 1 of 6
[2024-03-09T09:33:01.214+0000] {taskinstance.py:2191} INFO - Executing <Task(BashOperator): task1> on 2024-03-04 00:00:00+00:00
[2024-03-09T09:33:01.218+0000] {standard_task_runner.py:60} INFO - Started process 255 to run task
[2024-03-09T09:33:01.221+0000] {standard_task_runner.py:87} INFO - Running: ['airflow', 'tasks', 'run', 'dag_with_catchup_backfill', 'task1', 'backfill__2024-03-04T00:00:00+00:00', '--job-id', '21', '--pool', 'default_pool', '--raw', '--subdir', 'DAGS_FOLDER/dag_catchup_backfill.py', '--cfg-path', '/tmp/tmp5a0c3st5']
[2024-03-09T09:33:01.224+0000] {standard_task_runner.py:88} INFO - Job 21: Subtask task1
[2024-03-09T09:33:01.351+0000] {task_command.py:423} INFO - Running <TaskInstance: dag_with_catchup_backfill.task1 backfill__2024-03-04T00:00:00+00:00 [running]> on host 9286e959ea51
[2024-03-09T09:33:01.578+0000] {taskinstance.py:2480} INFO - Exporting env vars: AIRFLOW_CTX_DAG_OWNER='Prashantvik' AIRFLOW_CTX_DAG_ID='dag_with_catchup_backfill' AIRFLOW_CTX_TASK_ID='task1' AIRFLOW_CTX_EXECUTION_DATE='2024-03-04T00:00:00+00:00' AIRFLOW_CTX_TRY_NUMBER='1' AIRFLOW_CTX_DAG_RUN_ID='backfill__2024-03-04T00:00:00+00:00'
[2024-03-09T09:33:01.580+0000] {subprocess.py:63} INFO - Tmp dir root location: /tmp
[2024-03-09T09:33:01.582+0000] {subprocess.py:75} INFO - Running command: ['/usr/bin/bash', '-c', 'echo This is a simple bash command!']
[2024-03-09T09:33:01.591+0000] {subprocess.py:86} INFO - Output:
[2024-03-09T09:33:01.593+0000] {subprocess.py:93} INFO - This is a simple bash command!
[2024-03-09T09:33:01.593+0000] {subprocess.py:97} INFO - Command exited with return code 0
[2024-03-09T09:33:01.716+0000] {taskinstance.py:1138} INFO - Marking task as SUCCESS. dag_id=dag_with_catchup_backfill, task_id=task1, execution_date=20240304T000000, start_date=20240309T093301, end_date=20240309T093301
[2024-03-09T09:33:01.839+0000] {local_task_job_runner.py:234} INFO - Task exited with return code 0
[2024-03-09T09:33:01.887+0000] {taskinstance.py:3280} INFO - 0 downstream tasks scheduled from follow-on schedule check
[2024-03-09T09:43:42.593+0000] {taskinstance.py:1956} INFO - Dependencies all met for dep_context=non-requeueable deps ti=<TaskInstance: dag_with_catchup_backfill.task1 backfill__2024-03-04T00:00:00+00:00 [queued]>
[2024-03-09T09:43:42.619+0000] {taskinstance.py:1956} INFO - Dependencies all met for dep_context=requeueable deps ti=<TaskInstance: dag_with_catchup_backfill.task1 backfill__2024-03-04T00:00:00+00:00 [queued]>
[2024-03-09T09:43:42.620+0000] {taskinstance.py:2170} INFO - Starting attempt 1 of 6
[2024-03-09T09:43:42.686+0000] {taskinstance.py:2191} INFO - Executing <Task(BashOperator): task1> on 2024-03-04 00:00:00+00:00
[2024-03-09T09:43:42.691+0000] {standard_task_runner.py:60} INFO - Started process 756 to run task
[2024-03-09T09:43:42.695+0000] {standard_task_runner.py:87} INFO - Running: ['airflow', 'tasks', 'run', 'dag_with_catchup_backfill', 'task1', 'backfill__2024-03-04T00:00:00+00:00', '--job-id', '23', '--pool', 'default_pool', '--raw', '--subdir', 'DAGS_FOLDER/dag_catchup_backfill.py', '--cfg-path', '/tmp/tmp1vta6m6n']
[2024-03-09T09:43:42.697+0000] {standard_task_runner.py:88} INFO - Job 23: Subtask task1
[2024-03-09T09:43:42.892+0000] {task_command.py:423} INFO - Running <TaskInstance: dag_with_catchup_backfill.task1 backfill__2024-03-04T00:00:00+00:00 [running]> on host 9286e959ea51
[2024-03-09T09:43:43.183+0000] {taskinstance.py:2480} INFO - Exporting env vars: AIRFLOW_CTX_DAG_OWNER='Prashantvik' AIRFLOW_CTX_DAG_ID='dag_with_catchup_backfill' AIRFLOW_CTX_TASK_ID='task1' AIRFLOW_CTX_EXECUTION_DATE='2024-03-04T00:00:00+00:00' AIRFLOW_CTX_TRY_NUMBER='1' AIRFLOW_CTX_DAG_RUN_ID='backfill__2024-03-04T00:00:00+00:00'
[2024-03-09T09:43:43.186+0000] {subprocess.py:63} INFO - Tmp dir root location: /tmp
[2024-03-09T09:43:43.189+0000] {subprocess.py:75} INFO - Running command: ['/usr/bin/bash', '-c', 'echo This is a simple bash command!']
[2024-03-09T09:43:43.200+0000] {subprocess.py:86} INFO - Output:
[2024-03-09T09:43:43.212+0000] {subprocess.py:93} INFO - This is a simple bash command!
[2024-03-09T09:43:43.213+0000] {subprocess.py:97} INFO - Command exited with return code 0
[2024-03-09T09:43:43.325+0000] {taskinstance.py:1138} INFO - Marking task as SUCCESS. dag_id=dag_with_catchup_backfill, task_id=task1, execution_date=20240304T000000, start_date=20240309T094342, end_date=20240309T094343
[2024-03-09T09:43:43.432+0000] {local_task_job_runner.py:234} INFO - Task exited with return code 0
[2024-03-09T09:43:43.499+0000] {taskinstance.py:3280} INFO - 0 downstream tasks scheduled from follow-on schedule check
