[2024-03-09T17:05:00.423+0000] {taskinstance.py:1956} INFO - Dependencies all met for dep_context=non-requeueable deps ti=<TaskInstance: download_rocket_launches.download_launches scheduled__2024-03-08T00:00:00+00:00 [queued]>
[2024-03-09T17:05:00.545+0000] {taskinstance.py:1956} INFO - Dependencies all met for dep_context=requeueable deps ti=<TaskInstance: download_rocket_launches.download_launches scheduled__2024-03-08T00:00:00+00:00 [queued]>
[2024-03-09T17:05:00.546+0000] {taskinstance.py:2170} INFO - Starting attempt 1 of 6
[2024-03-09T17:05:00.773+0000] {taskinstance.py:2191} INFO - Executing <Task(BashOperator): download_launches> on 2024-03-08 00:00:00+00:00
[2024-03-09T17:05:00.778+0000] {standard_task_runner.py:60} INFO - Started process 359 to run task
[2024-03-09T17:05:00.782+0000] {standard_task_runner.py:87} INFO - Running: ['airflow', 'tasks', 'run', 'download_rocket_launches', 'download_launches', 'scheduled__2024-03-08T00:00:00+00:00', '--job-id', '43', '--raw', '--subdir', 'DAGS_FOLDER/airflow_book.py', '--cfg-path', '/tmp/tmpxaaett35']
[2024-03-09T17:05:00.787+0000] {standard_task_runner.py:88} INFO - Job 43: Subtask download_launches
[2024-03-09T17:05:01.784+0000] {task_command.py:423} INFO - Running <TaskInstance: download_rocket_launches.download_launches scheduled__2024-03-08T00:00:00+00:00 [running]> on host aa112d607e6c
[2024-03-09T17:05:02.146+0000] {taskinstance.py:2480} INFO - Exporting env vars: AIRFLOW_CTX_DAG_OWNER='Prashantvik' AIRFLOW_CTX_DAG_ID='download_rocket_launches' AIRFLOW_CTX_TASK_ID='download_launches' AIRFLOW_CTX_EXECUTION_DATE='2024-03-08T00:00:00+00:00' AIRFLOW_CTX_TRY_NUMBER='1' AIRFLOW_CTX_DAG_RUN_ID='scheduled__2024-03-08T00:00:00+00:00'
[2024-03-09T17:05:02.148+0000] {subprocess.py:63} INFO - Tmp dir root location: /tmp
[2024-03-09T17:05:02.151+0000] {subprocess.py:75} INFO - Running command: ['/usr/bin/bash', '-c', "curl -o /tmp/launches.json -L 'https://ll.thespacedevs.com/2.0.0/launch/upcoming'"]
[2024-03-09T17:05:02.162+0000] {subprocess.py:86} INFO - Output:
[2024-03-09T17:05:02.177+0000] {subprocess.py:93} INFO -   % Total    % Received % Xferd  Average Speed   Time    Time     Time  Current
[2024-03-09T17:05:02.178+0000] {subprocess.py:93} INFO -                                  Dload  Upload   Total   Spent    Left  Speed
[2024-03-09T17:05:03.233+0000] {subprocess.py:93} INFO -   0     0    0     0    0     0      0      0 --:--:-- --:--:-- --:--:--     0  0     0    0     0    0     0      0      0 --:--:--  0:00:01 --:--:--     0  0     0    0     0    0     0      0      0 --:--:--  0:00:01 --:--:--     0
[2024-03-09T17:05:03.876+0000] {subprocess.py:93} INFO - 100 27243  100 27243    0     0  16029      0  0:00:01  0:00:01 --:--:-- 16029
[2024-03-09T17:05:03.881+0000] {subprocess.py:97} INFO - Command exited with return code 0
[2024-03-09T17:05:03.939+0000] {taskinstance.py:1138} INFO - Marking task as SUCCESS. dag_id=download_rocket_launches, task_id=download_launches, execution_date=20240308T000000, start_date=20240309T170500, end_date=20240309T170503
[2024-03-09T17:05:04.020+0000] {local_task_job_runner.py:234} INFO - Task exited with return code 0
[2024-03-09T17:05:04.072+0000] {taskinstance.py:3280} INFO - 1 downstream tasks scheduled from follow-on schedule check
